{"C:\\Users\\eikef\\OneDrive\\Documentos\\projects\\quiz-dev\\backend\\index.js": {"path":"C:\\Users\\eikef\\OneDrive\\Documentos\\projects\\quiz-dev\\backend\\index.js","statementMap":{"0":{"start":{"line":1,"column":15},"end":{"line":1,"column":34}},"1":{"start":{"line":4,"column":15},"end":{"line":4,"column":27}},"2":{"start":{"line":5,"column":0},"end":{"line":5,"column":15}}},"fnMap":{},"branchMap":{},"s":{"0":1,"1":1,"2":1},"f":{},"b":{},"_coverageSchema":"1a1c01bbd47fc00a2c39e90264f33305004495a9","hash":"3216886d5dfac7bf6700118e1efbefd6c12a064f"}
,"C:\\Users\\eikef\\OneDrive\\Documentos\\projects\\quiz-dev\\backend\\server.js": {"path":"C:\\Users\\eikef\\OneDrive\\Documentos\\projects\\quiz-dev\\backend\\server.js","statementMap":{"0":{"start":{"line":1,"column":0},"end":{"line":1,"column":27}},"1":{"start":{"line":2,"column":16},"end":{"line":2,"column":34}},"2":{"start":{"line":3,"column":13},"end":{"line":3,"column":28}},"3":{"start":{"line":4,"column":15},"end":{"line":4,"column":32}},"4":{"start":{"line":5,"column":22},"end":{"line":5,"column":55}},"5":{"start":{"line":6,"column":24},"end":{"line":6,"column":59}},"6":{"start":{"line":7,"column":15},"end":{"line":7,"column":37}},"7":{"start":{"line":8,"column":18},"end":{"line":8,"column":47}},"8":{"start":{"line":9,"column":20},"end":{"line":9,"column":54}},"9":{"start":{"line":15,"column":8},"end":{"line":15,"column":29}},"10":{"start":{"line":16,"column":8},"end":{"line":16,"column":44}},"11":{"start":{"line":17,"column":8},"end":{"line":17,"column":34}},"12":{"start":{"line":18,"column":8},"end":{"line":18,"column":21}},"13":{"start":{"line":23,"column":8},"end":{"line":23,"column":37}},"14":{"start":{"line":24,"column":31},"end":{"line":27,"column":28}},"15":{"start":{"line":26,"column":29},"end":{"line":26,"column":42}},"16":{"start":{"line":28,"column":28},"end":{"line":38,"column":23}},"17":{"start":{"line":31,"column":20},"end":{"line":33,"column":21}},"18":{"start":{"line":32,"column":24},"end":{"line":32,"column":52}},"19":{"start":{"line":34,"column":20},"end":{"line":34,"column":70}},"20":{"start":{"line":39,"column":8},"end":{"line":39,"column":40}},"21":{"start":{"line":40,"column":8},"end":{"line":40,"column":36}},"22":{"start":{"line":41,"column":8},"end":{"line":41,"column":81}},"23":{"start":{"line":45,"column":8},"end":{"line":45,"column":53}},"24":{"start":{"line":46,"column":8},"end":{"line":46,"column":56}},"25":{"start":{"line":48,"column":12},"end":{"line":50,"column":11}},"26":{"start":{"line":49,"column":12},"end":{"line":49,"column":55}},"27":{"start":{"line":52,"column":8},"end":{"line":55,"column":11}},"28":{"start":{"line":53,"column":12},"end":{"line":53,"column":37}},"29":{"start":{"line":54,"column":12},"end":{"line":54,"column":76}},"30":{"start":{"line":61,"column":8},"end":{"line":67,"column":9}},"31":{"start":{"line":62,"column":12},"end":{"line":62,"column":52}},"32":{"start":{"line":63,"column":12},"end":{"line":63,"column":27}},"33":{"start":{"line":64,"column":12},"end":{"line":64,"column":54}},"34":{"start":{"line":66,"column":12},"end":{"line":66,"column":59}},"35":{"start":{"line":71,"column":4},"end":{"line":80,"column":5}},"36":{"start":{"line":72,"column":6},"end":{"line":72,"column":26}},"37":{"start":{"line":73,"column":6},"end":{"line":76,"column":9}},"38":{"start":{"line":74,"column":8},"end":{"line":74,"column":62}},"39":{"start":{"line":75,"column":8},"end":{"line":75,"column":84}},"40":{"start":{"line":78,"column":6},"end":{"line":78,"column":67}},"41":{"start":{"line":79,"column":6},"end":{"line":79,"column":22}},"42":{"start":{"line":83,"column":0},"end":{"line":83,"column":24}}},"fnMap":{"0":{"name":"(anonymous_0)","decl":{"start":{"line":14,"column":4},"end":{"line":14,"column":5}},"loc":{"start":{"line":14,"column":18},"end":{"line":19,"column":5}},"line":14},"1":{"name":"(anonymous_1)","decl":{"start":{"line":22,"column":4},"end":{"line":22,"column":5}},"loc":{"start":{"line":22,"column":26},"end":{"line":42,"column":9}},"line":22},"2":{"name":"(anonymous_2)","decl":{"start":{"line":26,"column":17},"end":{"line":26,"column":18}},"loc":{"start":{"line":26,"column":29},"end":{"line":26,"column":42}},"line":26},"3":{"name":"(anonymous_3)","decl":{"start":{"line":30,"column":24},"end":{"line":30,"column":25}},"loc":{"start":{"line":30,"column":46},"end":{"line":35,"column":17}},"line":30},"4":{"name":"(anonymous_4)","decl":{"start":{"line":44,"column":4},"end":{"line":44,"column":5}},"loc":{"start":{"line":44,"column":13},"end":{"line":58,"column":5}},"line":44},"5":{"name":"(anonymous_5)","decl":{"start":{"line":48,"column":30},"end":{"line":48,"column":31}},"loc":{"start":{"line":48,"column":44},"end":{"line":50,"column":9}},"line":48},"6":{"name":"(anonymous_6)","decl":{"start":{"line":52,"column":21},"end":{"line":52,"column":22}},"loc":{"start":{"line":52,"column":46},"end":{"line":55,"column":9}},"line":52},"7":{"name":"(anonymous_7)","decl":{"start":{"line":60,"column":4},"end":{"line":60,"column":5}},"loc":{"start":{"line":60,"column":19},"end":{"line":68,"column":5}},"line":60},"8":{"name":"(anonymous_8)","decl":{"start":{"line":70,"column":4},"end":{"line":70,"column":5}},"loc":{"start":{"line":70,"column":18},"end":{"line":81,"column":3}},"line":70},"9":{"name":"(anonymous_9)","decl":{"start":{"line":73,"column":33},"end":{"line":73,"column":34}},"loc":{"start":{"line":73,"column":39},"end":{"line":76,"column":7}},"line":73}},"branchMap":{"0":{"loc":{"start":{"line":16,"column":20},"end":{"line":16,"column":44}},"type":"binary-expr","locations":[{"start":{"line":16,"column":20},"end":{"line":16,"column":36}},{"start":{"line":16,"column":40},"end":{"line":16,"column":44}}],"line":16},"1":{"loc":{"start":{"line":24,"column":32},"end":{"line":24,"column":62}},"type":"binary-expr","locations":[{"start":{"line":24,"column":32},"end":{"line":24,"column":56}},{"start":{"line":24,"column":60},"end":{"line":24,"column":62}}],"line":24},"2":{"loc":{"start":{"line":28,"column":28},"end":{"line":38,"column":23}},"type":"cond-expr","locations":[{"start":{"line":29,"column":14},"end":{"line":37,"column":13}},{"start":{"line":38,"column":14},"end":{"line":38,"column":23}}],"line":28},"3":{"loc":{"start":{"line":31,"column":20},"end":{"line":33,"column":21}},"type":"if","locations":[{"start":{"line":31,"column":20},"end":{"line":33,"column":21}},{"start":{},"end":{}}],"line":31},"4":{"loc":{"start":{"line":31,"column":24},"end":{"line":31,"column":66}},"type":"binary-expr","locations":[{"start":{"line":31,"column":24},"end":{"line":31,"column":31}},{"start":{"line":31,"column":35},"end":{"line":31,"column":66}}],"line":31}},"s":{"0":3,"1":3,"2":3,"3":3,"4":3,"5":3,"6":3,"7":3,"8":3,"9":6,"10":6,"11":6,"12":6,"13":6,"14":6,"15":6,"16":6,"17":0,"18":0,"19":0,"20":6,"21":6,"22":6,"23":6,"24":6,"25":6,"26":1,"27":6,"28":0,"29":0,"30":1,"31":1,"32":1,"33":1,"34":0,"35":2,"36":2,"37":1,"38":1,"39":1,"40":1,"41":1,"42":3},"f":{"0":6,"1":6,"2":6,"3":0,"4":6,"5":1,"6":0,"7":1,"8":2,"9":1},"b":{"0":[6,5],"1":[6,6],"2":[0,6],"3":[0,0],"4":[0,0]},"_coverageSchema":"1a1c01bbd47fc00a2c39e90264f33305004495a9","hash":"3ffeca57a0f0e97717ab4e3b644631b0bb4cd48c"}
,"C:\\Users\\eikef\\OneDrive\\Documentos\\projects\\quiz-dev\\backend\\controllers\\perguntasController.js": {"path":"C:\\Users\\eikef\\OneDrive\\Documentos\\projects\\quiz-dev\\backend\\controllers\\perguntasController.js","statementMap":{"0":{"start":{"line":1,"column":25},"end":{"line":1,"column":64}},"1":{"start":{"line":5,"column":8},"end":{"line":5,"column":55}},"2":{"start":{"line":8,"column":19},"end":{"line":15,"column":5}},"3":{"start":{"line":9,"column":8},"end":{"line":14,"column":9}},"4":{"start":{"line":10,"column":30},"end":{"line":10,"column":72}},"5":{"start":{"line":11,"column":12},"end":{"line":11,"column":32}},"6":{"start":{"line":13,"column":12},"end":{"line":13,"column":24}},"7":{"start":{"line":17,"column":22},"end":{"line":25,"column":5}},"8":{"start":{"line":18,"column":8},"end":{"line":24,"column":9}},"9":{"start":{"line":19,"column":29},"end":{"line":19,"column":87}},"10":{"start":{"line":20,"column":12},"end":{"line":20,"column":93}},"11":{"start":{"line":20,"column":27},"end":{"line":20,"column":93}},"12":{"start":{"line":21,"column":12},"end":{"line":21,"column":31}},"13":{"start":{"line":23,"column":12},"end":{"line":23,"column":24}},"14":{"start":{"line":27,"column":30},"end":{"line":37,"column":5}},"15":{"start":{"line":28,"column":8},"end":{"line":36,"column":9}},"16":{"start":{"line":29,"column":30},"end":{"line":29,"column":49}},"17":{"start":{"line":30,"column":12},"end":{"line":30,"column":94}},"18":{"start":{"line":30,"column":28},"end":{"line":30,"column":94}},"19":{"start":{"line":31,"column":30},"end":{"line":31,"column":92}},"20":{"start":{"line":32,"column":12},"end":{"line":32,"column":130}},"21":{"start":{"line":32,"column":40},"end":{"line":32,"column":130}},"22":{"start":{"line":33,"column":12},"end":{"line":33,"column":32}},"23":{"start":{"line":35,"column":12},"end":{"line":35,"column":24}},"24":{"start":{"line":38,"column":21},"end":{"line":45,"column":5}},"25":{"start":{"line":39,"column":8},"end":{"line":44,"column":9}},"26":{"start":{"line":40,"column":29},"end":{"line":40,"column":81}},"27":{"start":{"line":41,"column":12},"end":{"line":41,"column":43}},"28":{"start":{"line":43,"column":12},"end":{"line":43,"column":24}},"29":{"start":{"line":47,"column":21},"end":{"line":55,"column":5}},"30":{"start":{"line":48,"column":8},"end":{"line":54,"column":9}},"31":{"start":{"line":49,"column":29},"end":{"line":49,"column":96}},"32":{"start":{"line":50,"column":12},"end":{"line":50,"column":93}},"33":{"start":{"line":50,"column":27},"end":{"line":50,"column":93}},"34":{"start":{"line":51,"column":12},"end":{"line":51,"column":31}},"35":{"start":{"line":53,"column":12},"end":{"line":53,"column":24}},"36":{"start":{"line":57,"column":21},"end":{"line":65,"column":5}},"37":{"start":{"line":58,"column":8},"end":{"line":64,"column":9}},"38":{"start":{"line":59,"column":29},"end":{"line":59,"column":86}},"39":{"start":{"line":60,"column":12},"end":{"line":60,"column":93}},"40":{"start":{"line":60,"column":27},"end":{"line":60,"column":93}},"41":{"start":{"line":61,"column":12},"end":{"line":61,"column":31}},"42":{"start":{"line":63,"column":12},"end":{"line":63,"column":24}},"43":{"start":{"line":68,"column":0},"end":{"line":68,"column":42}}},"fnMap":{"0":{"name":"(anonymous_0)","decl":{"start":{"line":4,"column":4},"end":{"line":4,"column":5}},"loc":{"start":{"line":4,"column":18},"end":{"line":6,"column":5}},"line":4},"1":{"name":"(anonymous_1)","decl":{"start":{"line":8,"column":19},"end":{"line":8,"column":20}},"loc":{"start":{"line":8,"column":45},"end":{"line":15,"column":5}},"line":8},"2":{"name":"(anonymous_2)","decl":{"start":{"line":17,"column":22},"end":{"line":17,"column":23}},"loc":{"start":{"line":17,"column":48},"end":{"line":25,"column":5}},"line":17},"3":{"name":"(anonymous_3)","decl":{"start":{"line":27,"column":30},"end":{"line":27,"column":31}},"loc":{"start":{"line":27,"column":56},"end":{"line":37,"column":5}},"line":27},"4":{"name":"(anonymous_4)","decl":{"start":{"line":38,"column":21},"end":{"line":38,"column":22}},"loc":{"start":{"line":38,"column":47},"end":{"line":45,"column":5}},"line":38},"5":{"name":"(anonymous_5)","decl":{"start":{"line":47,"column":21},"end":{"line":47,"column":22}},"loc":{"start":{"line":47,"column":47},"end":{"line":55,"column":5}},"line":47},"6":{"name":"(anonymous_6)","decl":{"start":{"line":57,"column":21},"end":{"line":57,"column":22}},"loc":{"start":{"line":57,"column":47},"end":{"line":65,"column":5}},"line":57}},"branchMap":{"0":{"loc":{"start":{"line":20,"column":12},"end":{"line":20,"column":93}},"type":"if","locations":[{"start":{"line":20,"column":12},"end":{"line":20,"column":93}},{"start":{},"end":{}}],"line":20},"1":{"loc":{"start":{"line":30,"column":12},"end":{"line":30,"column":94}},"type":"if","locations":[{"start":{"line":30,"column":12},"end":{"line":30,"column":94}},{"start":{},"end":{}}],"line":30},"2":{"loc":{"start":{"line":32,"column":12},"end":{"line":32,"column":130}},"type":"if","locations":[{"start":{"line":32,"column":12},"end":{"line":32,"column":130}},{"start":{},"end":{}}],"line":32},"3":{"loc":{"start":{"line":50,"column":12},"end":{"line":50,"column":93}},"type":"if","locations":[{"start":{"line":50,"column":12},"end":{"line":50,"column":93}},{"start":{},"end":{}}],"line":50},"4":{"loc":{"start":{"line":60,"column":12},"end":{"line":60,"column":93}},"type":"if","locations":[{"start":{"line":60,"column":12},"end":{"line":60,"column":93}},{"start":{},"end":{}}],"line":60}},"s":{"0":13,"1":13,"2":13,"3":2,"4":2,"5":2,"6":0,"7":13,"8":4,"9":4,"10":4,"11":2,"12":2,"13":0,"14":13,"15":5,"16":5,"17":5,"18":2,"19":3,"20":3,"21":2,"22":1,"23":0,"24":13,"25":2,"26":2,"27":2,"28":0,"29":13,"30":2,"31":2,"32":2,"33":1,"34":1,"35":0,"36":13,"37":2,"38":2,"39":2,"40":1,"41":1,"42":0,"43":13},"f":{"0":13,"1":2,"2":4,"3":5,"4":2,"5":2,"6":2},"b":{"0":[2,2],"1":[2,3],"2":[2,1],"3":[1,1],"4":[1,1]},"_coverageSchema":"1a1c01bbd47fc00a2c39e90264f33305004495a9","hash":"84df77984f843a35127a5552ae888807eb7f630c"}
,"C:\\Users\\eikef\\OneDrive\\Documentos\\projects\\quiz-dev\\backend\\controllers\\usuarioController.js": {"path":"C:\\Users\\eikef\\OneDrive\\Documentos\\projects\\quiz-dev\\backend\\controllers\\usuarioController.js","statementMap":{"0":{"start":{"line":2,"column":23},"end":{"line":2,"column":60}},"1":{"start":{"line":3,"column":19},"end":{"line":3,"column":52}},"2":{"start":{"line":4,"column":20},"end":{"line":4,"column":54}},"3":{"start":{"line":8,"column":8},"end":{"line":14,"column":9}},"4":{"start":{"line":9,"column":29},"end":{"line":9,"column":58}},"5":{"start":{"line":10,"column":12},"end":{"line":10,"column":43}},"6":{"start":{"line":12,"column":12},"end":{"line":12,"column":60}},"7":{"start":{"line":13,"column":12},"end":{"line":13,"column":69}},"8":{"start":{"line":18,"column":8},"end":{"line":30,"column":9}},"9":{"start":{"line":19,"column":27},"end":{"line":19,"column":37}},"10":{"start":{"line":20,"column":29},"end":{"line":20,"column":61}},"11":{"start":{"line":22,"column":12},"end":{"line":24,"column":13}},"12":{"start":{"line":23,"column":16},"end":{"line":23,"column":81}},"13":{"start":{"line":26,"column":12},"end":{"line":26,"column":43}},"14":{"start":{"line":28,"column":12},"end":{"line":28,"column":59}},"15":{"start":{"line":29,"column":12},"end":{"line":29,"column":70}},"16":{"start":{"line":34,"column":8},"end":{"line":48,"column":9}},"17":{"start":{"line":35,"column":28},"end":{"line":35,"column":36}},"18":{"start":{"line":36,"column":29},"end":{"line":36,"column":65}},"19":{"start":{"line":37,"column":26},"end":{"line":40,"column":13}},"20":{"start":{"line":41,"column":12},"end":{"line":41,"column":107}},"21":{"start":{"line":43,"column":12},"end":{"line":45,"column":13}},"22":{"start":{"line":44,"column":16},"end":{"line":44,"column":76}},"23":{"start":{"line":46,"column":12},"end":{"line":46,"column":58}},"24":{"start":{"line":47,"column":12},"end":{"line":47,"column":74}},"25":{"start":{"line":52,"column":8},"end":{"line":67,"column":9}},"26":{"start":{"line":53,"column":27},"end":{"line":53,"column":37}},"27":{"start":{"line":54,"column":29},"end":{"line":54,"column":37}},"28":{"start":{"line":55,"column":38},"end":{"line":55,"column":78}},"29":{"start":{"line":56,"column":12},"end":{"line":58,"column":13}},"30":{"start":{"line":57,"column":16},"end":{"line":57,"column":81}},"31":{"start":{"line":59,"column":12},"end":{"line":59,"column":113}},"32":{"start":{"line":61,"column":12},"end":{"line":61,"column":62}},"33":{"start":{"line":63,"column":12},"end":{"line":65,"column":13}},"34":{"start":{"line":64,"column":16},"end":{"line":64,"column":69}},"35":{"start":{"line":66,"column":12},"end":{"line":66,"column":78}},"36":{"start":{"line":71,"column":8},"end":{"line":83,"column":9}},"37":{"start":{"line":72,"column":27},"end":{"line":72,"column":37}},"38":{"start":{"line":73,"column":36},"end":{"line":73,"column":67}},"39":{"start":{"line":75,"column":12},"end":{"line":77,"column":13}},"40":{"start":{"line":76,"column":16},"end":{"line":76,"column":96}},"41":{"start":{"line":79,"column":12},"end":{"line":79,"column":111}},"42":{"start":{"line":81,"column":12},"end":{"line":81,"column":61}},"43":{"start":{"line":82,"column":12},"end":{"line":82,"column":76}},"44":{"start":{"line":87,"column":8},"end":{"line":96,"column":13}},"45":{"start":{"line":88,"column":30},"end":{"line":88,"column":38}},"46":{"start":{"line":89,"column":16},"end":{"line":91,"column":17}},"47":{"start":{"line":90,"column":20},"end":{"line":90,"column":80}},"48":{"start":{"line":92,"column":16},"end":{"line":92,"column":53}},"49":{"start":{"line":93,"column":16},"end":{"line":93,"column":81}},"50":{"start":{"line":95,"column":16},"end":{"line":95,"column":79}},"51":{"start":{"line":99,"column":8},"end":{"line":105,"column":9}},"52":{"start":{"line":100,"column":79},"end":{"line":100,"column":87}},"53":{"start":{"line":101,"column":28},"end":{"line":101,"column":113}},"54":{"start":{"line":102,"column":12},"end":{"line":102,"column":52}},"55":{"start":{"line":104,"column":12},"end":{"line":104,"column":81}},"56":{"start":{"line":108,"column":8},"end":{"line":119,"column":9}},"57":{"start":{"line":109,"column":40},"end":{"line":109,"column":48}},"58":{"start":{"line":111,"column":12},"end":{"line":113,"column":13}},"59":{"start":{"line":112,"column":16},"end":{"line":112,"column":92}},"60":{"start":{"line":114,"column":27},"end":{"line":114,"column":72}},"61":{"start":{"line":115,"column":12},"end":{"line":115,"column":41}},"62":{"start":{"line":118,"column":12},"end":{"line":118,"column":103}},"63":{"start":{"line":123,"column":8},"end":{"line":152,"column":9}},"64":{"start":{"line":124,"column":27},"end":{"line":124,"column":37}},"65":{"start":{"line":125,"column":50},"end":{"line":125,"column":58}},"66":{"start":{"line":127,"column":12},"end":{"line":129,"column":13}},"67":{"start":{"line":128,"column":16},"end":{"line":128,"column":102}},"68":{"start":{"line":131,"column":12},"end":{"line":133,"column":13}},"69":{"start":{"line":132,"column":16},"end":{"line":132,"column":72}},"70":{"start":{"line":135,"column":38},"end":{"line":140,"column":13}},"71":{"start":{"line":142,"column":12},"end":{"line":144,"column":13}},"72":{"start":{"line":143,"column":16},"end":{"line":143,"column":81}},"73":{"start":{"line":146,"column":12},"end":{"line":149,"column":15}},"74":{"start":{"line":151,"column":12},"end":{"line":151,"column":115}},"75":{"start":{"line":156,"column":0},"end":{"line":156,"column":41}}},"fnMap":{"0":{"name":"(anonymous_0)","decl":{"start":{"line":7,"column":4},"end":{"line":7,"column":5}},"loc":{"start":{"line":7,"column":27},"end":{"line":15,"column":5}},"line":7},"1":{"name":"(anonymous_1)","decl":{"start":{"line":17,"column":4},"end":{"line":17,"column":5}},"loc":{"start":{"line":17,"column":29},"end":{"line":31,"column":5}},"line":17},"2":{"name":"(anonymous_2)","decl":{"start":{"line":33,"column":4},"end":{"line":33,"column":5}},"loc":{"start":{"line":33,"column":27},"end":{"line":49,"column":5}},"line":33},"3":{"name":"(anonymous_3)","decl":{"start":{"line":51,"column":4},"end":{"line":51,"column":5}},"loc":{"start":{"line":51,"column":27},"end":{"line":68,"column":5}},"line":51},"4":{"name":"(anonymous_4)","decl":{"start":{"line":70,"column":4},"end":{"line":70,"column":5}},"loc":{"start":{"line":70,"column":27},"end":{"line":84,"column":5}},"line":70},"5":{"name":"(anonymous_5)","decl":{"start":{"line":86,"column":4},"end":{"line":86,"column":5}},"loc":{"start":{"line":86,"column":33},"end":{"line":97,"column":5}},"line":86},"6":{"name":"(anonymous_6)","decl":{"start":{"line":98,"column":4},"end":{"line":98,"column":5}},"loc":{"start":{"line":98,"column":33},"end":{"line":106,"column":5}},"line":98},"7":{"name":"(anonymous_7)","decl":{"start":{"line":107,"column":4},"end":{"line":107,"column":5}},"loc":{"start":{"line":107,"column":26},"end":{"line":120,"column":5}},"line":107},"8":{"name":"(anonymous_8)","decl":{"start":{"line":122,"column":4},"end":{"line":122,"column":5}},"loc":{"start":{"line":122,"column":39},"end":{"line":153,"column":5}},"line":122}},"branchMap":{"0":{"loc":{"start":{"line":22,"column":12},"end":{"line":24,"column":13}},"type":"if","locations":[{"start":{"line":22,"column":12},"end":{"line":24,"column":13}},{"start":{},"end":{}}],"line":22},"1":{"loc":{"start":{"line":43,"column":12},"end":{"line":45,"column":13}},"type":"if","locations":[{"start":{"line":43,"column":12},"end":{"line":45,"column":13}},{"start":{},"end":{}}],"line":43},"2":{"loc":{"start":{"line":56,"column":12},"end":{"line":58,"column":13}},"type":"if","locations":[{"start":{"line":56,"column":12},"end":{"line":58,"column":13}},{"start":{},"end":{}}],"line":56},"3":{"loc":{"start":{"line":63,"column":12},"end":{"line":65,"column":13}},"type":"if","locations":[{"start":{"line":63,"column":12},"end":{"line":65,"column":13}},{"start":{},"end":{}}],"line":63},"4":{"loc":{"start":{"line":75,"column":12},"end":{"line":77,"column":13}},"type":"if","locations":[{"start":{"line":75,"column":12},"end":{"line":77,"column":13}},{"start":{},"end":{}}],"line":75},"5":{"loc":{"start":{"line":89,"column":16},"end":{"line":91,"column":17}},"type":"if","locations":[{"start":{"line":89,"column":16},"end":{"line":91,"column":17}},{"start":{},"end":{}}],"line":89},"6":{"loc":{"start":{"line":95,"column":27},"end":{"line":95,"column":46}},"type":"binary-expr","locations":[{"start":{"line":95,"column":27},"end":{"line":95,"column":39}},{"start":{"line":95,"column":43},"end":{"line":95,"column":46}}],"line":95},"7":{"loc":{"start":{"line":104,"column":30},"end":{"line":104,"column":49}},"type":"binary-expr","locations":[{"start":{"line":104,"column":30},"end":{"line":104,"column":42}},{"start":{"line":104,"column":46},"end":{"line":104,"column":49}}],"line":104},"8":{"loc":{"start":{"line":111,"column":12},"end":{"line":113,"column":13}},"type":"if","locations":[{"start":{"line":111,"column":12},"end":{"line":113,"column":13}},{"start":{},"end":{}}],"line":111},"9":{"loc":{"start":{"line":111,"column":16},"end":{"line":111,"column":35}},"type":"binary-expr","locations":[{"start":{"line":111,"column":16},"end":{"line":111,"column":22}},{"start":{"line":111,"column":26},"end":{"line":111,"column":35}}],"line":111},"10":{"loc":{"start":{"line":118,"column":23},"end":{"line":118,"column":42}},"type":"binary-expr","locations":[{"start":{"line":118,"column":23},"end":{"line":118,"column":35}},{"start":{"line":118,"column":39},"end":{"line":118,"column":42}}],"line":118},"11":{"loc":{"start":{"line":118,"column":60},"end":{"line":118,"column":100}},"type":"binary-expr","locations":[{"start":{"line":118,"column":60},"end":{"line":118,"column":73}},{"start":{"line":118,"column":77},"end":{"line":118,"column":100}}],"line":118},"12":{"loc":{"start":{"line":127,"column":12},"end":{"line":129,"column":13}},"type":"if","locations":[{"start":{"line":127,"column":12},"end":{"line":129,"column":13}},{"start":{},"end":{}}],"line":127},"13":{"loc":{"start":{"line":127,"column":16},"end":{"line":127,"column":86}},"type":"binary-expr","locations":[{"start":{"line":127,"column":16},"end":{"line":127,"column":26}},{"start":{"line":127,"column":30},"end":{"line":127,"column":57}},{"start":{"line":127,"column":61},"end":{"line":127,"column":86}}],"line":127},"14":{"loc":{"start":{"line":131,"column":12},"end":{"line":133,"column":13}},"type":"if","locations":[{"start":{"line":131,"column":12},"end":{"line":133,"column":13}},{"start":{},"end":{}}],"line":131},"15":{"loc":{"start":{"line":131,"column":16},"end":{"line":131,"column":62}},"type":"binary-expr","locations":[{"start":{"line":131,"column":16},"end":{"line":131,"column":24}},{"start":{"line":131,"column":28},"end":{"line":131,"column":62}}],"line":131},"16":{"loc":{"start":{"line":142,"column":12},"end":{"line":144,"column":13}},"type":"if","locations":[{"start":{"line":142,"column":12},"end":{"line":144,"column":13}},{"start":{},"end":{}}],"line":142},"17":{"loc":{"start":{"line":151,"column":30},"end":{"line":151,"column":49}},"type":"binary-expr","locations":[{"start":{"line":151,"column":30},"end":{"line":151,"column":42}},{"start":{"line":151,"column":46},"end":{"line":151,"column":49}}],"line":151},"18":{"loc":{"start":{"line":151,"column":65},"end":{"line":151,"column":111}},"type":"binary-expr","locations":[{"start":{"line":151,"column":65},"end":{"line":151,"column":78}},{"start":{"line":151,"column":82},"end":{"line":151,"column":111}}],"line":151}},"s":{"0":5,"1":5,"2":5,"3":2,"4":2,"5":1,"6":1,"7":1,"8":3,"9":3,"10":3,"11":2,"12":1,"13":1,"14":1,"15":1,"16":3,"17":3,"18":3,"19":1,"20":1,"21":2,"22":1,"23":1,"24":1,"25":3,"26":3,"27":3,"28":3,"29":2,"30":1,"31":1,"32":1,"33":1,"34":0,"35":1,"36":3,"37":3,"38":3,"39":2,"40":1,"41":1,"42":1,"43":1,"44":3,"45":3,"46":3,"47":1,"48":2,"49":1,"50":1,"51":2,"52":2,"53":2,"54":1,"55":1,"56":5,"57":5,"58":5,"59":1,"60":4,"61":1,"62":3,"63":0,"64":0,"65":0,"66":0,"67":0,"68":0,"69":0,"70":0,"71":0,"72":0,"73":0,"74":0,"75":5},"f":{"0":2,"1":3,"2":3,"3":3,"4":3,"5":3,"6":2,"7":5,"8":0},"b":{"0":[1,1],"1":[1,1],"2":[1,1],"3":[0,1],"4":[1,1],"5":[1,2],"6":[1,1],"7":[1,1],"8":[1,4],"9":[5,5],"10":[3,2],"11":[3,1],"12":[0,0],"13":[0,0,0],"14":[0,0],"15":[0,0],"16":[0,0],"17":[0,0],"18":[0,0]},"_coverageSchema":"1a1c01bbd47fc00a2c39e90264f33305004495a9","hash":"96e01663c198bebdcd4de23b90ca56f85d4cf436"}
,"C:\\Users\\eikef\\OneDrive\\Documentos\\projects\\quiz-dev\\backend\\db\\db.js": {"path":"C:\\Users\\eikef\\OneDrive\\Documentos\\projects\\quiz-dev\\backend\\db\\db.js","statementMap":{"0":{"start":{"line":1,"column":0},"end":{"line":1,"column":27}},"1":{"start":{"line":3,"column":17},"end":{"line":3,"column":30}},"2":{"start":{"line":5,"column":15},"end":{"line":5,"column":85}},"3":{"start":{"line":7,"column":13},"end":{"line":19,"column":2}},"4":{"start":{"line":21,"column":14},"end":{"line":21,"column":56}},"5":{"start":{"line":21,"column":32},"end":{"line":21,"column":56}},"6":{"start":{"line":23,"column":0},"end":{"line":23,"column":27}}},"fnMap":{"0":{"name":"(anonymous_0)","decl":{"start":{"line":21,"column":14},"end":{"line":21,"column":15}},"loc":{"start":{"line":21,"column":32},"end":{"line":21,"column":56}},"line":21}},"branchMap":{"0":{"loc":{"start":{"line":5,"column":15},"end":{"line":5,"column":85}},"type":"binary-expr","locations":[{"start":{"line":5,"column":15},"end":{"line":5,"column":44}},{"start":{"line":5,"column":48},"end":{"line":5,"column":85}}],"line":5},"1":{"loc":{"start":{"line":13,"column":7},"end":{"line":18,"column":11}},"type":"cond-expr","locations":[{"start":{"line":14,"column":6},"end":{"line":17,"column":7}},{"start":{"line":18,"column":6},"end":{"line":18,"column":11}}],"line":13}},"s":{"0":30,"1":30,"2":30,"3":30,"4":30,"5":1,"6":30},"f":{"0":1},"b":{"0":[30,30],"1":[0,30]},"_coverageSchema":"1a1c01bbd47fc00a2c39e90264f33305004495a9","hash":"48b5877a5418087434ad76748a62def929147198"}
,"C:\\Users\\eikef\\OneDrive\\Documentos\\projects\\quiz-dev\\backend\\db\\dbInit.js": {"path":"C:\\Users\\eikef\\OneDrive\\Documentos\\projects\\quiz-dev\\backend\\db\\dbInit.js","statementMap":{"0":{"start":{"line":1,"column":11},"end":{"line":1,"column":26}},"1":{"start":{"line":3,"column":27},"end":{"line":31,"column":1}},"2":{"start":{"line":4,"column":35},"end":{"line":4,"column":73}},"3":{"start":{"line":6,"column":4},"end":{"line":30,"column":5}},"4":{"start":{"line":7,"column":23},"end":{"line":7,"column":61}},"5":{"start":{"line":9,"column":8},"end":{"line":27,"column":9}},"6":{"start":{"line":10,"column":39},"end":{"line":21,"column":15}},"7":{"start":{"line":23,"column":12},"end":{"line":23,"column":47}},"8":{"start":{"line":24,"column":12},"end":{"line":24,"column":62}},"9":{"start":{"line":26,"column":12},"end":{"line":26,"column":52}},"10":{"start":{"line":29,"column":8},"end":{"line":29,"column":70}},"11":{"start":{"line":33,"column":28},"end":{"line":58,"column":1}},"12":{"start":{"line":34,"column":36},"end":{"line":34,"column":75}},"13":{"start":{"line":36,"column":4},"end":{"line":57,"column":5}},"14":{"start":{"line":37,"column":23},"end":{"line":37,"column":62}},"15":{"start":{"line":39,"column":8},"end":{"line":54,"column":9}},"16":{"start":{"line":40,"column":40},"end":{"line":48,"column":15}},"17":{"start":{"line":50,"column":12},"end":{"line":50,"column":48}},"18":{"start":{"line":51,"column":12},"end":{"line":51,"column":63}},"19":{"start":{"line":53,"column":12},"end":{"line":53,"column":54}},"20":{"start":{"line":56,"column":8},"end":{"line":56,"column":71}},"21":{"start":{"line":60,"column":24},"end":{"line":85,"column":1}},"22":{"start":{"line":61,"column":32},"end":{"line":61,"column":67}},"23":{"start":{"line":63,"column":4},"end":{"line":84,"column":5}},"24":{"start":{"line":64,"column":23},"end":{"line":64,"column":58}},"25":{"start":{"line":66,"column":8},"end":{"line":81,"column":9}},"26":{"start":{"line":67,"column":36},"end":{"line":73,"column":15}},"27":{"start":{"line":75,"column":12},"end":{"line":75,"column":44}},"28":{"start":{"line":76,"column":12},"end":{"line":76,"column":59}},"29":{"start":{"line":79,"column":12},"end":{"line":79,"column":92}},"30":{"start":{"line":80,"column":12},"end":{"line":80,"column":50}},"31":{"start":{"line":83,"column":8},"end":{"line":83,"column":67}},"32":{"start":{"line":87,"column":15},"end":{"line":91,"column":1}},"33":{"start":{"line":88,"column":4},"end":{"line":88,"column":31}},"34":{"start":{"line":89,"column":4},"end":{"line":89,"column":32}},"35":{"start":{"line":90,"column":4},"end":{"line":90,"column":28}},"36":{"start":{"line":93,"column":0},"end":{"line":93,"column":24}}},"fnMap":{"0":{"name":"(anonymous_0)","decl":{"start":{"line":3,"column":27},"end":{"line":3,"column":28}},"loc":{"start":{"line":3,"column":39},"end":{"line":31,"column":1}},"line":3},"1":{"name":"(anonymous_1)","decl":{"start":{"line":33,"column":28},"end":{"line":33,"column":29}},"loc":{"start":{"line":33,"column":40},"end":{"line":58,"column":1}},"line":33},"2":{"name":"(anonymous_2)","decl":{"start":{"line":60,"column":24},"end":{"line":60,"column":25}},"loc":{"start":{"line":60,"column":36},"end":{"line":85,"column":1}},"line":60},"3":{"name":"(anonymous_3)","decl":{"start":{"line":87,"column":15},"end":{"line":87,"column":16}},"loc":{"start":{"line":87,"column":27},"end":{"line":91,"column":1}},"line":87}},"branchMap":{"0":{"loc":{"start":{"line":9,"column":8},"end":{"line":27,"column":9}},"type":"if","locations":[{"start":{"line":9,"column":8},"end":{"line":27,"column":9}},{"start":{"line":25,"column":15},"end":{"line":27,"column":9}}],"line":9},"1":{"loc":{"start":{"line":39,"column":8},"end":{"line":54,"column":9}},"type":"if","locations":[{"start":{"line":39,"column":8},"end":{"line":54,"column":9}},{"start":{"line":52,"column":15},"end":{"line":54,"column":9}}],"line":39},"2":{"loc":{"start":{"line":66,"column":8},"end":{"line":81,"column":9}},"type":"if","locations":[{"start":{"line":66,"column":8},"end":{"line":81,"column":9}},{"start":{"line":77,"column":15},"end":{"line":81,"column":9}}],"line":66}},"s":{"0":4,"1":4,"2":3,"3":3,"4":3,"5":2,"6":1,"7":1,"8":1,"9":1,"10":1,"11":4,"12":3,"13":3,"14":3,"15":3,"16":1,"17":1,"18":1,"19":1,"20":1,"21":4,"22":3,"23":3,"24":3,"25":3,"26":0,"27":0,"28":0,"29":0,"30":0,"31":3,"32":4,"33":3,"34":3,"35":3,"36":4},"f":{"0":3,"1":3,"2":3,"3":3},"b":{"0":[1,1],"1":[1,1],"2":[0,0]},"_coverageSchema":"1a1c01bbd47fc00a2c39e90264f33305004495a9","hash":"28e2173a36fdcf8f6d6559982b786e9ab082b5b5"}
,"C:\\Users\\eikef\\OneDrive\\Documentos\\projects\\quiz-dev\\backend\\middleware\\authMiddleware.js": {"path":"C:\\Users\\eikef\\OneDrive\\Documentos\\projects\\quiz-dev\\backend\\middleware\\authMiddleware.js","statementMap":{"0":{"start":{"line":1,"column":12},"end":{"line":1,"column":35}},"1":{"start":{"line":3,"column":15},"end":{"line":3,"column":37}},"2":{"start":{"line":6,"column":23},"end":{"line":6,"column":51}},"3":{"start":{"line":7,"column":18},"end":{"line":7,"column":56}},"4":{"start":{"line":9,"column":4},"end":{"line":9,"column":80}},"5":{"start":{"line":9,"column":16},"end":{"line":9,"column":80}},"6":{"start":{"line":11,"column":4},"end":{"line":15,"column":7}},"7":{"start":{"line":12,"column":8},"end":{"line":12,"column":76}},"8":{"start":{"line":12,"column":17},"end":{"line":12,"column":76}},"9":{"start":{"line":13,"column":8},"end":{"line":13,"column":24}},"10":{"start":{"line":14,"column":8},"end":{"line":14,"column":15}},"11":{"start":{"line":18,"column":0},"end":{"line":18,"column":35}}},"fnMap":{"0":{"name":"authenticateToken","decl":{"start":{"line":5,"column":9},"end":{"line":5,"column":26}},"loc":{"start":{"line":5,"column":43},"end":{"line":16,"column":1}},"line":5},"1":{"name":"(anonymous_1)","decl":{"start":{"line":11,"column":30},"end":{"line":11,"column":31}},"loc":{"start":{"line":11,"column":45},"end":{"line":15,"column":5}},"line":11}},"branchMap":{"0":{"loc":{"start":{"line":7,"column":18},"end":{"line":7,"column":56}},"type":"binary-expr","locations":[{"start":{"line":7,"column":18},"end":{"line":7,"column":28}},{"start":{"line":7,"column":32},"end":{"line":7,"column":56}}],"line":7},"1":{"loc":{"start":{"line":9,"column":4},"end":{"line":9,"column":80}},"type":"if","locations":[{"start":{"line":9,"column":4},"end":{"line":9,"column":80}},{"start":{},"end":{}}],"line":9},"2":{"loc":{"start":{"line":12,"column":8},"end":{"line":12,"column":76}},"type":"if","locations":[{"start":{"line":12,"column":8},"end":{"line":12,"column":76}},{"start":{},"end":{}}],"line":12}},"s":{"0":6,"1":6,"2":5,"3":5,"4":5,"5":2,"6":3,"7":3,"8":1,"9":2,"10":2,"11":6},"f":{"0":5,"1":3},"b":{"0":[5,3],"1":[2,3],"2":[1,2]},"_coverageSchema":"1a1c01bbd47fc00a2c39e90264f33305004495a9","hash":"f030b35221f6b1a6cbea49dfde46d5bb4d3c98df"}
,"C:\\Users\\eikef\\OneDrive\\Documentos\\projects\\quiz-dev\\backend\\middleware\\erroMiddleware.js": {"path":"C:\\Users\\eikef\\OneDrive\\Documentos\\projects\\quiz-dev\\backend\\middleware\\erroMiddleware.js","statementMap":{"0":{"start":{"line":3,"column":8},"end":{"line":3,"column":33}},"1":{"start":{"line":4,"column":8},"end":{"line":4,"column":68}},"2":{"start":{"line":9,"column":0},"end":{"line":9,"column":28}}},"fnMap":{"0":{"name":"(anonymous_0)","decl":{"start":{"line":2,"column":4},"end":{"line":2,"column":5}},"loc":{"start":{"line":2,"column":39},"end":{"line":5,"column":5}},"line":2}},"branchMap":{},"s":{"0":1,"1":1,"2":1},"f":{"0":1},"b":{},"_coverageSchema":"1a1c01bbd47fc00a2c39e90264f33305004495a9","hash":"f3e09ae2cca09408d115051fce093a9f4771f0ee"}
,"C:\\Users\\eikef\\OneDrive\\Documentos\\projects\\quiz-dev\\backend\\middleware\\rateLimiters.js": {"path":"C:\\Users\\eikef\\OneDrive\\Documentos\\projects\\quiz-dev\\backend\\middleware\\rateLimiters.js","statementMap":{"0":{"start":{"line":1,"column":18},"end":{"line":1,"column":47}},"1":{"start":{"line":3,"column":19},"end":{"line":6,"column":1}},"2":{"start":{"line":4,"column":17},"end":{"line":4,"column":36}},"3":{"start":{"line":5,"column":2},"end":{"line":5,"column":53}},"4":{"start":{"line":8,"column":21},"end":{"line":15,"column":4}},"5":{"start":{"line":9,"column":2},"end":{"line":15,"column":4}},"6":{"start":{"line":17,"column":21},"end":{"line":21,"column":2}},"7":{"start":{"line":23,"column":19},"end":{"line":27,"column":2}},"8":{"start":{"line":29,"column":0},"end":{"line":29,"column":46}}},"fnMap":{"0":{"name":"(anonymous_0)","decl":{"start":{"line":3,"column":19},"end":{"line":3,"column":20}},"loc":{"start":{"line":3,"column":40},"end":{"line":6,"column":1}},"line":3},"1":{"name":"(anonymous_1)","decl":{"start":{"line":8,"column":21},"end":{"line":8,"column":22}},"loc":{"start":{"line":9,"column":2},"end":{"line":15,"column":4}},"line":9}},"branchMap":{"0":{"loc":{"start":{"line":5,"column":9},"end":{"line":5,"column":52}},"type":"cond-expr","locations":[{"start":{"line":5,"column":35},"end":{"line":5,"column":41}},{"start":{"line":5,"column":44},"end":{"line":5,"column":52}}],"line":5}},"s":{"0":3,"1":3,"2":6,"3":6,"4":3,"5":6,"6":3,"7":3,"8":3},"f":{"0":6,"1":6},"b":{"0":[0,6]},"_coverageSchema":"1a1c01bbd47fc00a2c39e90264f33305004495a9","hash":"78b6b2b62e0bd5c6d1b76d30193f5c35c351c8c4"}
,"C:\\Users\\eikef\\OneDrive\\Documentos\\projects\\quiz-dev\\backend\\middleware\\validadePerguntaMiddleware.js": {"path":"C:\\Users\\eikef\\OneDrive\\Documentos\\projects\\quiz-dev\\backend\\middleware\\validadePerguntaMiddleware.js","statementMap":{"0":{"start":{"line":3,"column":8},"end":{"line":3,"column":23}},"1":{"start":{"line":4,"column":8},"end":{"line":4,"column":45}},"2":{"start":{"line":5,"column":8},"end":{"line":5,"column":30}},"3":{"start":{"line":9,"column":32},"end":{"line":9,"column":40}},"4":{"start":{"line":10,"column":27},"end":{"line":10,"column":56}},"5":{"start":{"line":11,"column":8},"end":{"line":13,"column":9}},"6":{"start":{"line":12,"column":12},"end":{"line":12,"column":107}},"7":{"start":{"line":14,"column":8},"end":{"line":14,"column":15}},"8":{"start":{"line":18,"column":0},"end":{"line":18,"column":40}}},"fnMap":{"0":{"name":"(anonymous_0)","decl":{"start":{"line":2,"column":4},"end":{"line":2,"column":5}},"loc":{"start":{"line":2,"column":25},"end":{"line":6,"column":5}},"line":2},"1":{"name":"(anonymous_1)","decl":{"start":{"line":8,"column":4},"end":{"line":8,"column":5}},"loc":{"start":{"line":8,"column":46},"end":{"line":15,"column":5}},"line":8}},"branchMap":{"0":{"loc":{"start":{"line":11,"column":8},"end":{"line":13,"column":9}},"type":"if","locations":[{"start":{"line":11,"column":8},"end":{"line":13,"column":9}},{"start":{},"end":{}}],"line":11},"1":{"loc":{"start":{"line":11,"column":12},"end":{"line":11,"column":60}},"type":"binary-expr","locations":[{"start":{"line":11,"column":12},"end":{"line":11,"column":23}},{"start":{"line":11,"column":27},"end":{"line":11,"column":60}}],"line":11}},"s":{"0":2,"1":2,"2":2,"3":3,"4":3,"5":3,"6":2,"7":1,"8":2},"f":{"0":2,"1":3},"b":{"0":[2,1],"1":[3,3]},"_coverageSchema":"1a1c01bbd47fc00a2c39e90264f33305004495a9","hash":"0c2507cf8aebb95df176bea30473d73edf136801"}
,"C:\\Users\\eikef\\OneDrive\\Documentos\\projects\\quiz-dev\\backend\\middleware\\validateUsuario.js": {"path":"C:\\Users\\eikef\\OneDrive\\Documentos\\projects\\quiz-dev\\backend\\middleware\\validateUsuario.js","statementMap":{"0":{"start":{"line":3,"column":69},"end":{"line":3,"column":77}},"1":{"start":{"line":5,"column":8},"end":{"line":7,"column":9}},"2":{"start":{"line":6,"column":12},"end":{"line":6,"column":91}},"3":{"start":{"line":8,"column":22},"end":{"line":8,"column":37}},"4":{"start":{"line":9,"column":8},"end":{"line":11,"column":9}},"5":{"start":{"line":10,"column":12},"end":{"line":10,"column":90}},"6":{"start":{"line":12,"column":8},"end":{"line":14,"column":9}},"7":{"start":{"line":13,"column":12},"end":{"line":13,"column":95}},"8":{"start":{"line":16,"column":8},"end":{"line":19,"column":9}},"9":{"start":{"line":17,"column":36},"end":{"line":17,"column":62}},"10":{"start":{"line":18,"column":12},"end":{"line":18,"column":62}},"11":{"start":{"line":22,"column":8},"end":{"line":24,"column":9}},"12":{"start":{"line":23,"column":12},"end":{"line":23,"column":126}},"13":{"start":{"line":25,"column":8},"end":{"line":25,"column":15}},"14":{"start":{"line":29,"column":75},"end":{"line":29,"column":83}},"15":{"start":{"line":31,"column":8},"end":{"line":33,"column":9}},"16":{"start":{"line":32,"column":12},"end":{"line":32,"column":97}},"17":{"start":{"line":35,"column":22},"end":{"line":35,"column":37}},"18":{"start":{"line":36,"column":8},"end":{"line":38,"column":9}},"19":{"start":{"line":37,"column":12},"end":{"line":37,"column":90}},"20":{"start":{"line":39,"column":8},"end":{"line":41,"column":9}},"21":{"start":{"line":40,"column":12},"end":{"line":40,"column":95}},"22":{"start":{"line":43,"column":8},"end":{"line":43,"column":15}},"23":{"start":{"line":47,"column":0},"end":{"line":47,"column":33}}},"fnMap":{"0":{"name":"(anonymous_0)","decl":{"start":{"line":2,"column":4},"end":{"line":2,"column":5}},"loc":{"start":{"line":2,"column":43},"end":{"line":26,"column":5}},"line":2},"1":{"name":"(anonymous_1)","decl":{"start":{"line":28,"column":4},"end":{"line":28,"column":5}},"loc":{"start":{"line":28,"column":43},"end":{"line":44,"column":5}},"line":28}},"branchMap":{"0":{"loc":{"start":{"line":5,"column":8},"end":{"line":7,"column":9}},"type":"if","locations":[{"start":{"line":5,"column":8},"end":{"line":7,"column":9}},{"start":{},"end":{}}],"line":5},"1":{"loc":{"start":{"line":5,"column":12},"end":{"line":5,"column":74}},"type":"binary-expr","locations":[{"start":{"line":5,"column":12},"end":{"line":5,"column":17}},{"start":{"line":5,"column":21},"end":{"line":5,"column":31}},{"start":{"line":5,"column":35},"end":{"line":5,"column":41}},{"start":{"line":5,"column":45},"end":{"line":5,"column":54}},{"start":{"line":5,"column":58},"end":{"line":5,"column":74}}],"line":5},"2":{"loc":{"start":{"line":9,"column":8},"end":{"line":11,"column":9}},"type":"if","locations":[{"start":{"line":9,"column":8},"end":{"line":11,"column":9}},{"start":{},"end":{}}],"line":9},"3":{"loc":{"start":{"line":9,"column":12},"end":{"line":9,"column":37}},"type":"binary-expr","locations":[{"start":{"line":9,"column":12},"end":{"line":9,"column":16}},{"start":{"line":9,"column":20},"end":{"line":9,"column":37}}],"line":9},"4":{"loc":{"start":{"line":12,"column":8},"end":{"line":14,"column":9}},"type":"if","locations":[{"start":{"line":12,"column":8},"end":{"line":14,"column":9}},{"start":{},"end":{}}],"line":12},"5":{"loc":{"start":{"line":12,"column":12},"end":{"line":12,"column":47}},"type":"binary-expr","locations":[{"start":{"line":12,"column":12},"end":{"line":12,"column":21}},{"start":{"line":12,"column":25},"end":{"line":12,"column":47}}],"line":12},"6":{"loc":{"start":{"line":16,"column":8},"end":{"line":19,"column":9}},"type":"if","locations":[{"start":{"line":16,"column":8},"end":{"line":19,"column":9}},{"start":{},"end":{}}],"line":16},"7":{"loc":{"start":{"line":22,"column":8},"end":{"line":24,"column":9}},"type":"if","locations":[{"start":{"line":22,"column":8},"end":{"line":24,"column":9}},{"start":{},"end":{}}],"line":22},"8":{"loc":{"start":{"line":31,"column":8},"end":{"line":33,"column":9}},"type":"if","locations":[{"start":{"line":31,"column":8},"end":{"line":33,"column":9}},{"start":{},"end":{}}],"line":31},"9":{"loc":{"start":{"line":31,"column":12},"end":{"line":31,"column":79}},"type":"binary-expr","locations":[{"start":{"line":31,"column":12},"end":{"line":31,"column":17}},{"start":{"line":31,"column":21},"end":{"line":31,"column":31}},{"start":{"line":31,"column":35},"end":{"line":31,"column":41}},{"start":{"line":31,"column":45},"end":{"line":31,"column":54}},{"start":{"line":31,"column":58},"end":{"line":31,"column":79}}],"line":31},"10":{"loc":{"start":{"line":36,"column":8},"end":{"line":38,"column":9}},"type":"if","locations":[{"start":{"line":36,"column":8},"end":{"line":38,"column":9}},{"start":{},"end":{}}],"line":36},"11":{"loc":{"start":{"line":36,"column":12},"end":{"line":36,"column":37}},"type":"binary-expr","locations":[{"start":{"line":36,"column":12},"end":{"line":36,"column":16}},{"start":{"line":36,"column":20},"end":{"line":36,"column":37}}],"line":36},"12":{"loc":{"start":{"line":39,"column":8},"end":{"line":41,"column":9}},"type":"if","locations":[{"start":{"line":39,"column":8},"end":{"line":41,"column":9}},{"start":{},"end":{}}],"line":39},"13":{"loc":{"start":{"line":39,"column":12},"end":{"line":39,"column":47}},"type":"binary-expr","locations":[{"start":{"line":39,"column":12},"end":{"line":39,"column":21}},{"start":{"line":39,"column":25},"end":{"line":39,"column":47}}],"line":39}},"s":{"0":5,"1":5,"2":2,"3":3,"4":3,"5":1,"6":2,"7":1,"8":1,"9":0,"10":0,"11":1,"12":0,"13":1,"14":4,"15":4,"16":1,"17":3,"18":3,"19":1,"20":2,"21":1,"22":1,"23":5},"f":{"0":5,"1":4},"b":{"0":[2,3],"1":[5,4,3,3,3],"2":[1,2],"3":[3,3],"4":[1,1],"5":[2,2],"6":[0,1],"7":[0,1],"8":[1,3],"9":[4,2,1,1,1],"10":[1,2],"11":[3,2],"12":[1,1],"13":[2,1]},"_coverageSchema":"1a1c01bbd47fc00a2c39e90264f33305004495a9","hash":"52adcea60da8d4b4080c32ffe5de22ef79ec0da9"}
,"C:\\Users\\eikef\\OneDrive\\Documentos\\projects\\quiz-dev\\backend\\models\\perguntaModel.js": {"path":"C:\\Users\\eikef\\OneDrive\\Documentos\\projects\\quiz-dev\\backend\\models\\perguntaModel.js","statementMap":{"0":{"start":{"line":3,"column":8},"end":{"line":3,"column":21}},"1":{"start":{"line":4,"column":8},"end":{"line":4,"column":35}},"2":{"start":{"line":5,"column":8},"end":{"line":5,"column":35}},"3":{"start":{"line":6,"column":8},"end":{"line":6,"column":33}},"4":{"start":{"line":7,"column":8},"end":{"line":7,"column":49}},"5":{"start":{"line":8,"column":8},"end":{"line":8,"column":57}},"6":{"start":{"line":12,"column":0},"end":{"line":12,"column":26}}},"fnMap":{"0":{"name":"(anonymous_0)","decl":{"start":{"line":2,"column":4},"end":{"line":2,"column":5}},"loc":{"start":{"line":2,"column":96},"end":{"line":9,"column":5}},"line":2}},"branchMap":{},"s":{"0":11,"1":11,"2":11,"3":11,"4":11,"5":11,"6":19},"f":{"0":11},"b":{},"_coverageSchema":"1a1c01bbd47fc00a2c39e90264f33305004495a9","hash":"12c5b99566165711cc619eab0756fe1d5a11dc76"}
,"C:\\Users\\eikef\\OneDrive\\Documentos\\projects\\quiz-dev\\backend\\models\\usuarioModel.js": {"path":"C:\\Users\\eikef\\OneDrive\\Documentos\\projects\\quiz-dev\\backend\\models\\usuarioModel.js","statementMap":{"0":{"start":{"line":3,"column":8},"end":{"line":3,"column":20}},"1":{"start":{"line":4,"column":8},"end":{"line":4,"column":24}},"2":{"start":{"line":5,"column":8},"end":{"line":5,"column":34}},"3":{"start":{"line":6,"column":8},"end":{"line":6,"column":46}},"4":{"start":{"line":7,"column":8},"end":{"line":7,"column":26}},"5":{"start":{"line":8,"column":8},"end":{"line":8,"column":32}},"6":{"start":{"line":9,"column":8},"end":{"line":9,"column":56}},"7":{"start":{"line":14,"column":8},"end":{"line":21,"column":10}},"8":{"start":{"line":25,"column":0},"end":{"line":25,"column":26}}},"fnMap":{"0":{"name":"(anonymous_0)","decl":{"start":{"line":2,"column":4},"end":{"line":2,"column":5}},"loc":{"start":{"line":2,"column":96},"end":{"line":10,"column":5}},"line":2},"1":{"name":"(anonymous_1)","decl":{"start":{"line":13,"column":4},"end":{"line":13,"column":5}},"loc":{"start":{"line":13,"column":13},"end":{"line":22,"column":5}},"line":13}},"branchMap":{},"s":{"0":8,"1":8,"2":8,"3":8,"4":8,"5":8,"6":8,"7":1,"8":14},"f":{"0":8,"1":1},"b":{},"_coverageSchema":"1a1c01bbd47fc00a2c39e90264f33305004495a9","hash":"f7e6fcbd9ccf9a7659c9ac2db81072508aab5de4"}
,"C:\\Users\\eikef\\OneDrive\\Documentos\\projects\\quiz-dev\\backend\\repositories\\otpRepository.js": {"path":"C:\\Users\\eikef\\OneDrive\\Documentos\\projects\\quiz-dev\\backend\\repositories\\otpRepository.js","statementMap":{"0":{"start":{"line":1,"column":11},"end":{"line":1,"column":30}},"1":{"start":{"line":5,"column":8},"end":{"line":12,"column":11}},"2":{"start":{"line":13,"column":8},"end":{"line":13,"column":88}},"3":{"start":{"line":14,"column":8},"end":{"line":18,"column":37}},"4":{"start":{"line":22,"column":23},"end":{"line":25,"column":9}},"5":{"start":{"line":26,"column":8},"end":{"line":26,"column":30}},"6":{"start":{"line":29,"column":8},"end":{"line":29,"column":69}},"7":{"start":{"line":32,"column":0},"end":{"line":32,"column":37}}},"fnMap":{"0":{"name":"(anonymous_0)","decl":{"start":{"line":4,"column":4},"end":{"line":4,"column":5}},"loc":{"start":{"line":4,"column":49},"end":{"line":19,"column":5}},"line":4},"1":{"name":"(anonymous_1)","decl":{"start":{"line":21,"column":4},"end":{"line":21,"column":5}},"loc":{"start":{"line":21,"column":34},"end":{"line":27,"column":5}},"line":21},"2":{"name":"(anonymous_2)","decl":{"start":{"line":28,"column":4},"end":{"line":28,"column":5}},"loc":{"start":{"line":28,"column":31},"end":{"line":30,"column":5}},"line":28}},"branchMap":{},"s":{"0":8,"1":2,"2":2,"3":2,"4":2,"5":2,"6":1,"7":8},"f":{"0":2,"1":2,"2":1},"b":{},"_coverageSchema":"1a1c01bbd47fc00a2c39e90264f33305004495a9","hash":"47df30bd9189489a928fecb8ffcec29542881712"}
,"C:\\Users\\eikef\\OneDrive\\Documentos\\projects\\quiz-dev\\backend\\repositories\\perguntasRepository.js": {"path":"C:\\Users\\eikef\\OneDrive\\Documentos\\projects\\quiz-dev\\backend\\repositories\\perguntasRepository.js","statementMap":{"0":{"start":{"line":1,"column":11},"end":{"line":1,"column":30}},"1":{"start":{"line":2,"column":17},"end":{"line":2,"column":51}},"2":{"start":{"line":6,"column":23},"end":{"line":6,"column":63}},"3":{"start":{"line":7,"column":8},"end":{"line":7,"column":57}},"4":{"start":{"line":7,"column":38},"end":{"line":7,"column":55}},"5":{"start":{"line":11,"column":23},"end":{"line":11,"column":83}},"6":{"start":{"line":12,"column":8},"end":{"line":12,"column":68}},"7":{"start":{"line":16,"column":23},"end":{"line":19,"column":9}},"8":{"start":{"line":20,"column":8},"end":{"line":20,"column":57}},"9":{"start":{"line":20,"column":38},"end":{"line":20,"column":55}},"10":{"start":{"line":25,"column":23},"end":{"line":28,"column":9}},"11":{"start":{"line":29,"column":8},"end":{"line":29,"column":44}},"12":{"start":{"line":33,"column":30},"end":{"line":33,"column":52}},"13":{"start":{"line":34,"column":8},"end":{"line":34,"column":40}},"14":{"start":{"line":34,"column":28},"end":{"line":34,"column":40}},"15":{"start":{"line":35,"column":26},"end":{"line":35,"column":68}},"16":{"start":{"line":36,"column":26},"end":{"line":36,"column":68}},"17":{"start":{"line":37,"column":25},"end":{"line":37,"column":65}},"18":{"start":{"line":38,"column":33},"end":{"line":38,"column":89}},"19":{"start":{"line":40,"column":37},"end":{"line":42,"column":48}},"20":{"start":{"line":44,"column":23},"end":{"line":47,"column":9}},"21":{"start":{"line":48,"column":8},"end":{"line":48,"column":44}},"22":{"start":{"line":52,"column":23},"end":{"line":52,"column":93}},"23":{"start":{"line":53,"column":8},"end":{"line":53,"column":68}},"24":{"start":{"line":57,"column":0},"end":{"line":57,"column":43}}},"fnMap":{"0":{"name":"(anonymous_0)","decl":{"start":{"line":5,"column":4},"end":{"line":5,"column":5}},"loc":{"start":{"line":5,"column":19},"end":{"line":8,"column":5}},"line":5},"1":{"name":"(anonymous_1)","decl":{"start":{"line":7,"column":31},"end":{"line":7,"column":32}},"loc":{"start":{"line":7,"column":38},"end":{"line":7,"column":55}},"line":7},"2":{"name":"(anonymous_2)","decl":{"start":{"line":10,"column":4},"end":{"line":10,"column":5}},"loc":{"start":{"line":10,"column":22},"end":{"line":13,"column":5}},"line":10},"3":{"name":"(anonymous_3)","decl":{"start":{"line":15,"column":4},"end":{"line":15,"column":5}},"loc":{"start":{"line":15,"column":36},"end":{"line":21,"column":5}},"line":15},"4":{"name":"(anonymous_4)","decl":{"start":{"line":20,"column":31},"end":{"line":20,"column":32}},"loc":{"start":{"line":20,"column":38},"end":{"line":20,"column":55}},"line":20},"5":{"name":"(anonymous_5)","decl":{"start":{"line":23,"column":4},"end":{"line":23,"column":5}},"loc":{"start":{"line":23,"column":93},"end":{"line":30,"column":5}},"line":23},"6":{"name":"(anonymous_6)","decl":{"start":{"line":32,"column":4},"end":{"line":32,"column":5}},"loc":{"start":{"line":32,"column":28},"end":{"line":49,"column":5}},"line":32},"7":{"name":"(anonymous_7)","decl":{"start":{"line":51,"column":4},"end":{"line":51,"column":5}},"loc":{"start":{"line":51,"column":21},"end":{"line":54,"column":5}},"line":51}},"branchMap":{"0":{"loc":{"start":{"line":12,"column":15},"end":{"line":12,"column":67}},"type":"cond-expr","locations":[{"start":{"line":12,"column":32},"end":{"line":12,"column":60}},{"start":{"line":12,"column":63},"end":{"line":12,"column":67}}],"line":12},"1":{"loc":{"start":{"line":34,"column":8},"end":{"line":34,"column":40}},"type":"if","locations":[{"start":{"line":34,"column":8},"end":{"line":34,"column":40}},{"start":{},"end":{}}],"line":34},"2":{"loc":{"start":{"line":35,"column":26},"end":{"line":35,"column":68}},"type":"binary-expr","locations":[{"start":{"line":35,"column":26},"end":{"line":35,"column":41}},{"start":{"line":35,"column":45},"end":{"line":35,"column":68}}],"line":35},"3":{"loc":{"start":{"line":36,"column":26},"end":{"line":36,"column":68}},"type":"binary-expr","locations":[{"start":{"line":36,"column":26},"end":{"line":36,"column":41}},{"start":{"line":36,"column":45},"end":{"line":36,"column":68}}],"line":36},"4":{"loc":{"start":{"line":37,"column":25},"end":{"line":37,"column":65}},"type":"binary-expr","locations":[{"start":{"line":37,"column":25},"end":{"line":37,"column":39}},{"start":{"line":37,"column":43},"end":{"line":37,"column":65}}],"line":37},"5":{"loc":{"start":{"line":38,"column":33},"end":{"line":38,"column":89}},"type":"binary-expr","locations":[{"start":{"line":38,"column":33},"end":{"line":38,"column":55}},{"start":{"line":38,"column":59},"end":{"line":38,"column":89}}],"line":38},"6":{"loc":{"start":{"line":40,"column":37},"end":{"line":42,"column":48}},"type":"cond-expr","locations":[{"start":{"line":41,"column":14},"end":{"line":41,"column":56}},{"start":{"line":42,"column":14},"end":{"line":42,"column":48}}],"line":40},"7":{"loc":{"start":{"line":53,"column":15},"end":{"line":53,"column":67}},"type":"cond-expr","locations":[{"start":{"line":53,"column":32},"end":{"line":53,"column":60}},{"start":{"line":53,"column":63},"end":{"line":53,"column":67}}],"line":53}},"s":{"0":18,"1":18,"2":2,"3":2,"4":2,"5":4,"6":4,"7":1,"8":1,"9":1,"10":2,"11":2,"12":5,"13":5,"14":3,"15":2,"16":2,"17":2,"18":2,"19":2,"20":2,"21":2,"22":3,"23":3,"24":18},"f":{"0":2,"1":2,"2":4,"3":1,"4":1,"5":2,"6":5,"7":3},"b":{"0":[2,2],"1":[3,2],"2":[2,1],"3":[2,2],"4":[2,1],"5":[2,2],"6":[0,2],"7":[1,2]},"_coverageSchema":"1a1c01bbd47fc00a2c39e90264f33305004495a9","hash":"b9fdcce34f46d28506ce59d350a5b4f53f6311b2"}
,"C:\\Users\\eikef\\OneDrive\\Documentos\\projects\\quiz-dev\\backend\\repositories\\usuarioRepository.js": {"path":"C:\\Users\\eikef\\OneDrive\\Documentos\\projects\\quiz-dev\\backend\\repositories\\usuarioRepository.js","statementMap":{"0":{"start":{"line":1,"column":11},"end":{"line":1,"column":30}},"1":{"start":{"line":2,"column":16},"end":{"line":2,"column":49}},"2":{"start":{"line":7,"column":23},"end":{"line":7,"column":62}},"3":{"start":{"line":8,"column":8},"end":{"line":8,"column":56}},"4":{"start":{"line":8,"column":38},"end":{"line":8,"column":54}},"5":{"start":{"line":11,"column":23},"end":{"line":11,"column":82}},"6":{"start":{"line":12,"column":8},"end":{"line":12,"column":67}},"7":{"start":{"line":16,"column":23},"end":{"line":16,"column":88}},"8":{"start":{"line":17,"column":8},"end":{"line":17,"column":29}},"9":{"start":{"line":20,"column":89},"end":{"line":20,"column":94}},"10":{"start":{"line":22,"column":25},"end":{"line":22,"column":90}},"11":{"start":{"line":23,"column":8},"end":{"line":25,"column":9}},"12":{"start":{"line":24,"column":12},"end":{"line":24,"column":51}},"13":{"start":{"line":27,"column":8},"end":{"line":29,"column":9}},"14":{"start":{"line":28,"column":12},"end":{"line":28,"column":54}},"15":{"start":{"line":30,"column":23},"end":{"line":33,"column":9}},"16":{"start":{"line":35,"column":8},"end":{"line":35,"column":43}},"17":{"start":{"line":39,"column":29},"end":{"line":39,"column":51}},"18":{"start":{"line":40,"column":8},"end":{"line":40,"column":39}},"19":{"start":{"line":40,"column":27},"end":{"line":40,"column":39}},"20":{"start":{"line":43,"column":21},"end":{"line":43,"column":52}},"21":{"start":{"line":44,"column":26},"end":{"line":44,"column":67}},"22":{"start":{"line":45,"column":32},"end":{"line":45,"column":85}},"23":{"start":{"line":46,"column":22},"end":{"line":46,"column":55}},"24":{"start":{"line":47,"column":25},"end":{"line":47,"column":64}},"25":{"start":{"line":48,"column":37},"end":{"line":48,"column":100}},"26":{"start":{"line":50,"column":23},"end":{"line":53,"column":9}},"27":{"start":{"line":54,"column":8},"end":{"line":54,"column":43}},"28":{"start":{"line":58,"column":23},"end":{"line":58,"column":92}},"29":{"start":{"line":59,"column":8},"end":{"line":59,"column":67}},"30":{"start":{"line":63,"column":30},"end":{"line":63,"column":55}},"31":{"start":{"line":64,"column":23},"end":{"line":67,"column":9}},"32":{"start":{"line":68,"column":8},"end":{"line":68,"column":67}},"33":{"start":{"line":72,"column":8},"end":{"line":75,"column":40}},"34":{"start":{"line":79,"column":8},"end":{"line":82,"column":40}},"35":{"start":{"line":86,"column":8},"end":{"line":90,"column":39}},"36":{"start":{"line":94,"column":0},"end":{"line":94,"column":41}}},"fnMap":{"0":{"name":"(anonymous_0)","decl":{"start":{"line":6,"column":4},"end":{"line":6,"column":5}},"loc":{"start":{"line":6,"column":19},"end":{"line":9,"column":5}},"line":6},"1":{"name":"(anonymous_1)","decl":{"start":{"line":8,"column":31},"end":{"line":8,"column":32}},"loc":{"start":{"line":8,"column":38},"end":{"line":8,"column":54}},"line":8},"2":{"name":"(anonymous_2)","decl":{"start":{"line":10,"column":4},"end":{"line":10,"column":5}},"loc":{"start":{"line":10,"column":22},"end":{"line":13,"column":5}},"line":10},"3":{"name":"(anonymous_3)","decl":{"start":{"line":15,"column":4},"end":{"line":15,"column":5}},"loc":{"start":{"line":15,"column":28},"end":{"line":18,"column":5}},"line":15},"4":{"name":"(anonymous_4)","decl":{"start":{"line":19,"column":4},"end":{"line":19,"column":5}},"loc":{"start":{"line":19,"column":26},"end":{"line":36,"column":5}},"line":19},"5":{"name":"(anonymous_5)","decl":{"start":{"line":37,"column":4},"end":{"line":37,"column":5}},"loc":{"start":{"line":37,"column":28},"end":{"line":55,"column":5}},"line":37},"6":{"name":"(anonymous_6)","decl":{"start":{"line":57,"column":4},"end":{"line":57,"column":5}},"loc":{"start":{"line":57,"column":21},"end":{"line":60,"column":5}},"line":57},"7":{"name":"(anonymous_7)","decl":{"start":{"line":62,"column":4},"end":{"line":62,"column":5}},"loc":{"start":{"line":62,"column":51},"end":{"line":69,"column":5}},"line":62},"8":{"name":"(anonymous_8)","decl":{"start":{"line":71,"column":4},"end":{"line":71,"column":5}},"loc":{"start":{"line":71,"column":39},"end":{"line":76,"column":5}},"line":71},"9":{"name":"(anonymous_9)","decl":{"start":{"line":78,"column":4},"end":{"line":78,"column":5}},"loc":{"start":{"line":78,"column":35},"end":{"line":83,"column":5}},"line":78},"10":{"name":"(anonymous_10)","decl":{"start":{"line":85,"column":4},"end":{"line":85,"column":5}},"loc":{"start":{"line":85,"column":55},"end":{"line":91,"column":5}},"line":85}},"branchMap":{"0":{"loc":{"start":{"line":12,"column":15},"end":{"line":12,"column":66}},"type":"cond-expr","locations":[{"start":{"line":12,"column":32},"end":{"line":12,"column":59}},{"start":{"line":12,"column":62},"end":{"line":12,"column":66}}],"line":12},"1":{"loc":{"start":{"line":23,"column":8},"end":{"line":25,"column":9}},"type":"if","locations":[{"start":{"line":23,"column":8},"end":{"line":25,"column":9}},{"start":{},"end":{}}],"line":23},"2":{"loc":{"start":{"line":27,"column":8},"end":{"line":29,"column":9}},"type":"if","locations":[{"start":{"line":27,"column":8},"end":{"line":29,"column":9}},{"start":{},"end":{}}],"line":27},"3":{"loc":{"start":{"line":40,"column":8},"end":{"line":40,"column":39}},"type":"if","locations":[{"start":{"line":40,"column":8},"end":{"line":40,"column":39}},{"start":{},"end":{}}],"line":40},"4":{"loc":{"start":{"line":43,"column":21},"end":{"line":43,"column":52}},"type":"binary-expr","locations":[{"start":{"line":43,"column":21},"end":{"line":43,"column":31}},{"start":{"line":43,"column":35},"end":{"line":43,"column":52}}],"line":43},"5":{"loc":{"start":{"line":44,"column":26},"end":{"line":44,"column":67}},"type":"binary-expr","locations":[{"start":{"line":44,"column":26},"end":{"line":44,"column":41}},{"start":{"line":44,"column":45},"end":{"line":44,"column":67}}],"line":44},"6":{"loc":{"start":{"line":45,"column":32},"end":{"line":45,"column":85}},"type":"binary-expr","locations":[{"start":{"line":45,"column":32},"end":{"line":45,"column":53}},{"start":{"line":45,"column":57},"end":{"line":45,"column":85}}],"line":45},"7":{"loc":{"start":{"line":46,"column":22},"end":{"line":46,"column":55}},"type":"binary-expr","locations":[{"start":{"line":46,"column":22},"end":{"line":46,"column":33}},{"start":{"line":46,"column":37},"end":{"line":46,"column":55}}],"line":46},"8":{"loc":{"start":{"line":47,"column":25},"end":{"line":47,"column":64}},"type":"binary-expr","locations":[{"start":{"line":47,"column":25},"end":{"line":47,"column":39}},{"start":{"line":47,"column":43},"end":{"line":47,"column":64}}],"line":47},"9":{"loc":{"start":{"line":48,"column":37},"end":{"line":48,"column":100}},"type":"binary-expr","locations":[{"start":{"line":48,"column":37},"end":{"line":48,"column":63}},{"start":{"line":48,"column":67},"end":{"line":48,"column":100}}],"line":48},"10":{"loc":{"start":{"line":59,"column":15},"end":{"line":59,"column":66}},"type":"cond-expr","locations":[{"start":{"line":59,"column":32},"end":{"line":59,"column":59}},{"start":{"line":59,"column":62},"end":{"line":59,"column":66}}],"line":59},"11":{"loc":{"start":{"line":68,"column":15},"end":{"line":68,"column":66}},"type":"cond-expr","locations":[{"start":{"line":68,"column":32},"end":{"line":68,"column":59}},{"start":{"line":68,"column":62},"end":{"line":68,"column":66}}],"line":68}},"s":{"0":13,"1":13,"2":1,"3":1,"4":1,"5":4,"6":4,"7":3,"8":3,"9":3,"10":3,"11":3,"12":2,"13":1,"14":1,"15":1,"16":1,"17":3,"18":3,"19":1,"20":2,"21":2,"22":2,"23":2,"24":2,"25":2,"26":2,"27":2,"28":3,"29":3,"30":0,"31":0,"32":0,"33":2,"34":2,"35":2,"36":13},"f":{"0":1,"1":1,"2":4,"3":3,"4":3,"5":3,"6":3,"7":0,"8":2,"9":2,"10":2},"b":{"0":[2,2],"1":[2,1],"2":[1,0],"3":[1,2],"4":[2,0],"5":[2,2],"6":[2,2],"7":[2,2],"8":[2,2],"9":[2,2],"10":[1,2],"11":[0,0]},"_coverageSchema":"1a1c01bbd47fc00a2c39e90264f33305004495a9","hash":"9f0df16bd4ef5468dc15a47a41dab2b05404abc5"}
,"C:\\Users\\eikef\\OneDrive\\Documentos\\projects\\quiz-dev\\backend\\routes\\perguntasRoutes.js": {"path":"C:\\Users\\eikef\\OneDrive\\Documentos\\projects\\quiz-dev\\backend\\routes\\perguntasRoutes.js","statementMap":{"0":{"start":{"line":1,"column":16},"end":{"line":1,"column":34}},"1":{"start":{"line":2,"column":28},"end":{"line":2,"column":73}},"2":{"start":{"line":3,"column":26},"end":{"line":3,"column":65}},"3":{"start":{"line":7,"column":8},"end":{"line":7,"column":39}},"4":{"start":{"line":8,"column":8},"end":{"line":8,"column":30}},"5":{"start":{"line":22,"column":8},"end":{"line":22,"column":63}},"6":{"start":{"line":42,"column":8},"end":{"line":42,"column":83}},"7":{"start":{"line":62,"column":8},"end":{"line":62,"column":69}},"8":{"start":{"line":94,"column":8},"end":{"line":94,"column":85}},"9":{"start":{"line":135,"column":8},"end":{"line":135,"column":87}},"10":{"start":{"line":155,"column":8},"end":{"line":155,"column":90}},"11":{"start":{"line":159,"column":0},"end":{"line":159,"column":46}}},"fnMap":{"0":{"name":"(anonymous_0)","decl":{"start":{"line":6,"column":4},"end":{"line":6,"column":5}},"loc":{"start":{"line":6,"column":18},"end":{"line":9,"column":5}},"line":6},"1":{"name":"(anonymous_1)","decl":{"start":{"line":11,"column":4},"end":{"line":11,"column":5}},"loc":{"start":{"line":11,"column":21},"end":{"line":156,"column":5}},"line":11}},"branchMap":{},"s":{"0":3,"1":3,"2":3,"3":3,"4":3,"5":3,"6":3,"7":3,"8":3,"9":3,"10":3,"11":3},"f":{"0":3,"1":3},"b":{},"_coverageSchema":"1a1c01bbd47fc00a2c39e90264f33305004495a9","hash":"d7644bd43c618194d481ee3568b90bee0d10f081"}
,"C:\\Users\\eikef\\OneDrive\\Documentos\\projects\\quiz-dev\\backend\\routes\\usuarioRoutes.js": {"path":"C:\\Users\\eikef\\OneDrive\\Documentos\\projects\\quiz-dev\\backend\\routes\\usuarioRoutes.js","statementMap":{"0":{"start":{"line":1,"column":16},"end":{"line":1,"column":34}},"1":{"start":{"line":2,"column":19},"end":{"line":2,"column":62}},"2":{"start":{"line":3,"column":24},"end":{"line":3,"column":64}},"3":{"start":{"line":4,"column":26},"end":{"line":4,"column":65}},"4":{"start":{"line":5,"column":37},"end":{"line":5,"column":74}},"5":{"start":{"line":10,"column":8},"end":{"line":10,"column":39}},"6":{"start":{"line":11,"column":8},"end":{"line":11,"column":30}},"7":{"start":{"line":25,"column":8},"end":{"line":25,"column":67}},"8":{"start":{"line":46,"column":8},"end":{"line":46,"column":71}},"9":{"start":{"line":83,"column":8},"end":{"line":83,"column":81}},"10":{"start":{"line":123,"column":8},"end":{"line":123,"column":101}},"11":{"start":{"line":143,"column":8},"end":{"line":143,"column":72}},"12":{"start":{"line":174,"column":8},"end":{"line":174,"column":92}},"13":{"start":{"line":176,"column":8},"end":{"line":176,"column":66}},"14":{"start":{"line":178,"column":8},"end":{"line":178,"column":80}},"15":{"start":{"line":179,"column":8},"end":{"line":179,"column":112}},"16":{"start":{"line":183,"column":8},"end":{"line":183,"column":26}},"17":{"start":{"line":187,"column":0},"end":{"line":187,"column":49}}},"fnMap":{"0":{"name":"(anonymous_0)","decl":{"start":{"line":9,"column":4},"end":{"line":9,"column":5}},"loc":{"start":{"line":9,"column":18},"end":{"line":12,"column":5}},"line":9},"1":{"name":"(anonymous_1)","decl":{"start":{"line":14,"column":4},"end":{"line":14,"column":5}},"loc":{"start":{"line":14,"column":21},"end":{"line":180,"column":5}},"line":14},"2":{"name":"(anonymous_2)","decl":{"start":{"line":182,"column":4},"end":{"line":182,"column":5}},"loc":{"start":{"line":182,"column":16},"end":{"line":184,"column":5}},"line":182}},"branchMap":{},"s":{"0":3,"1":3,"2":3,"3":3,"4":3,"5":3,"6":3,"7":3,"8":3,"9":3,"10":3,"11":3,"12":3,"13":3,"14":3,"15":3,"16":3,"17":3},"f":{"0":3,"1":3,"2":3},"b":{},"_coverageSchema":"1a1c01bbd47fc00a2c39e90264f33305004495a9","hash":"c6885c860b9651327c1338f494523d37f29481a6"}
,"C:\\Users\\eikef\\OneDrive\\Documentos\\projects\\quiz-dev\\backend\\services\\TrocarEmailService.js": {"path":"C:\\Users\\eikef\\OneDrive\\Documentos\\projects\\quiz-dev\\backend\\services\\TrocarEmailService.js","statementMap":{"0":{"start":{"line":1,"column":19},"end":{"line":1,"column":42}},"1":{"start":{"line":2,"column":23},"end":{"line":2,"column":50}},"2":{"start":{"line":7,"column":8},"end":{"line":30,"column":9}},"3":{"start":{"line":8,"column":31},"end":{"line":8,"column":70}},"4":{"start":{"line":9,"column":12},"end":{"line":11,"column":13}},"5":{"start":{"line":10,"column":16},"end":{"line":10,"column":56}},"6":{"start":{"line":12,"column":28},"end":{"line":12,"column":60}},"7":{"start":{"line":13,"column":12},"end":{"line":15,"column":13}},"8":{"start":{"line":14,"column":16},"end":{"line":14,"column":54}},"9":{"start":{"line":16,"column":34},"end":{"line":16,"column":82}},"10":{"start":{"line":17,"column":12},"end":{"line":19,"column":13}},"11":{"start":{"line":18,"column":16},"end":{"line":18,"column":57}},"12":{"start":{"line":20,"column":24},"end":{"line":20,"column":72}},"13":{"start":{"line":21,"column":16},"end":{"line":25,"column":17}},"14":{"start":{"line":28,"column":12},"end":{"line":28,"column":69}},"15":{"start":{"line":29,"column":12},"end":{"line":29,"column":24}},"16":{"start":{"line":35,"column":0},"end":{"line":35,"column":41}}},"fnMap":{"0":{"name":"(anonymous_0)","decl":{"start":{"line":6,"column":4},"end":{"line":6,"column":5}},"loc":{"start":{"line":6,"column":45},"end":{"line":31,"column":5}},"line":6}},"branchMap":{"0":{"loc":{"start":{"line":9,"column":12},"end":{"line":11,"column":13}},"type":"if","locations":[{"start":{"line":9,"column":12},"end":{"line":11,"column":13}},{"start":{},"end":{}}],"line":9},"1":{"loc":{"start":{"line":13,"column":12},"end":{"line":15,"column":13}},"type":"if","locations":[{"start":{"line":13,"column":12},"end":{"line":15,"column":13}},{"start":{},"end":{}}],"line":13},"2":{"loc":{"start":{"line":17,"column":12},"end":{"line":19,"column":13}},"type":"if","locations":[{"start":{"line":17,"column":12},"end":{"line":19,"column":13}},{"start":{},"end":{}}],"line":17}},"s":{"0":0,"1":0,"2":0,"3":0,"4":0,"5":0,"6":0,"7":0,"8":0,"9":0,"10":0,"11":0,"12":0,"13":0,"14":0,"15":0,"16":0},"f":{"0":0},"b":{"0":[0,0],"1":[0,0],"2":[0,0]}}
,"C:\\Users\\eikef\\OneDrive\\Documentos\\projects\\quiz-dev\\backend\\services\\authService.js": {"path":"C:\\Users\\eikef\\OneDrive\\Documentos\\projects\\quiz-dev\\backend\\services\\authService.js","statementMap":{"0":{"start":{"line":1,"column":12},"end":{"line":1,"column":35}},"1":{"start":{"line":5,"column":8},"end":{"line":5,"column":48}},"2":{"start":{"line":6,"column":8},"end":{"line":6,"column":36}},"3":{"start":{"line":10,"column":8},"end":{"line":12,"column":9}},"4":{"start":{"line":11,"column":12},"end":{"line":11,"column":58}},"5":{"start":{"line":13,"column":8},"end":{"line":13,"column":64}},"6":{"start":{"line":17,"column":8},"end":{"line":17,"column":54}},"7":{"start":{"line":21,"column":8},"end":{"line":23,"column":9}},"8":{"start":{"line":22,"column":12},"end":{"line":22,"column":58}},"9":{"start":{"line":24,"column":8},"end":{"line":24,"column":49}},"10":{"start":{"line":30,"column":0},"end":{"line":30,"column":35}}},"fnMap":{"0":{"name":"(anonymous_0)","decl":{"start":{"line":4,"column":4},"end":{"line":4,"column":5}},"loc":{"start":{"line":4,"column":18},"end":{"line":7,"column":5}},"line":4},"1":{"name":"(anonymous_1)","decl":{"start":{"line":9,"column":4},"end":{"line":9,"column":5}},"loc":{"start":{"line":9,"column":61},"end":{"line":14,"column":5}},"line":9},"2":{"name":"(anonymous_2)","decl":{"start":{"line":16,"column":4},"end":{"line":16,"column":5}},"loc":{"start":{"line":16,"column":61},"end":{"line":18,"column":5}},"line":16},"3":{"name":"(anonymous_3)","decl":{"start":{"line":20,"column":4},"end":{"line":20,"column":5}},"loc":{"start":{"line":20,"column":23},"end":{"line":25,"column":5}},"line":20}},"branchMap":{"0":{"loc":{"start":{"line":9,"column":27},"end":{"line":9,"column":59}},"type":"default-arg","locations":[{"start":{"line":9,"column":39},"end":{"line":9,"column":59}}],"line":9},"1":{"loc":{"start":{"line":10,"column":8},"end":{"line":12,"column":9}},"type":"if","locations":[{"start":{"line":10,"column":8},"end":{"line":12,"column":9}},{"start":{},"end":{}}],"line":10},"2":{"loc":{"start":{"line":16,"column":27},"end":{"line":16,"column":59}},"type":"default-arg","locations":[{"start":{"line":16,"column":39},"end":{"line":16,"column":59}}],"line":16},"3":{"loc":{"start":{"line":21,"column":8},"end":{"line":23,"column":9}},"type":"if","locations":[{"start":{"line":21,"column":8},"end":{"line":23,"column":9}},{"start":{},"end":{}}],"line":21}},"s":{"0":14,"1":14,"2":14,"3":8,"4":0,"5":8,"6":3,"7":2,"8":0,"9":2,"10":14},"f":{"0":14,"1":8,"2":3,"3":2},"b":{"0":[1],"1":[0,8],"2":[1],"3":[0,2]},"_coverageSchema":"1a1c01bbd47fc00a2c39e90264f33305004495a9","hash":"9bb3976ceefb2308a02e6c28257b6f9f4b38fd52"}
,"C:\\Users\\eikef\\OneDrive\\Documentos\\projects\\quiz-dev\\backend\\services\\emailService.js": {"path":"C:\\Users\\eikef\\OneDrive\\Documentos\\projects\\quiz-dev\\backend\\services\\emailService.js","statementMap":{"0":{"start":{"line":1,"column":19},"end":{"line":1,"column":40}},"1":{"start":{"line":4,"column":24},"end":{"line":10,"column":6}},"2":{"start":{"line":12,"column":4},"end":{"line":38,"column":7}},"3":{"start":{"line":41,"column":0},"end":{"line":41,"column":30}}},"fnMap":{"0":{"name":"sendOtpEmail","decl":{"start":{"line":3,"column":15},"end":{"line":3,"column":27}},"loc":{"start":{"line":3,"column":37},"end":{"line":39,"column":1}},"line":3}},"branchMap":{},"s":{"0":7,"1":1,"2":1,"3":7},"f":{"0":1},"b":{},"_coverageSchema":"1a1c01bbd47fc00a2c39e90264f33305004495a9","hash":"80b198cf2b5ed5ce502f174f780f9b5fed87a05a"}
,"C:\\Users\\eikef\\OneDrive\\Documentos\\projects\\quiz-dev\\backend\\services\\otpService.js": {"path":"C:\\Users\\eikef\\OneDrive\\Documentos\\projects\\quiz-dev\\backend\\services\\otpService.js","statementMap":{"0":{"start":{"line":1,"column":21},"end":{"line":1,"column":46}},"1":{"start":{"line":2,"column":22},"end":{"line":2,"column":62}},"2":{"start":{"line":3,"column":26},"end":{"line":3,"column":70}},"3":{"start":{"line":4,"column":20},"end":{"line":4,"column":44}},"4":{"start":{"line":5,"column":23},"end":{"line":5,"column":50}},"5":{"start":{"line":9,"column":8},"end":{"line":9,"column":52}},"6":{"start":{"line":12,"column":33},"end":{"line":12,"column":74}},"7":{"start":{"line":13,"column":8},"end":{"line":18,"column":9}},"8":{"start":{"line":14,"column":12},"end":{"line":17,"column":14}},"9":{"start":{"line":21,"column":24},"end":{"line":21,"column":78}},"10":{"start":{"line":22,"column":30},"end":{"line":22,"column":79}},"11":{"start":{"line":23,"column":27},"end":{"line":23,"column":99}},"12":{"start":{"line":24,"column":25},"end":{"line":24,"column":57}},"13":{"start":{"line":25,"column":8},"end":{"line":27,"column":9}},"14":{"start":{"line":26,"column":12},"end":{"line":26,"column":55}},"15":{"start":{"line":30,"column":8},"end":{"line":30,"column":71}},"16":{"start":{"line":33,"column":8},"end":{"line":33,"column":43}},"17":{"start":{"line":35,"column":25},"end":{"line":38,"column":9}},"18":{"start":{"line":39,"column":8},"end":{"line":41,"column":9}},"19":{"start":{"line":40,"column":12},"end":{"line":40,"column":35}},"20":{"start":{"line":42,"column":8},"end":{"line":42,"column":24}},"21":{"start":{"line":46,"column":26},"end":{"line":46,"column":69}},"22":{"start":{"line":47,"column":8},"end":{"line":49,"column":9}},"23":{"start":{"line":48,"column":12},"end":{"line":48,"column":71}},"24":{"start":{"line":51,"column":22},"end":{"line":51,"column":75}},"25":{"start":{"line":52,"column":28},"end":{"line":52,"column":62}},"26":{"start":{"line":55,"column":22},"end":{"line":59,"column":17}},"27":{"start":{"line":62,"column":8},"end":{"line":62,"column":49}},"28":{"start":{"line":64,"column":8},"end":{"line":64,"column":86}},"29":{"start":{"line":68,"column":0},"end":{"line":68,"column":34}}},"fnMap":{"0":{"name":"(anonymous_0)","decl":{"start":{"line":8,"column":4},"end":{"line":8,"column":5}},"loc":{"start":{"line":8,"column":30},"end":{"line":43,"column":5}},"line":8},"1":{"name":"(anonymous_1)","decl":{"start":{"line":45,"column":4},"end":{"line":45,"column":5}},"loc":{"start":{"line":45,"column":79},"end":{"line":65,"column":5}},"line":45}},"branchMap":{"0":{"loc":{"start":{"line":13,"column":8},"end":{"line":18,"column":9}},"type":"if","locations":[{"start":{"line":13,"column":8},"end":{"line":18,"column":9}},{"start":{},"end":{}}],"line":13},"1":{"loc":{"start":{"line":22,"column":39},"end":{"line":22,"column":74}},"type":"binary-expr","locations":[{"start":{"line":22,"column":39},"end":{"line":22,"column":66}},{"start":{"line":22,"column":70},"end":{"line":22,"column":74}}],"line":22},"2":{"loc":{"start":{"line":23,"column":27},"end":{"line":23,"column":99}},"type":"cond-expr","locations":[{"start":{"line":23,"column":81},"end":{"line":23,"column":94}},{"start":{"line":23,"column":97},"end":{"line":23,"column":99}}],"line":23},"3":{"loc":{"start":{"line":23,"column":27},"end":{"line":23,"column":78}},"type":"binary-expr","locations":[{"start":{"line":23,"column":27},"end":{"line":23,"column":57}},{"start":{"line":23,"column":61},"end":{"line":23,"column":78}}],"line":23},"4":{"loc":{"start":{"line":25,"column":8},"end":{"line":27,"column":9}},"type":"if","locations":[{"start":{"line":25,"column":8},"end":{"line":27,"column":9}},{"start":{},"end":{}}],"line":25},"5":{"loc":{"start":{"line":39,"column":8},"end":{"line":41,"column":9}},"type":"if","locations":[{"start":{"line":39,"column":8},"end":{"line":41,"column":9}},{"start":{},"end":{}}],"line":39},"6":{"loc":{"start":{"line":47,"column":8},"end":{"line":49,"column":9}},"type":"if","locations":[{"start":{"line":47,"column":8},"end":{"line":49,"column":9}},{"start":{},"end":{}}],"line":47}},"s":{"0":6,"1":6,"2":6,"3":6,"4":6,"5":0,"6":0,"7":0,"8":0,"9":0,"10":0,"11":0,"12":0,"13":0,"14":0,"15":0,"16":0,"17":0,"18":0,"19":0,"20":0,"21":2,"22":2,"23":1,"24":1,"25":1,"26":1,"27":1,"28":1,"29":6},"f":{"0":0,"1":2},"b":{"0":[0,0],"1":[0,0],"2":[0,0],"3":[0,0],"4":[0,0],"5":[0,0],"6":[1,1]},"_coverageSchema":"1a1c01bbd47fc00a2c39e90264f33305004495a9","hash":"d0e8156e7b86d22ed440c80ea82293ede5058947"}
,"C:\\Users\\eikef\\OneDrive\\Documentos\\projects\\quiz-dev\\backend\\services\\perguntasService.js": {"path":"C:\\Users\\eikef\\OneDrive\\Documentos\\projects\\quiz-dev\\backend\\services\\perguntasService.js","statementMap":{"0":{"start":{"line":1,"column":28},"end":{"line":1,"column":74}},"1":{"start":{"line":5,"column":8},"end":{"line":5,"column":50}},"2":{"start":{"line":8,"column":8},"end":{"line":8,"column":53}},"3":{"start":{"line":11,"column":8},"end":{"line":11,"column":67}},"4":{"start":{"line":14,"column":8},"end":{"line":14,"column":54}},"5":{"start":{"line":17,"column":8},"end":{"line":17,"column":58}},"6":{"start":{"line":20,"column":8},"end":{"line":20,"column":52}},"7":{"start":{"line":24,"column":0},"end":{"line":24,"column":34}}},"fnMap":{"0":{"name":"(anonymous_0)","decl":{"start":{"line":4,"column":4},"end":{"line":4,"column":5}},"loc":{"start":{"line":4,"column":25},"end":{"line":6,"column":5}},"line":4},"1":{"name":"(anonymous_1)","decl":{"start":{"line":7,"column":4},"end":{"line":7,"column":5}},"loc":{"start":{"line":7,"column":30},"end":{"line":9,"column":5}},"line":7},"2":{"name":"(anonymous_2)","decl":{"start":{"line":10,"column":4},"end":{"line":10,"column":5}},"loc":{"start":{"line":10,"column":45},"end":{"line":12,"column":5}},"line":10},"3":{"name":"(anonymous_3)","decl":{"start":{"line":13,"column":4},"end":{"line":13,"column":5}},"loc":{"start":{"line":13,"column":31},"end":{"line":15,"column":5}},"line":13},"4":{"name":"(anonymous_4)","decl":{"start":{"line":16,"column":4},"end":{"line":16,"column":5}},"loc":{"start":{"line":16,"column":35},"end":{"line":18,"column":5}},"line":16},"5":{"name":"(anonymous_5)","decl":{"start":{"line":19,"column":4},"end":{"line":19,"column":5}},"loc":{"start":{"line":19,"column":29},"end":{"line":21,"column":5}},"line":19}},"branchMap":{},"s":{"0":15,"1":3,"2":1,"3":1,"4":1,"5":1,"6":1,"7":15},"f":{"0":3,"1":1,"2":1,"3":1,"4":1,"5":1},"b":{},"_coverageSchema":"1a1c01bbd47fc00a2c39e90264f33305004495a9","hash":"0849c3a3e1a52ea42fa2c8f804d7a224bfcc00bd"}
,"C:\\Users\\eikef\\OneDrive\\Documentos\\projects\\quiz-dev\\backend\\services\\usuarioService.js": {"path":"C:\\Users\\eikef\\OneDrive\\Documentos\\projects\\quiz-dev\\backend\\services\\usuarioService.js","statementMap":{"0":{"start":{"line":1,"column":19},"end":{"line":1,"column":63}},"1":{"start":{"line":2,"column":15},"end":{"line":2,"column":32}},"2":{"start":{"line":3,"column":20},"end":{"line":3,"column":44}},"3":{"start":{"line":5,"column":23},"end":{"line":5,"column":24}},"4":{"start":{"line":6,"column":31},"end":{"line":6,"column":33}},"5":{"start":{"line":8,"column":24},"end":{"line":18,"column":1}},"6":{"start":{"line":9,"column":4},"end":{"line":9,"column":30}},"7":{"start":{"line":9,"column":18},"end":{"line":9,"column":30}},"8":{"start":{"line":10,"column":4},"end":{"line":17,"column":6}},"9":{"start":{"line":22,"column":25},"end":{"line":22,"column":50}},"10":{"start":{"line":23,"column":8},"end":{"line":23,"column":45}},"11":{"start":{"line":27,"column":25},"end":{"line":27,"column":53}},"12":{"start":{"line":28,"column":8},"end":{"line":28,"column":41}},"13":{"start":{"line":32,"column":8},"end":{"line":32,"column":63}},"14":{"start":{"line":33,"column":28},"end":{"line":33,"column":58}},"15":{"start":{"line":34,"column":8},"end":{"line":34,"column":40}},"16":{"start":{"line":35,"column":8},"end":{"line":35,"column":44}},"17":{"start":{"line":39,"column":33},"end":{"line":39,"column":61}},"18":{"start":{"line":40,"column":8},"end":{"line":40,"column":43}},"19":{"start":{"line":40,"column":31},"end":{"line":40,"column":43}},"20":{"start":{"line":41,"column":33},"end":{"line":41,"column":45}},"21":{"start":{"line":42,"column":8},"end":{"line":44,"column":9}},"22":{"start":{"line":43,"column":12},"end":{"line":43,"column":63}},"23":{"start":{"line":45,"column":24},"end":{"line":45,"column":49}},"24":{"start":{"line":46,"column":8},"end":{"line":52,"column":9}},"25":{"start":{"line":47,"column":31},"end":{"line":47,"column":89}},"26":{"start":{"line":48,"column":12},"end":{"line":50,"column":13}},"27":{"start":{"line":49,"column":16},"end":{"line":49,"column":84}},"28":{"start":{"line":51,"column":12},"end":{"line":51,"column":73}},"29":{"start":{"line":53,"column":8},"end":{"line":53,"column":38}},"30":{"start":{"line":54,"column":34},"end":{"line":54,"column":79}},"31":{"start":{"line":55,"column":8},"end":{"line":55,"column":50}},"32":{"start":{"line":59,"column":32},"end":{"line":59,"column":59}},"33":{"start":{"line":60,"column":8},"end":{"line":60,"column":48}},"34":{"start":{"line":64,"column":24},"end":{"line":64,"column":52}},"35":{"start":{"line":65,"column":8},"end":{"line":65,"column":34}},"36":{"start":{"line":65,"column":22},"end":{"line":65,"column":34}},"37":{"start":{"line":67,"column":31},"end":{"line":67,"column":65}},"38":{"start":{"line":68,"column":29},"end":{"line":68,"column":63}},"39":{"start":{"line":70,"column":31},"end":{"line":74,"column":9}},"40":{"start":{"line":76,"column":8},"end":{"line":76,"column":42}},"41":{"start":{"line":77,"column":8},"end":{"line":77,"column":38}},"42":{"start":{"line":78,"column":8},"end":{"line":78,"column":37}},"43":{"start":{"line":79,"column":8},"end":{"line":79,"column":65}},"44":{"start":{"line":81,"column":8},"end":{"line":81,"column":49}},"45":{"start":{"line":83,"column":30},"end":{"line":88,"column":9}},"46":{"start":{"line":90,"column":27},"end":{"line":90,"column":88}},"47":{"start":{"line":91,"column":8},"end":{"line":91,"column":43}},"48":{"start":{"line":95,"column":24},"end":{"line":95,"column":58}},"49":{"start":{"line":97,"column":8},"end":{"line":99,"column":9}},"50":{"start":{"line":98,"column":12},"end":{"line":98,"column":72}},"51":{"start":{"line":101,"column":8},"end":{"line":104,"column":9}},"52":{"start":{"line":102,"column":37},"end":{"line":102,"column":103}},"53":{"start":{"line":103,"column":12},"end":{"line":103,"column":112}},"54":{"start":{"line":106,"column":28},"end":{"line":106,"column":73}},"55":{"start":{"line":107,"column":8},"end":{"line":116,"column":9}},"56":{"start":{"line":108,"column":12},"end":{"line":108,"column":58}},"57":{"start":{"line":109,"column":37},"end":{"line":109,"column":72}},"58":{"start":{"line":111,"column":12},"end":{"line":114,"column":13}},"59":{"start":{"line":112,"column":16},"end":{"line":112,"column":80}},"60":{"start":{"line":113,"column":16},"end":{"line":113,"column":134}},"61":{"start":{"line":115,"column":12},"end":{"line":115,"column":144}},"62":{"start":{"line":118,"column":8},"end":{"line":118,"column":50}},"63":{"start":{"line":120,"column":22},"end":{"line":124,"column":10}},"64":{"start":{"line":126,"column":8},"end":{"line":130,"column":10}},"65":{"start":{"line":138,"column":0},"end":{"line":138,"column":38}}},"fnMap":{"0":{"name":"(anonymous_0)","decl":{"start":{"line":8,"column":24},"end":{"line":8,"column":25}},"loc":{"start":{"line":8,"column":37},"end":{"line":18,"column":1}},"line":8},"1":{"name":"(anonymous_1)","decl":{"start":{"line":21,"column":4},"end":{"line":21,"column":5}},"loc":{"start":{"line":21,"column":19},"end":{"line":24,"column":5}},"line":21},"2":{"name":"(anonymous_2)","decl":{"start":{"line":26,"column":4},"end":{"line":26,"column":5}},"loc":{"start":{"line":26,"column":23},"end":{"line":29,"column":5}},"line":26},"3":{"name":"(anonymous_3)","decl":{"start":{"line":31,"column":4},"end":{"line":31,"column":5}},"loc":{"start":{"line":31,"column":25},"end":{"line":36,"column":5}},"line":31},"4":{"name":"(anonymous_4)","decl":{"start":{"line":38,"column":4},"end":{"line":38,"column":5}},"loc":{"start":{"line":38,"column":29},"end":{"line":56,"column":5}},"line":38},"5":{"name":"(anonymous_5)","decl":{"start":{"line":58,"column":4},"end":{"line":58,"column":5}},"loc":{"start":{"line":58,"column":22},"end":{"line":61,"column":5}},"line":58},"6":{"name":"(anonymous_6)","decl":{"start":{"line":63,"column":4},"end":{"line":63,"column":5}},"loc":{"start":{"line":63,"column":60},"end":{"line":92,"column":5}},"line":63},"7":{"name":"(anonymous_7)","decl":{"start":{"line":94,"column":4},"end":{"line":94,"column":5}},"loc":{"start":{"line":94,"column":31},"end":{"line":131,"column":5}},"line":94}},"branchMap":{"0":{"loc":{"start":{"line":9,"column":4},"end":{"line":9,"column":30}},"type":"if","locations":[{"start":{"line":9,"column":4},"end":{"line":9,"column":30}},{"start":{},"end":{}}],"line":9},"1":{"loc":{"start":{"line":40,"column":8},"end":{"line":40,"column":43}},"type":"if","locations":[{"start":{"line":40,"column":8},"end":{"line":40,"column":43}},{"start":{},"end":{}}],"line":40},"2":{"loc":{"start":{"line":42,"column":8},"end":{"line":44,"column":9}},"type":"if","locations":[{"start":{"line":42,"column":8},"end":{"line":44,"column":9}},{"start":{},"end":{}}],"line":42},"3":{"loc":{"start":{"line":42,"column":12},"end":{"line":42,"column":64}},"type":"binary-expr","locations":[{"start":{"line":42,"column":12},"end":{"line":42,"column":38}},{"start":{"line":42,"column":42},"end":{"line":42,"column":64}}],"line":42},"4":{"loc":{"start":{"line":46,"column":8},"end":{"line":52,"column":9}},"type":"if","locations":[{"start":{"line":46,"column":8},"end":{"line":52,"column":9}},{"start":{},"end":{}}],"line":46},"5":{"loc":{"start":{"line":48,"column":12},"end":{"line":50,"column":13}},"type":"if","locations":[{"start":{"line":48,"column":12},"end":{"line":50,"column":13}},{"start":{},"end":{}}],"line":48},"6":{"loc":{"start":{"line":65,"column":8},"end":{"line":65,"column":34}},"type":"if","locations":[{"start":{"line":65,"column":8},"end":{"line":65,"column":34}},{"start":{},"end":{}}],"line":65},"7":{"loc":{"start":{"line":67,"column":31},"end":{"line":67,"column":65}},"type":"binary-expr","locations":[{"start":{"line":67,"column":31},"end":{"line":67,"column":59}},{"start":{"line":67,"column":63},"end":{"line":67,"column":65}}],"line":67},"8":{"loc":{"start":{"line":68,"column":29},"end":{"line":68,"column":63}},"type":"binary-expr","locations":[{"start":{"line":68,"column":29},"end":{"line":68,"column":57}},{"start":{"line":68,"column":61},"end":{"line":68,"column":63}}],"line":68},"9":{"loc":{"start":{"line":70,"column":31},"end":{"line":74,"column":9}},"type":"binary-expr","locations":[{"start":{"line":70,"column":31},"end":{"line":70,"column":54}},{"start":{"line":70,"column":58},"end":{"line":74,"column":9}}],"line":70},"10":{"loc":{"start":{"line":85,"column":20},"end":{"line":85,"column":45}},"type":"binary-expr","locations":[{"start":{"line":85,"column":20},"end":{"line":85,"column":40}},{"start":{"line":85,"column":44},"end":{"line":85,"column":45}}],"line":85},"11":{"loc":{"start":{"line":97,"column":8},"end":{"line":99,"column":9}},"type":"if","locations":[{"start":{"line":97,"column":8},"end":{"line":99,"column":9}},{"start":{},"end":{}}],"line":97},"12":{"loc":{"start":{"line":101,"column":8},"end":{"line":104,"column":9}},"type":"if","locations":[{"start":{"line":101,"column":8},"end":{"line":104,"column":9}},{"start":{},"end":{}}],"line":101},"13":{"loc":{"start":{"line":101,"column":12},"end":{"line":101,"column":83}},"type":"binary-expr","locations":[{"start":{"line":101,"column":12},"end":{"line":101,"column":34}},{"start":{"line":101,"column":38},"end":{"line":101,"column":83}}],"line":101},"14":{"loc":{"start":{"line":107,"column":8},"end":{"line":116,"column":9}},"type":"if","locations":[{"start":{"line":107,"column":8},"end":{"line":116,"column":9}},{"start":{},"end":{}}],"line":107},"15":{"loc":{"start":{"line":109,"column":38},"end":{"line":109,"column":67}},"type":"binary-expr","locations":[{"start":{"line":109,"column":38},"end":{"line":109,"column":62}},{"start":{"line":109,"column":66},"end":{"line":109,"column":67}}],"line":109},"16":{"loc":{"start":{"line":111,"column":12},"end":{"line":114,"column":13}},"type":"if","locations":[{"start":{"line":111,"column":12},"end":{"line":114,"column":13}},{"start":{},"end":{}}],"line":111}},"s":{"0":10,"1":10,"2":10,"3":10,"4":10,"5":10,"6":10,"7":2,"8":8,"9":1,"10":1,"11":2,"12":2,"13":2,"14":2,"15":1,"16":1,"17":2,"18":2,"19":1,"20":1,"21":1,"22":1,"23":1,"24":1,"25":1,"26":1,"27":0,"28":1,"29":1,"30":1,"31":1,"32":2,"33":2,"34":0,"35":0,"36":0,"37":0,"38":0,"39":0,"40":0,"41":0,"42":0,"43":0,"44":0,"45":0,"46":0,"47":0,"48":9,"49":9,"50":2,"51":7,"52":2,"53":2,"54":5,"55":5,"56":3,"57":3,"58":3,"59":1,"60":1,"61":2,"62":2,"63":2,"64":2,"65":10},"f":{"0":10,"1":1,"2":2,"3":2,"4":2,"5":2,"6":0,"7":9},"b":{"0":[2,8],"1":[1,1],"2":[1,0],"3":[1,1],"4":[1,0],"5":[0,1],"6":[0,0],"7":[0,0],"8":[0,0],"9":[0,0],"10":[0,0],"11":[2,7],"12":[2,5],"13":[7,2],"14":[3,2],"15":[3,2],"16":[1,2]},"_coverageSchema":"1a1c01bbd47fc00a2c39e90264f33305004495a9","hash":"51b540ccd7c8d7cfed412ef89d2ebff3de9cf7d0"}
,"C:\\Users\\eikef\\OneDrive\\Documentos\\projects\\quiz-dev\\backend\\swagger\\swaggerConfig.js": {"path":"C:\\Users\\eikef\\OneDrive\\Documentos\\projects\\quiz-dev\\backend\\swagger\\swaggerConfig.js","statementMap":{"0":{"start":{"line":1,"column":21},"end":{"line":1,"column":45}},"1":{"start":{"line":3,"column":16},"end":{"line":18,"column":1}},"2":{"start":{"line":20,"column":20},"end":{"line":20,"column":41}},"3":{"start":{"line":22,"column":0},"end":{"line":22,"column":29}}},"fnMap":{},"branchMap":{},"s":{"0":3,"1":3,"2":3,"3":3},"f":{},"b":{},"_coverageSchema":"1a1c01bbd47fc00a2c39e90264f33305004495a9","hash":"74c3157038b842db97da4b8001b6fc3f2e0153be"}
,"C:\\Users\\eikef\\OneDrive\\Documentos\\projects\\quiz-dev\\backend\\test\\soma.js": {"path":"C:\\Users\\eikef\\OneDrive\\Documentos\\projects\\quiz-dev\\backend\\test\\soma.js","statementMap":{"0":{"start":{"line":2,"column":4},"end":{"line":2,"column":17}},"1":{"start":{"line":4,"column":0},"end":{"line":4,"column":22}}},"fnMap":{"0":{"name":"soma","decl":{"start":{"line":1,"column":9},"end":{"line":1,"column":13}},"loc":{"start":{"line":1,"column":20},"end":{"line":3,"column":1}},"line":1}},"branchMap":{},"s":{"0":1,"1":1},"f":{"0":1},"b":{},"_coverageSchema":"1a1c01bbd47fc00a2c39e90264f33305004495a9","hash":"5d36f571b6ffaed08aa2a36971616c2cad8999db"}
}
