{"C:\\Users\\eikef\\OneDrive\\Área de Trabalho\\eikefrota\\projetos\\quiz-dev\\backend\\index.js": {"path":"C:\\Users\\eikef\\OneDrive\\Área de Trabalho\\eikefrota\\projetos\\quiz-dev\\backend\\index.js","statementMap":{"0":{"start":{"line":1,"column":15},"end":{"line":1,"column":34}},"1":{"start":{"line":4,"column":15},"end":{"line":4,"column":27}},"2":{"start":{"line":5,"column":0},"end":{"line":5,"column":15}}},"fnMap":{},"branchMap":{},"s":{"0":1,"1":1,"2":1},"f":{},"b":{},"_coverageSchema":"1a1c01bbd47fc00a2c39e90264f33305004495a9","hash":"f380ff2f41aac79edd72e9612eda08632df32f93"}
,"C:\\Users\\eikef\\OneDrive\\Área de Trabalho\\eikefrota\\projetos\\quiz-dev\\backend\\server.js": {"path":"C:\\Users\\eikef\\OneDrive\\Área de Trabalho\\eikefrota\\projetos\\quiz-dev\\backend\\server.js","statementMap":{"0":{"start":{"line":1,"column":0},"end":{"line":1,"column":27}},"1":{"start":{"line":2,"column":16},"end":{"line":2,"column":34}},"2":{"start":{"line":3,"column":13},"end":{"line":3,"column":28}},"3":{"start":{"line":4,"column":15},"end":{"line":4,"column":32}},"4":{"start":{"line":5,"column":22},"end":{"line":5,"column":55}},"5":{"start":{"line":6,"column":24},"end":{"line":6,"column":59}},"6":{"start":{"line":7,"column":15},"end":{"line":7,"column":37}},"7":{"start":{"line":8,"column":18},"end":{"line":8,"column":47}},"8":{"start":{"line":9,"column":20},"end":{"line":9,"column":54}},"9":{"start":{"line":15,"column":8},"end":{"line":15,"column":29}},"10":{"start":{"line":16,"column":8},"end":{"line":16,"column":44}},"11":{"start":{"line":17,"column":8},"end":{"line":17,"column":34}},"12":{"start":{"line":18,"column":8},"end":{"line":18,"column":21}},"13":{"start":{"line":23,"column":8},"end":{"line":23,"column":37}},"14":{"start":{"line":24,"column":8},"end":{"line":24,"column":29}},"15":{"start":{"line":25,"column":8},"end":{"line":25,"column":36}},"16":{"start":{"line":26,"column":8},"end":{"line":26,"column":81}},"17":{"start":{"line":30,"column":8},"end":{"line":30,"column":53}},"18":{"start":{"line":31,"column":8},"end":{"line":31,"column":56}},"19":{"start":{"line":33,"column":12},"end":{"line":35,"column":11}},"20":{"start":{"line":34,"column":12},"end":{"line":34,"column":55}},"21":{"start":{"line":37,"column":8},"end":{"line":40,"column":11}},"22":{"start":{"line":38,"column":12},"end":{"line":38,"column":37}},"23":{"start":{"line":39,"column":12},"end":{"line":39,"column":76}},"24":{"start":{"line":46,"column":8},"end":{"line":52,"column":9}},"25":{"start":{"line":47,"column":12},"end":{"line":47,"column":52}},"26":{"start":{"line":48,"column":12},"end":{"line":48,"column":27}},"27":{"start":{"line":49,"column":12},"end":{"line":49,"column":54}},"28":{"start":{"line":51,"column":12},"end":{"line":51,"column":59}},"29":{"start":{"line":56,"column":4},"end":{"line":65,"column":5}},"30":{"start":{"line":57,"column":6},"end":{"line":57,"column":26}},"31":{"start":{"line":58,"column":6},"end":{"line":61,"column":9}},"32":{"start":{"line":59,"column":8},"end":{"line":59,"column":62}},"33":{"start":{"line":60,"column":8},"end":{"line":60,"column":84}},"34":{"start":{"line":63,"column":6},"end":{"line":63,"column":67}},"35":{"start":{"line":64,"column":6},"end":{"line":64,"column":22}},"36":{"start":{"line":68,"column":0},"end":{"line":68,"column":24}}},"fnMap":{"0":{"name":"(anonymous_0)","decl":{"start":{"line":14,"column":4},"end":{"line":14,"column":5}},"loc":{"start":{"line":14,"column":18},"end":{"line":19,"column":5}},"line":14},"1":{"name":"(anonymous_1)","decl":{"start":{"line":22,"column":4},"end":{"line":22,"column":5}},"loc":{"start":{"line":22,"column":26},"end":{"line":27,"column":9}},"line":22},"2":{"name":"(anonymous_2)","decl":{"start":{"line":29,"column":4},"end":{"line":29,"column":5}},"loc":{"start":{"line":29,"column":13},"end":{"line":43,"column":5}},"line":29},"3":{"name":"(anonymous_3)","decl":{"start":{"line":33,"column":30},"end":{"line":33,"column":31}},"loc":{"start":{"line":33,"column":44},"end":{"line":35,"column":9}},"line":33},"4":{"name":"(anonymous_4)","decl":{"start":{"line":37,"column":21},"end":{"line":37,"column":22}},"loc":{"start":{"line":37,"column":46},"end":{"line":40,"column":9}},"line":37},"5":{"name":"(anonymous_5)","decl":{"start":{"line":45,"column":4},"end":{"line":45,"column":5}},"loc":{"start":{"line":45,"column":19},"end":{"line":53,"column":5}},"line":45},"6":{"name":"(anonymous_6)","decl":{"start":{"line":55,"column":4},"end":{"line":55,"column":5}},"loc":{"start":{"line":55,"column":18},"end":{"line":66,"column":3}},"line":55},"7":{"name":"(anonymous_7)","decl":{"start":{"line":58,"column":33},"end":{"line":58,"column":34}},"loc":{"start":{"line":58,"column":39},"end":{"line":61,"column":7}},"line":58}},"branchMap":{"0":{"loc":{"start":{"line":16,"column":20},"end":{"line":16,"column":44}},"type":"binary-expr","locations":[{"start":{"line":16,"column":20},"end":{"line":16,"column":36}},{"start":{"line":16,"column":40},"end":{"line":16,"column":44}}],"line":16}},"s":{"0":3,"1":3,"2":3,"3":3,"4":3,"5":3,"6":3,"7":3,"8":3,"9":6,"10":6,"11":6,"12":6,"13":6,"14":6,"15":6,"16":6,"17":6,"18":6,"19":6,"20":1,"21":6,"22":0,"23":0,"24":1,"25":1,"26":1,"27":1,"28":0,"29":2,"30":2,"31":1,"32":1,"33":1,"34":1,"35":1,"36":3},"f":{"0":6,"1":6,"2":6,"3":1,"4":0,"5":1,"6":2,"7":1},"b":{"0":[6,1]},"_coverageSchema":"1a1c01bbd47fc00a2c39e90264f33305004495a9","hash":"88757067b7db3fe612cf7802f98bf5feb3b3a815"}
,"C:\\Users\\eikef\\OneDrive\\Área de Trabalho\\eikefrota\\projetos\\quiz-dev\\backend\\controllers\\perguntasController.js": {"path":"C:\\Users\\eikef\\OneDrive\\Área de Trabalho\\eikefrota\\projetos\\quiz-dev\\backend\\controllers\\perguntasController.js","statementMap":{"0":{"start":{"line":1,"column":25},"end":{"line":1,"column":64}},"1":{"start":{"line":5,"column":8},"end":{"line":5,"column":55}},"2":{"start":{"line":8,"column":19},"end":{"line":15,"column":5}},"3":{"start":{"line":9,"column":8},"end":{"line":14,"column":9}},"4":{"start":{"line":10,"column":30},"end":{"line":10,"column":72}},"5":{"start":{"line":11,"column":12},"end":{"line":11,"column":32}},"6":{"start":{"line":13,"column":12},"end":{"line":13,"column":24}},"7":{"start":{"line":17,"column":22},"end":{"line":25,"column":5}},"8":{"start":{"line":18,"column":8},"end":{"line":24,"column":9}},"9":{"start":{"line":19,"column":29},"end":{"line":19,"column":87}},"10":{"start":{"line":20,"column":12},"end":{"line":20,"column":93}},"11":{"start":{"line":20,"column":27},"end":{"line":20,"column":93}},"12":{"start":{"line":21,"column":12},"end":{"line":21,"column":31}},"13":{"start":{"line":23,"column":12},"end":{"line":23,"column":24}},"14":{"start":{"line":27,"column":30},"end":{"line":37,"column":5}},"15":{"start":{"line":28,"column":8},"end":{"line":36,"column":9}},"16":{"start":{"line":29,"column":30},"end":{"line":29,"column":49}},"17":{"start":{"line":30,"column":12},"end":{"line":30,"column":94}},"18":{"start":{"line":30,"column":28},"end":{"line":30,"column":94}},"19":{"start":{"line":31,"column":30},"end":{"line":31,"column":92}},"20":{"start":{"line":32,"column":12},"end":{"line":32,"column":130}},"21":{"start":{"line":32,"column":40},"end":{"line":32,"column":130}},"22":{"start":{"line":33,"column":12},"end":{"line":33,"column":32}},"23":{"start":{"line":35,"column":12},"end":{"line":35,"column":24}},"24":{"start":{"line":38,"column":21},"end":{"line":45,"column":5}},"25":{"start":{"line":39,"column":8},"end":{"line":44,"column":9}},"26":{"start":{"line":40,"column":29},"end":{"line":40,"column":81}},"27":{"start":{"line":41,"column":12},"end":{"line":41,"column":43}},"28":{"start":{"line":43,"column":12},"end":{"line":43,"column":24}},"29":{"start":{"line":47,"column":21},"end":{"line":55,"column":5}},"30":{"start":{"line":48,"column":8},"end":{"line":54,"column":9}},"31":{"start":{"line":49,"column":29},"end":{"line":49,"column":96}},"32":{"start":{"line":50,"column":12},"end":{"line":50,"column":93}},"33":{"start":{"line":50,"column":27},"end":{"line":50,"column":93}},"34":{"start":{"line":51,"column":12},"end":{"line":51,"column":31}},"35":{"start":{"line":53,"column":12},"end":{"line":53,"column":24}},"36":{"start":{"line":57,"column":21},"end":{"line":65,"column":5}},"37":{"start":{"line":58,"column":8},"end":{"line":64,"column":9}},"38":{"start":{"line":59,"column":29},"end":{"line":59,"column":86}},"39":{"start":{"line":60,"column":12},"end":{"line":60,"column":93}},"40":{"start":{"line":60,"column":27},"end":{"line":60,"column":93}},"41":{"start":{"line":61,"column":12},"end":{"line":61,"column":31}},"42":{"start":{"line":63,"column":12},"end":{"line":63,"column":24}},"43":{"start":{"line":68,"column":0},"end":{"line":68,"column":42}}},"fnMap":{"0":{"name":"(anonymous_0)","decl":{"start":{"line":4,"column":4},"end":{"line":4,"column":5}},"loc":{"start":{"line":4,"column":18},"end":{"line":6,"column":5}},"line":4},"1":{"name":"(anonymous_1)","decl":{"start":{"line":8,"column":19},"end":{"line":8,"column":20}},"loc":{"start":{"line":8,"column":45},"end":{"line":15,"column":5}},"line":8},"2":{"name":"(anonymous_2)","decl":{"start":{"line":17,"column":22},"end":{"line":17,"column":23}},"loc":{"start":{"line":17,"column":48},"end":{"line":25,"column":5}},"line":17},"3":{"name":"(anonymous_3)","decl":{"start":{"line":27,"column":30},"end":{"line":27,"column":31}},"loc":{"start":{"line":27,"column":56},"end":{"line":37,"column":5}},"line":27},"4":{"name":"(anonymous_4)","decl":{"start":{"line":38,"column":21},"end":{"line":38,"column":22}},"loc":{"start":{"line":38,"column":47},"end":{"line":45,"column":5}},"line":38},"5":{"name":"(anonymous_5)","decl":{"start":{"line":47,"column":21},"end":{"line":47,"column":22}},"loc":{"start":{"line":47,"column":47},"end":{"line":55,"column":5}},"line":47},"6":{"name":"(anonymous_6)","decl":{"start":{"line":57,"column":21},"end":{"line":57,"column":22}},"loc":{"start":{"line":57,"column":47},"end":{"line":65,"column":5}},"line":57}},"branchMap":{"0":{"loc":{"start":{"line":20,"column":12},"end":{"line":20,"column":93}},"type":"if","locations":[{"start":{"line":20,"column":12},"end":{"line":20,"column":93}},{"start":{},"end":{}}],"line":20},"1":{"loc":{"start":{"line":30,"column":12},"end":{"line":30,"column":94}},"type":"if","locations":[{"start":{"line":30,"column":12},"end":{"line":30,"column":94}},{"start":{},"end":{}}],"line":30},"2":{"loc":{"start":{"line":32,"column":12},"end":{"line":32,"column":130}},"type":"if","locations":[{"start":{"line":32,"column":12},"end":{"line":32,"column":130}},{"start":{},"end":{}}],"line":32},"3":{"loc":{"start":{"line":50,"column":12},"end":{"line":50,"column":93}},"type":"if","locations":[{"start":{"line":50,"column":12},"end":{"line":50,"column":93}},{"start":{},"end":{}}],"line":50},"4":{"loc":{"start":{"line":60,"column":12},"end":{"line":60,"column":93}},"type":"if","locations":[{"start":{"line":60,"column":12},"end":{"line":60,"column":93}},{"start":{},"end":{}}],"line":60}},"s":{"0":13,"1":13,"2":13,"3":2,"4":2,"5":2,"6":0,"7":13,"8":4,"9":4,"10":4,"11":2,"12":2,"13":0,"14":13,"15":5,"16":5,"17":5,"18":2,"19":3,"20":3,"21":2,"22":1,"23":0,"24":13,"25":2,"26":2,"27":2,"28":0,"29":13,"30":2,"31":2,"32":2,"33":1,"34":1,"35":0,"36":13,"37":2,"38":2,"39":2,"40":1,"41":1,"42":0,"43":13},"f":{"0":13,"1":2,"2":4,"3":5,"4":2,"5":2,"6":2},"b":{"0":[2,2],"1":[2,3],"2":[2,1],"3":[1,1],"4":[1,1]},"_coverageSchema":"1a1c01bbd47fc00a2c39e90264f33305004495a9","hash":"ed2328a7b742e774b03d66b3e7be20e2a98f11ff"}
,"C:\\Users\\eikef\\OneDrive\\Área de Trabalho\\eikefrota\\projetos\\quiz-dev\\backend\\controllers\\usuarioController.js": {"path":"C:\\Users\\eikef\\OneDrive\\Área de Trabalho\\eikefrota\\projetos\\quiz-dev\\backend\\controllers\\usuarioController.js","statementMap":{"0":{"start":{"line":1,"column":23},"end":{"line":1,"column":60}},"1":{"start":{"line":2,"column":19},"end":{"line":2,"column":52}},"2":{"start":{"line":3,"column":20},"end":{"line":3,"column":54}},"3":{"start":{"line":7,"column":4},"end":{"line":13,"column":5}},"4":{"start":{"line":8,"column":23},"end":{"line":8,"column":52}},"5":{"start":{"line":9,"column":6},"end":{"line":9,"column":37}},"6":{"start":{"line":11,"column":6},"end":{"line":11,"column":54}},"7":{"start":{"line":12,"column":6},"end":{"line":12,"column":65}},"8":{"start":{"line":17,"column":4},"end":{"line":29,"column":5}},"9":{"start":{"line":18,"column":21},"end":{"line":18,"column":31}},"10":{"start":{"line":19,"column":23},"end":{"line":19,"column":55}},"11":{"start":{"line":21,"column":6},"end":{"line":23,"column":7}},"12":{"start":{"line":22,"column":8},"end":{"line":22,"column":73}},"13":{"start":{"line":25,"column":6},"end":{"line":25,"column":37}},"14":{"start":{"line":27,"column":6},"end":{"line":27,"column":53}},"15":{"start":{"line":28,"column":6},"end":{"line":28,"column":65}},"16":{"start":{"line":33,"column":4},"end":{"line":53,"column":5}},"17":{"start":{"line":34,"column":22},"end":{"line":34,"column":30}},"18":{"start":{"line":35,"column":23},"end":{"line":35,"column":59}},"19":{"start":{"line":36,"column":20},"end":{"line":39,"column":7}},"20":{"start":{"line":40,"column":6},"end":{"line":46,"column":11}},"21":{"start":{"line":48,"column":6},"end":{"line":50,"column":7}},"22":{"start":{"line":49,"column":8},"end":{"line":49,"column":70}},"23":{"start":{"line":51,"column":6},"end":{"line":51,"column":52}},"24":{"start":{"line":52,"column":6},"end":{"line":52,"column":70}},"25":{"start":{"line":57,"column":4},"end":{"line":74,"column":5}},"26":{"start":{"line":58,"column":21},"end":{"line":58,"column":31}},"27":{"start":{"line":59,"column":22},"end":{"line":59,"column":30}},"28":{"start":{"line":60,"column":32},"end":{"line":60,"column":72}},"29":{"start":{"line":62,"column":6},"end":{"line":64,"column":7}},"30":{"start":{"line":63,"column":8},"end":{"line":63,"column":73}},"31":{"start":{"line":65,"column":6},"end":{"line":70,"column":11}},"32":{"start":{"line":72,"column":6},"end":{"line":72,"column":56}},"33":{"start":{"line":73,"column":6},"end":{"line":73,"column":74}},"34":{"start":{"line":78,"column":4},"end":{"line":97,"column":5}},"35":{"start":{"line":79,"column":21},"end":{"line":79,"column":31}},"36":{"start":{"line":80,"column":30},"end":{"line":80,"column":61}},"37":{"start":{"line":82,"column":6},"end":{"line":86,"column":7}},"38":{"start":{"line":83,"column":8},"end":{"line":85,"column":71}},"39":{"start":{"line":88,"column":6},"end":{"line":93,"column":11}},"40":{"start":{"line":95,"column":6},"end":{"line":95,"column":55}},"41":{"start":{"line":96,"column":6},"end":{"line":96,"column":72}},"42":{"start":{"line":101,"column":4},"end":{"line":110,"column":5}},"43":{"start":{"line":102,"column":24},"end":{"line":102,"column":32}},"44":{"start":{"line":103,"column":6},"end":{"line":105,"column":7}},"45":{"start":{"line":104,"column":8},"end":{"line":104,"column":70}},"46":{"start":{"line":106,"column":6},"end":{"line":106,"column":43}},"47":{"start":{"line":107,"column":6},"end":{"line":107,"column":73}},"48":{"start":{"line":109,"column":6},"end":{"line":109,"column":52}},"49":{"start":{"line":113,"column":4},"end":{"line":119,"column":5}},"50":{"start":{"line":114,"column":29},"end":{"line":114,"column":37}},"51":{"start":{"line":115,"column":20},"end":{"line":115,"column":61}},"52":{"start":{"line":116,"column":6},"end":{"line":116,"column":45}},"53":{"start":{"line":118,"column":6},"end":{"line":118,"column":60}},"54":{"start":{"line":122,"column":4},"end":{"line":136,"column":5}},"55":{"start":{"line":123,"column":34},"end":{"line":123,"column":42}},"56":{"start":{"line":125,"column":6},"end":{"line":129,"column":7}},"57":{"start":{"line":126,"column":8},"end":{"line":128,"column":66}},"58":{"start":{"line":130,"column":21},"end":{"line":130,"column":64}},"59":{"start":{"line":131,"column":6},"end":{"line":131,"column":35}},"60":{"start":{"line":133,"column":6},"end":{"line":135,"column":69}},"61":{"start":{"line":140,"column":0},"end":{"line":140,"column":41}}},"fnMap":{"0":{"name":"(anonymous_0)","decl":{"start":{"line":6,"column":2},"end":{"line":6,"column":3}},"loc":{"start":{"line":6,"column":25},"end":{"line":14,"column":3}},"line":6},"1":{"name":"(anonymous_1)","decl":{"start":{"line":16,"column":2},"end":{"line":16,"column":3}},"loc":{"start":{"line":16,"column":26},"end":{"line":30,"column":3}},"line":16},"2":{"name":"(anonymous_2)","decl":{"start":{"line":32,"column":2},"end":{"line":32,"column":3}},"loc":{"start":{"line":32,"column":25},"end":{"line":54,"column":3}},"line":32},"3":{"name":"(anonymous_3)","decl":{"start":{"line":56,"column":2},"end":{"line":56,"column":3}},"loc":{"start":{"line":56,"column":25},"end":{"line":75,"column":3}},"line":56},"4":{"name":"(anonymous_4)","decl":{"start":{"line":77,"column":2},"end":{"line":77,"column":3}},"loc":{"start":{"line":77,"column":25},"end":{"line":98,"column":3}},"line":77},"5":{"name":"(anonymous_5)","decl":{"start":{"line":100,"column":2},"end":{"line":100,"column":3}},"loc":{"start":{"line":100,"column":31},"end":{"line":111,"column":3}},"line":100},"6":{"name":"(anonymous_6)","decl":{"start":{"line":112,"column":2},"end":{"line":112,"column":3}},"loc":{"start":{"line":112,"column":31},"end":{"line":120,"column":3}},"line":112},"7":{"name":"(anonymous_7)","decl":{"start":{"line":121,"column":2},"end":{"line":121,"column":3}},"loc":{"start":{"line":121,"column":24},"end":{"line":137,"column":3}},"line":121}},"branchMap":{"0":{"loc":{"start":{"line":21,"column":6},"end":{"line":23,"column":7}},"type":"if","locations":[{"start":{"line":21,"column":6},"end":{"line":23,"column":7}},{"start":{},"end":{}}],"line":21},"1":{"loc":{"start":{"line":48,"column":6},"end":{"line":50,"column":7}},"type":"if","locations":[{"start":{"line":48,"column":6},"end":{"line":50,"column":7}},{"start":{},"end":{}}],"line":48},"2":{"loc":{"start":{"line":62,"column":6},"end":{"line":64,"column":7}},"type":"if","locations":[{"start":{"line":62,"column":6},"end":{"line":64,"column":7}},{"start":{},"end":{}}],"line":62},"3":{"loc":{"start":{"line":82,"column":6},"end":{"line":86,"column":7}},"type":"if","locations":[{"start":{"line":82,"column":6},"end":{"line":86,"column":7}},{"start":{},"end":{}}],"line":82},"4":{"loc":{"start":{"line":103,"column":6},"end":{"line":105,"column":7}},"type":"if","locations":[{"start":{"line":103,"column":6},"end":{"line":105,"column":7}},{"start":{},"end":{}}],"line":103},"5":{"loc":{"start":{"line":125,"column":6},"end":{"line":129,"column":7}},"type":"if","locations":[{"start":{"line":125,"column":6},"end":{"line":129,"column":7}},{"start":{},"end":{}}],"line":125},"6":{"loc":{"start":{"line":125,"column":10},"end":{"line":125,"column":29}},"type":"binary-expr","locations":[{"start":{"line":125,"column":10},"end":{"line":125,"column":16}},{"start":{"line":125,"column":20},"end":{"line":125,"column":29}}],"line":125},"7":{"loc":{"start":{"line":134,"column":16},"end":{"line":134,"column":35}},"type":"binary-expr","locations":[{"start":{"line":134,"column":16},"end":{"line":134,"column":28}},{"start":{"line":134,"column":32},"end":{"line":134,"column":35}}],"line":134},"8":{"loc":{"start":{"line":135,"column":25},"end":{"line":135,"column":65}},"type":"binary-expr","locations":[{"start":{"line":135,"column":25},"end":{"line":135,"column":38}},{"start":{"line":135,"column":42},"end":{"line":135,"column":65}}],"line":135}},"s":{"0":5,"1":5,"2":5,"3":2,"4":2,"5":1,"6":1,"7":1,"8":3,"9":3,"10":3,"11":2,"12":1,"13":1,"14":1,"15":1,"16":3,"17":3,"18":3,"19":1,"20":1,"21":2,"22":1,"23":1,"24":1,"25":3,"26":3,"27":3,"28":3,"29":2,"30":1,"31":1,"32":1,"33":1,"34":3,"35":3,"36":3,"37":2,"38":1,"39":1,"40":1,"41":1,"42":3,"43":3,"44":3,"45":1,"46":2,"47":1,"48":1,"49":2,"50":2,"51":2,"52":1,"53":1,"54":5,"55":5,"56":5,"57":1,"58":4,"59":1,"60":3,"61":5},"f":{"0":2,"1":3,"2":3,"3":3,"4":3,"5":3,"6":2,"7":5},"b":{"0":[1,1],"1":[1,1],"2":[1,1],"3":[1,1],"4":[1,2],"5":[1,4],"6":[5,5],"7":[3,2],"8":[3,1]},"_coverageSchema":"1a1c01bbd47fc00a2c39e90264f33305004495a9","hash":"c1dfaddc88637cc308d3a3ded0b03373de3df2ee"}
,"C:\\Users\\eikef\\OneDrive\\Área de Trabalho\\eikefrota\\projetos\\quiz-dev\\backend\\db\\db.js": {"path":"C:\\Users\\eikef\\OneDrive\\Área de Trabalho\\eikefrota\\projetos\\quiz-dev\\backend\\db\\db.js","statementMap":{"0":{"start":{"line":1,"column":0},"end":{"line":1,"column":28}},"1":{"start":{"line":3,"column":15},"end":{"line":3,"column":28}},"2":{"start":{"line":5,"column":13},"end":{"line":11,"column":2}},"3":{"start":{"line":13,"column":14},"end":{"line":13,"column":56}},"4":{"start":{"line":13,"column":32},"end":{"line":13,"column":56}},"5":{"start":{"line":15,"column":0},"end":{"line":15,"column":27}}},"fnMap":{"0":{"name":"(anonymous_0)","decl":{"start":{"line":13,"column":14},"end":{"line":13,"column":15}},"loc":{"start":{"line":13,"column":32},"end":{"line":13,"column":56}},"line":13}},"branchMap":{},"s":{"0":30,"1":30,"2":30,"3":30,"4":1,"5":30},"f":{"0":1},"b":{},"_coverageSchema":"1a1c01bbd47fc00a2c39e90264f33305004495a9","hash":"8750a6a83ef2d771772ff31de145262f9fc02ed8"}
,"C:\\Users\\eikef\\OneDrive\\Área de Trabalho\\eikefrota\\projetos\\quiz-dev\\backend\\db\\dbInit.js": {"path":"C:\\Users\\eikef\\OneDrive\\Área de Trabalho\\eikefrota\\projetos\\quiz-dev\\backend\\db\\dbInit.js","statementMap":{"0":{"start":{"line":1,"column":11},"end":{"line":1,"column":26}},"1":{"start":{"line":3,"column":27},"end":{"line":31,"column":1}},"2":{"start":{"line":4,"column":35},"end":{"line":4,"column":73}},"3":{"start":{"line":6,"column":4},"end":{"line":30,"column":5}},"4":{"start":{"line":7,"column":23},"end":{"line":7,"column":61}},"5":{"start":{"line":9,"column":8},"end":{"line":27,"column":9}},"6":{"start":{"line":10,"column":39},"end":{"line":21,"column":15}},"7":{"start":{"line":23,"column":12},"end":{"line":23,"column":47}},"8":{"start":{"line":24,"column":12},"end":{"line":24,"column":62}},"9":{"start":{"line":26,"column":12},"end":{"line":26,"column":52}},"10":{"start":{"line":29,"column":8},"end":{"line":29,"column":70}},"11":{"start":{"line":33,"column":28},"end":{"line":58,"column":1}},"12":{"start":{"line":34,"column":36},"end":{"line":34,"column":75}},"13":{"start":{"line":36,"column":4},"end":{"line":57,"column":5}},"14":{"start":{"line":37,"column":23},"end":{"line":37,"column":62}},"15":{"start":{"line":39,"column":8},"end":{"line":54,"column":9}},"16":{"start":{"line":40,"column":40},"end":{"line":48,"column":15}},"17":{"start":{"line":50,"column":12},"end":{"line":50,"column":48}},"18":{"start":{"line":51,"column":12},"end":{"line":51,"column":63}},"19":{"start":{"line":53,"column":12},"end":{"line":53,"column":54}},"20":{"start":{"line":56,"column":8},"end":{"line":56,"column":71}},"21":{"start":{"line":60,"column":15},"end":{"line":63,"column":1}},"22":{"start":{"line":61,"column":4},"end":{"line":61,"column":31}},"23":{"start":{"line":62,"column":4},"end":{"line":62,"column":32}},"24":{"start":{"line":65,"column":0},"end":{"line":65,"column":24}}},"fnMap":{"0":{"name":"(anonymous_0)","decl":{"start":{"line":3,"column":27},"end":{"line":3,"column":28}},"loc":{"start":{"line":3,"column":39},"end":{"line":31,"column":1}},"line":3},"1":{"name":"(anonymous_1)","decl":{"start":{"line":33,"column":28},"end":{"line":33,"column":29}},"loc":{"start":{"line":33,"column":40},"end":{"line":58,"column":1}},"line":33},"2":{"name":"(anonymous_2)","decl":{"start":{"line":60,"column":15},"end":{"line":60,"column":16}},"loc":{"start":{"line":60,"column":27},"end":{"line":63,"column":1}},"line":60}},"branchMap":{"0":{"loc":{"start":{"line":9,"column":8},"end":{"line":27,"column":9}},"type":"if","locations":[{"start":{"line":9,"column":8},"end":{"line":27,"column":9}},{"start":{"line":25,"column":15},"end":{"line":27,"column":9}}],"line":9},"1":{"loc":{"start":{"line":39,"column":8},"end":{"line":54,"column":9}},"type":"if","locations":[{"start":{"line":39,"column":8},"end":{"line":54,"column":9}},{"start":{"line":52,"column":15},"end":{"line":54,"column":9}}],"line":39}},"s":{"0":4,"1":4,"2":3,"3":3,"4":3,"5":2,"6":1,"7":1,"8":1,"9":1,"10":1,"11":4,"12":3,"13":3,"14":3,"15":3,"16":1,"17":1,"18":1,"19":1,"20":1,"21":4,"22":3,"23":3,"24":4},"f":{"0":3,"1":3,"2":3},"b":{"0":[1,1],"1":[1,1]},"_coverageSchema":"1a1c01bbd47fc00a2c39e90264f33305004495a9","hash":"2bb707a0166c39649ba5f96cc5021246813ee602"}
,"C:\\Users\\eikef\\OneDrive\\Área de Trabalho\\eikefrota\\projetos\\quiz-dev\\backend\\middleware\\authMiddleware.js": {"path":"C:\\Users\\eikef\\OneDrive\\Área de Trabalho\\eikefrota\\projetos\\quiz-dev\\backend\\middleware\\authMiddleware.js","statementMap":{"0":{"start":{"line":1,"column":12},"end":{"line":1,"column":35}},"1":{"start":{"line":3,"column":15},"end":{"line":3,"column":37}},"2":{"start":{"line":6,"column":23},"end":{"line":6,"column":51}},"3":{"start":{"line":7,"column":18},"end":{"line":7,"column":56}},"4":{"start":{"line":9,"column":4},"end":{"line":9,"column":80}},"5":{"start":{"line":9,"column":16},"end":{"line":9,"column":80}},"6":{"start":{"line":11,"column":4},"end":{"line":15,"column":7}},"7":{"start":{"line":12,"column":8},"end":{"line":12,"column":76}},"8":{"start":{"line":12,"column":17},"end":{"line":12,"column":76}},"9":{"start":{"line":13,"column":8},"end":{"line":13,"column":24}},"10":{"start":{"line":14,"column":8},"end":{"line":14,"column":15}},"11":{"start":{"line":18,"column":0},"end":{"line":18,"column":35}}},"fnMap":{"0":{"name":"authenticateToken","decl":{"start":{"line":5,"column":9},"end":{"line":5,"column":26}},"loc":{"start":{"line":5,"column":43},"end":{"line":16,"column":1}},"line":5},"1":{"name":"(anonymous_1)","decl":{"start":{"line":11,"column":30},"end":{"line":11,"column":31}},"loc":{"start":{"line":11,"column":45},"end":{"line":15,"column":5}},"line":11}},"branchMap":{"0":{"loc":{"start":{"line":7,"column":18},"end":{"line":7,"column":56}},"type":"binary-expr","locations":[{"start":{"line":7,"column":18},"end":{"line":7,"column":28}},{"start":{"line":7,"column":32},"end":{"line":7,"column":56}}],"line":7},"1":{"loc":{"start":{"line":9,"column":4},"end":{"line":9,"column":80}},"type":"if","locations":[{"start":{"line":9,"column":4},"end":{"line":9,"column":80}},{"start":{},"end":{}}],"line":9},"2":{"loc":{"start":{"line":12,"column":8},"end":{"line":12,"column":76}},"type":"if","locations":[{"start":{"line":12,"column":8},"end":{"line":12,"column":76}},{"start":{},"end":{}}],"line":12}},"s":{"0":6,"1":6,"2":5,"3":5,"4":5,"5":2,"6":3,"7":3,"8":1,"9":2,"10":2,"11":6},"f":{"0":5,"1":3},"b":{"0":[5,3],"1":[2,3],"2":[1,2]},"_coverageSchema":"1a1c01bbd47fc00a2c39e90264f33305004495a9","hash":"869078923f696dae3419abf65314efcfebce51d8"}
,"C:\\Users\\eikef\\OneDrive\\Área de Trabalho\\eikefrota\\projetos\\quiz-dev\\backend\\middleware\\erroMiddleware.js": {"path":"C:\\Users\\eikef\\OneDrive\\Área de Trabalho\\eikefrota\\projetos\\quiz-dev\\backend\\middleware\\erroMiddleware.js","statementMap":{"0":{"start":{"line":3,"column":8},"end":{"line":3,"column":33}},"1":{"start":{"line":4,"column":8},"end":{"line":4,"column":68}},"2":{"start":{"line":9,"column":0},"end":{"line":9,"column":28}}},"fnMap":{"0":{"name":"(anonymous_0)","decl":{"start":{"line":2,"column":4},"end":{"line":2,"column":5}},"loc":{"start":{"line":2,"column":39},"end":{"line":5,"column":5}},"line":2}},"branchMap":{},"s":{"0":1,"1":1,"2":1},"f":{"0":1},"b":{},"_coverageSchema":"1a1c01bbd47fc00a2c39e90264f33305004495a9","hash":"e17906e27611c84d5f06885563401ce6df8d2ccc"}
,"C:\\Users\\eikef\\OneDrive\\Área de Trabalho\\eikefrota\\projetos\\quiz-dev\\backend\\middleware\\validadePerguntaMiddleware.js": {"path":"C:\\Users\\eikef\\OneDrive\\Área de Trabalho\\eikefrota\\projetos\\quiz-dev\\backend\\middleware\\validadePerguntaMiddleware.js","statementMap":{"0":{"start":{"line":3,"column":8},"end":{"line":3,"column":23}},"1":{"start":{"line":4,"column":8},"end":{"line":4,"column":45}},"2":{"start":{"line":5,"column":8},"end":{"line":5,"column":30}},"3":{"start":{"line":9,"column":32},"end":{"line":9,"column":40}},"4":{"start":{"line":10,"column":27},"end":{"line":10,"column":56}},"5":{"start":{"line":11,"column":8},"end":{"line":13,"column":9}},"6":{"start":{"line":12,"column":12},"end":{"line":12,"column":107}},"7":{"start":{"line":14,"column":8},"end":{"line":14,"column":15}},"8":{"start":{"line":18,"column":0},"end":{"line":18,"column":40}}},"fnMap":{"0":{"name":"(anonymous_0)","decl":{"start":{"line":2,"column":4},"end":{"line":2,"column":5}},"loc":{"start":{"line":2,"column":25},"end":{"line":6,"column":5}},"line":2},"1":{"name":"(anonymous_1)","decl":{"start":{"line":8,"column":4},"end":{"line":8,"column":5}},"loc":{"start":{"line":8,"column":46},"end":{"line":15,"column":5}},"line":8}},"branchMap":{"0":{"loc":{"start":{"line":11,"column":8},"end":{"line":13,"column":9}},"type":"if","locations":[{"start":{"line":11,"column":8},"end":{"line":13,"column":9}},{"start":{},"end":{}}],"line":11},"1":{"loc":{"start":{"line":11,"column":12},"end":{"line":11,"column":60}},"type":"binary-expr","locations":[{"start":{"line":11,"column":12},"end":{"line":11,"column":23}},{"start":{"line":11,"column":27},"end":{"line":11,"column":60}}],"line":11}},"s":{"0":2,"1":2,"2":2,"3":3,"4":3,"5":3,"6":2,"7":1,"8":5},"f":{"0":2,"1":3},"b":{"0":[2,1],"1":[3,3]},"_coverageSchema":"1a1c01bbd47fc00a2c39e90264f33305004495a9","hash":"c88d6e8fa0315491e90d34041442425fbfb887ee"}
,"C:\\Users\\eikef\\OneDrive\\Área de Trabalho\\eikefrota\\projetos\\quiz-dev\\backend\\middleware\\validateUsuario.js": {"path":"C:\\Users\\eikef\\OneDrive\\Área de Trabalho\\eikefrota\\projetos\\quiz-dev\\backend\\middleware\\validateUsuario.js","statementMap":{"0":{"start":{"line":3,"column":53},"end":{"line":3,"column":61}},"1":{"start":{"line":5,"column":8},"end":{"line":7,"column":9}},"2":{"start":{"line":6,"column":12},"end":{"line":6,"column":89}},"3":{"start":{"line":10,"column":22},"end":{"line":10,"column":40}},"4":{"start":{"line":11,"column":8},"end":{"line":13,"column":9}},"5":{"start":{"line":12,"column":12},"end":{"line":12,"column":90}},"6":{"start":{"line":14,"column":8},"end":{"line":16,"column":9}},"7":{"start":{"line":15,"column":12},"end":{"line":15,"column":95}},"8":{"start":{"line":18,"column":8},"end":{"line":18,"column":15}},"9":{"start":{"line":22,"column":75},"end":{"line":22,"column":83}},"10":{"start":{"line":24,"column":8},"end":{"line":26,"column":9}},"11":{"start":{"line":25,"column":12},"end":{"line":25,"column":97}},"12":{"start":{"line":28,"column":22},"end":{"line":28,"column":40}},"13":{"start":{"line":29,"column":8},"end":{"line":31,"column":9}},"14":{"start":{"line":30,"column":12},"end":{"line":30,"column":90}},"15":{"start":{"line":32,"column":8},"end":{"line":34,"column":9}},"16":{"start":{"line":33,"column":12},"end":{"line":33,"column":95}},"17":{"start":{"line":36,"column":8},"end":{"line":36,"column":15}},"18":{"start":{"line":40,"column":0},"end":{"line":40,"column":33}}},"fnMap":{"0":{"name":"(anonymous_0)","decl":{"start":{"line":2,"column":4},"end":{"line":2,"column":5}},"loc":{"start":{"line":2,"column":43},"end":{"line":19,"column":5}},"line":2},"1":{"name":"(anonymous_1)","decl":{"start":{"line":21,"column":4},"end":{"line":21,"column":5}},"loc":{"start":{"line":21,"column":43},"end":{"line":37,"column":5}},"line":21}},"branchMap":{"0":{"loc":{"start":{"line":5,"column":8},"end":{"line":7,"column":9}},"type":"if","locations":[{"start":{"line":5,"column":8},"end":{"line":7,"column":9}},{"start":{},"end":{}}],"line":5},"1":{"loc":{"start":{"line":5,"column":12},"end":{"line":5,"column":54}},"type":"binary-expr","locations":[{"start":{"line":5,"column":12},"end":{"line":5,"column":17}},{"start":{"line":5,"column":21},"end":{"line":5,"column":31}},{"start":{"line":5,"column":35},"end":{"line":5,"column":41}},{"start":{"line":5,"column":45},"end":{"line":5,"column":54}}],"line":5},"2":{"loc":{"start":{"line":11,"column":8},"end":{"line":13,"column":9}},"type":"if","locations":[{"start":{"line":11,"column":8},"end":{"line":13,"column":9}},{"start":{},"end":{}}],"line":11},"3":{"loc":{"start":{"line":14,"column":8},"end":{"line":16,"column":9}},"type":"if","locations":[{"start":{"line":14,"column":8},"end":{"line":16,"column":9}},{"start":{},"end":{}}],"line":14},"4":{"loc":{"start":{"line":24,"column":8},"end":{"line":26,"column":9}},"type":"if","locations":[{"start":{"line":24,"column":8},"end":{"line":26,"column":9}},{"start":{},"end":{}}],"line":24},"5":{"loc":{"start":{"line":24,"column":12},"end":{"line":24,"column":79}},"type":"binary-expr","locations":[{"start":{"line":24,"column":12},"end":{"line":24,"column":17}},{"start":{"line":24,"column":21},"end":{"line":24,"column":31}},{"start":{"line":24,"column":35},"end":{"line":24,"column":41}},{"start":{"line":24,"column":45},"end":{"line":24,"column":54}},{"start":{"line":24,"column":58},"end":{"line":24,"column":79}}],"line":24},"6":{"loc":{"start":{"line":29,"column":8},"end":{"line":31,"column":9}},"type":"if","locations":[{"start":{"line":29,"column":8},"end":{"line":31,"column":9}},{"start":{},"end":{}}],"line":29},"7":{"loc":{"start":{"line":29,"column":12},"end":{"line":29,"column":37}},"type":"binary-expr","locations":[{"start":{"line":29,"column":12},"end":{"line":29,"column":16}},{"start":{"line":29,"column":20},"end":{"line":29,"column":37}}],"line":29},"8":{"loc":{"start":{"line":32,"column":8},"end":{"line":34,"column":9}},"type":"if","locations":[{"start":{"line":32,"column":8},"end":{"line":34,"column":9}},{"start":{},"end":{}}],"line":32},"9":{"loc":{"start":{"line":32,"column":12},"end":{"line":32,"column":47}},"type":"binary-expr","locations":[{"start":{"line":32,"column":12},"end":{"line":32,"column":21}},{"start":{"line":32,"column":25},"end":{"line":32,"column":47}}],"line":32}},"s":{"0":5,"1":5,"2":2,"3":3,"4":3,"5":1,"6":2,"7":1,"8":1,"9":4,"10":4,"11":1,"12":3,"13":3,"14":1,"15":2,"16":1,"17":1,"18":5},"f":{"0":5,"1":4},"b":{"0":[2,3],"1":[5,4,3,3],"2":[1,2],"3":[1,1],"4":[1,3],"5":[4,2,1,1,1],"6":[1,2],"7":[3,2],"8":[1,1],"9":[2,1]},"_coverageSchema":"1a1c01bbd47fc00a2c39e90264f33305004495a9","hash":"ae7d761398141da6efdd5e92c59650c8b39b3b73"}
,"C:\\Users\\eikef\\OneDrive\\Área de Trabalho\\eikefrota\\projetos\\quiz-dev\\backend\\models\\perguntaModel.js": {"path":"C:\\Users\\eikef\\OneDrive\\Área de Trabalho\\eikefrota\\projetos\\quiz-dev\\backend\\models\\perguntaModel.js","statementMap":{"0":{"start":{"line":3,"column":8},"end":{"line":3,"column":21}},"1":{"start":{"line":4,"column":8},"end":{"line":4,"column":35}},"2":{"start":{"line":5,"column":8},"end":{"line":5,"column":35}},"3":{"start":{"line":6,"column":8},"end":{"line":6,"column":33}},"4":{"start":{"line":7,"column":8},"end":{"line":7,"column":49}},"5":{"start":{"line":8,"column":8},"end":{"line":8,"column":57}},"6":{"start":{"line":12,"column":0},"end":{"line":12,"column":26}}},"fnMap":{"0":{"name":"(anonymous_0)","decl":{"start":{"line":2,"column":4},"end":{"line":2,"column":5}},"loc":{"start":{"line":2,"column":96},"end":{"line":9,"column":5}},"line":2}},"branchMap":{},"s":{"0":11,"1":11,"2":11,"3":11,"4":11,"5":11,"6":19},"f":{"0":11},"b":{},"_coverageSchema":"1a1c01bbd47fc00a2c39e90264f33305004495a9","hash":"3c5ff4874e9c10b6d6b205556604a1c8958a776e"}
,"C:\\Users\\eikef\\OneDrive\\Área de Trabalho\\eikefrota\\projetos\\quiz-dev\\backend\\models\\usuarioModel.js": {"path":"C:\\Users\\eikef\\OneDrive\\Área de Trabalho\\eikefrota\\projetos\\quiz-dev\\backend\\models\\usuarioModel.js","statementMap":{"0":{"start":{"line":3,"column":8},"end":{"line":3,"column":20}},"1":{"start":{"line":4,"column":8},"end":{"line":4,"column":24}},"2":{"start":{"line":5,"column":8},"end":{"line":5,"column":34}},"3":{"start":{"line":6,"column":8},"end":{"line":6,"column":46}},"4":{"start":{"line":7,"column":8},"end":{"line":7,"column":26}},"5":{"start":{"line":8,"column":8},"end":{"line":8,"column":32}},"6":{"start":{"line":9,"column":8},"end":{"line":9,"column":56}},"7":{"start":{"line":14,"column":8},"end":{"line":21,"column":10}},"8":{"start":{"line":25,"column":0},"end":{"line":25,"column":26}}},"fnMap":{"0":{"name":"(anonymous_0)","decl":{"start":{"line":2,"column":4},"end":{"line":2,"column":5}},"loc":{"start":{"line":2,"column":96},"end":{"line":10,"column":5}},"line":2},"1":{"name":"(anonymous_1)","decl":{"start":{"line":13,"column":4},"end":{"line":13,"column":5}},"loc":{"start":{"line":13,"column":13},"end":{"line":22,"column":5}},"line":13}},"branchMap":{},"s":{"0":8,"1":8,"2":8,"3":8,"4":8,"5":8,"6":8,"7":1,"8":14},"f":{"0":8,"1":1},"b":{},"_coverageSchema":"1a1c01bbd47fc00a2c39e90264f33305004495a9","hash":"cbb3f7d4be61611fa2f469827f6b512875c3fe84"}
,"C:\\Users\\eikef\\OneDrive\\Área de Trabalho\\eikefrota\\projetos\\quiz-dev\\backend\\repositories\\otpRepository.js": {"path":"C:\\Users\\eikef\\OneDrive\\Área de Trabalho\\eikefrota\\projetos\\quiz-dev\\backend\\repositories\\otpRepository.js","statementMap":{"0":{"start":{"line":1,"column":11},"end":{"line":1,"column":30}},"1":{"start":{"line":5,"column":8},"end":{"line":11,"column":11}},"2":{"start":{"line":12,"column":8},"end":{"line":16,"column":25}},"3":{"start":{"line":20,"column":23},"end":{"line":20,"column":85}},"4":{"start":{"line":21,"column":8},"end":{"line":21,"column":30}},"5":{"start":{"line":24,"column":8},"end":{"line":24,"column":69}},"6":{"start":{"line":27,"column":0},"end":{"line":27,"column":37}}},"fnMap":{"0":{"name":"(anonymous_0)","decl":{"start":{"line":4,"column":4},"end":{"line":4,"column":5}},"loc":{"start":{"line":4,"column":37},"end":{"line":17,"column":5}},"line":4},"1":{"name":"(anonymous_1)","decl":{"start":{"line":19,"column":4},"end":{"line":19,"column":5}},"loc":{"start":{"line":19,"column":29},"end":{"line":22,"column":5}},"line":19},"2":{"name":"(anonymous_2)","decl":{"start":{"line":23,"column":4},"end":{"line":23,"column":5}},"loc":{"start":{"line":23,"column":31},"end":{"line":25,"column":5}},"line":23}},"branchMap":{},"s":{"0":8,"1":2,"2":2,"3":2,"4":2,"5":1,"6":8},"f":{"0":2,"1":2,"2":1},"b":{},"_coverageSchema":"1a1c01bbd47fc00a2c39e90264f33305004495a9","hash":"eddcce6bfbacae14a904fa620afddaaeeb1180f0"}
,"C:\\Users\\eikef\\OneDrive\\Área de Trabalho\\eikefrota\\projetos\\quiz-dev\\backend\\repositories\\perguntasRepository.js": {"path":"C:\\Users\\eikef\\OneDrive\\Área de Trabalho\\eikefrota\\projetos\\quiz-dev\\backend\\repositories\\perguntasRepository.js","statementMap":{"0":{"start":{"line":1,"column":11},"end":{"line":1,"column":30}},"1":{"start":{"line":2,"column":17},"end":{"line":2,"column":51}},"2":{"start":{"line":6,"column":23},"end":{"line":6,"column":63}},"3":{"start":{"line":7,"column":8},"end":{"line":7,"column":57}},"4":{"start":{"line":7,"column":38},"end":{"line":7,"column":55}},"5":{"start":{"line":11,"column":23},"end":{"line":11,"column":83}},"6":{"start":{"line":12,"column":8},"end":{"line":12,"column":68}},"7":{"start":{"line":16,"column":23},"end":{"line":19,"column":9}},"8":{"start":{"line":20,"column":8},"end":{"line":20,"column":57}},"9":{"start":{"line":20,"column":38},"end":{"line":20,"column":55}},"10":{"start":{"line":25,"column":23},"end":{"line":28,"column":9}},"11":{"start":{"line":29,"column":8},"end":{"line":29,"column":44}},"12":{"start":{"line":33,"column":30},"end":{"line":33,"column":52}},"13":{"start":{"line":34,"column":8},"end":{"line":34,"column":40}},"14":{"start":{"line":34,"column":28},"end":{"line":34,"column":40}},"15":{"start":{"line":35,"column":26},"end":{"line":35,"column":68}},"16":{"start":{"line":36,"column":26},"end":{"line":36,"column":68}},"17":{"start":{"line":37,"column":25},"end":{"line":37,"column":65}},"18":{"start":{"line":38,"column":33},"end":{"line":38,"column":89}},"19":{"start":{"line":40,"column":37},"end":{"line":42,"column":48}},"20":{"start":{"line":44,"column":23},"end":{"line":47,"column":9}},"21":{"start":{"line":48,"column":8},"end":{"line":48,"column":44}},"22":{"start":{"line":52,"column":23},"end":{"line":52,"column":93}},"23":{"start":{"line":53,"column":8},"end":{"line":53,"column":68}},"24":{"start":{"line":57,"column":0},"end":{"line":57,"column":43}}},"fnMap":{"0":{"name":"(anonymous_0)","decl":{"start":{"line":5,"column":4},"end":{"line":5,"column":5}},"loc":{"start":{"line":5,"column":19},"end":{"line":8,"column":5}},"line":5},"1":{"name":"(anonymous_1)","decl":{"start":{"line":7,"column":31},"end":{"line":7,"column":32}},"loc":{"start":{"line":7,"column":38},"end":{"line":7,"column":55}},"line":7},"2":{"name":"(anonymous_2)","decl":{"start":{"line":10,"column":4},"end":{"line":10,"column":5}},"loc":{"start":{"line":10,"column":22},"end":{"line":13,"column":5}},"line":10},"3":{"name":"(anonymous_3)","decl":{"start":{"line":15,"column":4},"end":{"line":15,"column":5}},"loc":{"start":{"line":15,"column":36},"end":{"line":21,"column":5}},"line":15},"4":{"name":"(anonymous_4)","decl":{"start":{"line":20,"column":31},"end":{"line":20,"column":32}},"loc":{"start":{"line":20,"column":38},"end":{"line":20,"column":55}},"line":20},"5":{"name":"(anonymous_5)","decl":{"start":{"line":23,"column":4},"end":{"line":23,"column":5}},"loc":{"start":{"line":23,"column":93},"end":{"line":30,"column":5}},"line":23},"6":{"name":"(anonymous_6)","decl":{"start":{"line":32,"column":4},"end":{"line":32,"column":5}},"loc":{"start":{"line":32,"column":28},"end":{"line":49,"column":5}},"line":32},"7":{"name":"(anonymous_7)","decl":{"start":{"line":51,"column":4},"end":{"line":51,"column":5}},"loc":{"start":{"line":51,"column":21},"end":{"line":54,"column":5}},"line":51}},"branchMap":{"0":{"loc":{"start":{"line":12,"column":15},"end":{"line":12,"column":67}},"type":"cond-expr","locations":[{"start":{"line":12,"column":32},"end":{"line":12,"column":60}},{"start":{"line":12,"column":63},"end":{"line":12,"column":67}}],"line":12},"1":{"loc":{"start":{"line":34,"column":8},"end":{"line":34,"column":40}},"type":"if","locations":[{"start":{"line":34,"column":8},"end":{"line":34,"column":40}},{"start":{},"end":{}}],"line":34},"2":{"loc":{"start":{"line":35,"column":26},"end":{"line":35,"column":68}},"type":"binary-expr","locations":[{"start":{"line":35,"column":26},"end":{"line":35,"column":41}},{"start":{"line":35,"column":45},"end":{"line":35,"column":68}}],"line":35},"3":{"loc":{"start":{"line":36,"column":26},"end":{"line":36,"column":68}},"type":"binary-expr","locations":[{"start":{"line":36,"column":26},"end":{"line":36,"column":41}},{"start":{"line":36,"column":45},"end":{"line":36,"column":68}}],"line":36},"4":{"loc":{"start":{"line":37,"column":25},"end":{"line":37,"column":65}},"type":"binary-expr","locations":[{"start":{"line":37,"column":25},"end":{"line":37,"column":39}},{"start":{"line":37,"column":43},"end":{"line":37,"column":65}}],"line":37},"5":{"loc":{"start":{"line":38,"column":33},"end":{"line":38,"column":89}},"type":"binary-expr","locations":[{"start":{"line":38,"column":33},"end":{"line":38,"column":55}},{"start":{"line":38,"column":59},"end":{"line":38,"column":89}}],"line":38},"6":{"loc":{"start":{"line":40,"column":37},"end":{"line":42,"column":48}},"type":"cond-expr","locations":[{"start":{"line":41,"column":14},"end":{"line":41,"column":56}},{"start":{"line":42,"column":14},"end":{"line":42,"column":48}}],"line":40},"7":{"loc":{"start":{"line":53,"column":15},"end":{"line":53,"column":67}},"type":"cond-expr","locations":[{"start":{"line":53,"column":32},"end":{"line":53,"column":60}},{"start":{"line":53,"column":63},"end":{"line":53,"column":67}}],"line":53}},"s":{"0":18,"1":18,"2":2,"3":2,"4":2,"5":4,"6":4,"7":1,"8":1,"9":1,"10":2,"11":2,"12":5,"13":5,"14":3,"15":2,"16":2,"17":2,"18":2,"19":2,"20":2,"21":2,"22":3,"23":3,"24":18},"f":{"0":2,"1":2,"2":4,"3":1,"4":1,"5":2,"6":5,"7":3},"b":{"0":[2,2],"1":[3,2],"2":[2,1],"3":[2,2],"4":[2,1],"5":[2,2],"6":[0,2],"7":[1,2]},"_coverageSchema":"1a1c01bbd47fc00a2c39e90264f33305004495a9","hash":"f4433f0c3e4f2c7ab4d0dcd931aac9164fbfbd17"}
,"C:\\Users\\eikef\\OneDrive\\Área de Trabalho\\eikefrota\\projetos\\quiz-dev\\backend\\repositories\\usuarioRepository.js": {"path":"C:\\Users\\eikef\\OneDrive\\Área de Trabalho\\eikefrota\\projetos\\quiz-dev\\backend\\repositories\\usuarioRepository.js","statementMap":{"0":{"start":{"line":1,"column":11},"end":{"line":1,"column":30}},"1":{"start":{"line":2,"column":16},"end":{"line":2,"column":49}},"2":{"start":{"line":7,"column":23},"end":{"line":7,"column":62}},"3":{"start":{"line":8,"column":8},"end":{"line":8,"column":56}},"4":{"start":{"line":8,"column":38},"end":{"line":8,"column":54}},"5":{"start":{"line":11,"column":23},"end":{"line":11,"column":82}},"6":{"start":{"line":12,"column":8},"end":{"line":12,"column":67}},"7":{"start":{"line":16,"column":23},"end":{"line":16,"column":88}},"8":{"start":{"line":17,"column":8},"end":{"line":17,"column":31}},"9":{"start":{"line":18,"column":8},"end":{"line":18,"column":29}},"10":{"start":{"line":22,"column":25},"end":{"line":22,"column":90}},"11":{"start":{"line":23,"column":8},"end":{"line":25,"column":9}},"12":{"start":{"line":24,"column":12},"end":{"line":24,"column":51}},"13":{"start":{"line":27,"column":8},"end":{"line":29,"column":9}},"14":{"start":{"line":28,"column":12},"end":{"line":28,"column":38}},"15":{"start":{"line":30,"column":23},"end":{"line":33,"column":9}},"16":{"start":{"line":34,"column":8},"end":{"line":34,"column":43}},"17":{"start":{"line":38,"column":29},"end":{"line":38,"column":51}},"18":{"start":{"line":39,"column":8},"end":{"line":39,"column":39}},"19":{"start":{"line":39,"column":27},"end":{"line":39,"column":39}},"20":{"start":{"line":42,"column":21},"end":{"line":42,"column":52}},"21":{"start":{"line":43,"column":26},"end":{"line":43,"column":67}},"22":{"start":{"line":44,"column":32},"end":{"line":44,"column":85}},"23":{"start":{"line":45,"column":22},"end":{"line":45,"column":55}},"24":{"start":{"line":46,"column":25},"end":{"line":46,"column":64}},"25":{"start":{"line":47,"column":37},"end":{"line":47,"column":100}},"26":{"start":{"line":49,"column":23},"end":{"line":52,"column":9}},"27":{"start":{"line":53,"column":8},"end":{"line":53,"column":43}},"28":{"start":{"line":57,"column":23},"end":{"line":57,"column":92}},"29":{"start":{"line":58,"column":8},"end":{"line":58,"column":67}},"30":{"start":{"line":62,"column":8},"end":{"line":65,"column":40}},"31":{"start":{"line":69,"column":8},"end":{"line":72,"column":40}},"32":{"start":{"line":76,"column":8},"end":{"line":80,"column":39}},"33":{"start":{"line":84,"column":0},"end":{"line":84,"column":41}}},"fnMap":{"0":{"name":"(anonymous_0)","decl":{"start":{"line":6,"column":4},"end":{"line":6,"column":5}},"loc":{"start":{"line":6,"column":19},"end":{"line":9,"column":5}},"line":6},"1":{"name":"(anonymous_1)","decl":{"start":{"line":8,"column":31},"end":{"line":8,"column":32}},"loc":{"start":{"line":8,"column":38},"end":{"line":8,"column":54}},"line":8},"2":{"name":"(anonymous_2)","decl":{"start":{"line":10,"column":4},"end":{"line":10,"column":5}},"loc":{"start":{"line":10,"column":22},"end":{"line":13,"column":5}},"line":10},"3":{"name":"(anonymous_3)","decl":{"start":{"line":15,"column":4},"end":{"line":15,"column":5}},"loc":{"start":{"line":15,"column":28},"end":{"line":19,"column":5}},"line":15},"4":{"name":"(anonymous_4)","decl":{"start":{"line":20,"column":4},"end":{"line":20,"column":5}},"loc":{"start":{"line":20,"column":94},"end":{"line":35,"column":5}},"line":20},"5":{"name":"(anonymous_5)","decl":{"start":{"line":36,"column":4},"end":{"line":36,"column":5}},"loc":{"start":{"line":36,"column":28},"end":{"line":54,"column":5}},"line":36},"6":{"name":"(anonymous_6)","decl":{"start":{"line":56,"column":4},"end":{"line":56,"column":5}},"loc":{"start":{"line":56,"column":21},"end":{"line":59,"column":5}},"line":56},"7":{"name":"(anonymous_7)","decl":{"start":{"line":61,"column":4},"end":{"line":61,"column":5}},"loc":{"start":{"line":61,"column":39},"end":{"line":66,"column":5}},"line":61},"8":{"name":"(anonymous_8)","decl":{"start":{"line":68,"column":4},"end":{"line":68,"column":5}},"loc":{"start":{"line":68,"column":35},"end":{"line":73,"column":5}},"line":68},"9":{"name":"(anonymous_9)","decl":{"start":{"line":75,"column":4},"end":{"line":75,"column":5}},"loc":{"start":{"line":75,"column":55},"end":{"line":81,"column":5}},"line":75}},"branchMap":{"0":{"loc":{"start":{"line":12,"column":15},"end":{"line":12,"column":66}},"type":"cond-expr","locations":[{"start":{"line":12,"column":32},"end":{"line":12,"column":59}},{"start":{"line":12,"column":62},"end":{"line":12,"column":66}}],"line":12},"1":{"loc":{"start":{"line":23,"column":8},"end":{"line":25,"column":9}},"type":"if","locations":[{"start":{"line":23,"column":8},"end":{"line":25,"column":9}},{"start":{},"end":{}}],"line":23},"2":{"loc":{"start":{"line":27,"column":8},"end":{"line":29,"column":9}},"type":"if","locations":[{"start":{"line":27,"column":8},"end":{"line":29,"column":9}},{"start":{},"end":{}}],"line":27},"3":{"loc":{"start":{"line":39,"column":8},"end":{"line":39,"column":39}},"type":"if","locations":[{"start":{"line":39,"column":8},"end":{"line":39,"column":39}},{"start":{},"end":{}}],"line":39},"4":{"loc":{"start":{"line":42,"column":21},"end":{"line":42,"column":52}},"type":"binary-expr","locations":[{"start":{"line":42,"column":21},"end":{"line":42,"column":31}},{"start":{"line":42,"column":35},"end":{"line":42,"column":52}}],"line":42},"5":{"loc":{"start":{"line":43,"column":26},"end":{"line":43,"column":67}},"type":"binary-expr","locations":[{"start":{"line":43,"column":26},"end":{"line":43,"column":41}},{"start":{"line":43,"column":45},"end":{"line":43,"column":67}}],"line":43},"6":{"loc":{"start":{"line":44,"column":32},"end":{"line":44,"column":85}},"type":"binary-expr","locations":[{"start":{"line":44,"column":32},"end":{"line":44,"column":53}},{"start":{"line":44,"column":57},"end":{"line":44,"column":85}}],"line":44},"7":{"loc":{"start":{"line":45,"column":22},"end":{"line":45,"column":55}},"type":"binary-expr","locations":[{"start":{"line":45,"column":22},"end":{"line":45,"column":33}},{"start":{"line":45,"column":37},"end":{"line":45,"column":55}}],"line":45},"8":{"loc":{"start":{"line":46,"column":25},"end":{"line":46,"column":64}},"type":"binary-expr","locations":[{"start":{"line":46,"column":25},"end":{"line":46,"column":39}},{"start":{"line":46,"column":43},"end":{"line":46,"column":64}}],"line":46},"9":{"loc":{"start":{"line":47,"column":37},"end":{"line":47,"column":100}},"type":"binary-expr","locations":[{"start":{"line":47,"column":37},"end":{"line":47,"column":63}},{"start":{"line":47,"column":67},"end":{"line":47,"column":100}}],"line":47},"10":{"loc":{"start":{"line":58,"column":15},"end":{"line":58,"column":66}},"type":"cond-expr","locations":[{"start":{"line":58,"column":32},"end":{"line":58,"column":59}},{"start":{"line":58,"column":62},"end":{"line":58,"column":66}}],"line":58}},"s":{"0":13,"1":13,"2":1,"3":1,"4":1,"5":4,"6":4,"7":3,"8":3,"9":3,"10":3,"11":3,"12":2,"13":1,"14":1,"15":1,"16":1,"17":3,"18":3,"19":1,"20":2,"21":2,"22":2,"23":2,"24":2,"25":2,"26":2,"27":2,"28":3,"29":3,"30":2,"31":2,"32":2,"33":13},"f":{"0":1,"1":1,"2":4,"3":3,"4":3,"5":3,"6":3,"7":2,"8":2,"9":2},"b":{"0":[2,2],"1":[2,1],"2":[1,0],"3":[1,2],"4":[2,0],"5":[2,2],"6":[2,2],"7":[2,2],"8":[2,2],"9":[2,2],"10":[1,2]},"_coverageSchema":"1a1c01bbd47fc00a2c39e90264f33305004495a9","hash":"c1a3fb6e5595b760e32aa19fc525884cf2832078"}
,"C:\\Users\\eikef\\OneDrive\\Área de Trabalho\\eikefrota\\projetos\\quiz-dev\\backend\\routes\\perguntasRoutes.js": {"path":"C:\\Users\\eikef\\OneDrive\\Área de Trabalho\\eikefrota\\projetos\\quiz-dev\\backend\\routes\\perguntasRoutes.js","statementMap":{"0":{"start":{"line":1,"column":16},"end":{"line":1,"column":34}},"1":{"start":{"line":2,"column":28},"end":{"line":2,"column":73}},"2":{"start":{"line":3,"column":31},"end":{"line":3,"column":82}},"3":{"start":{"line":7,"column":8},"end":{"line":7,"column":39}},"4":{"start":{"line":8,"column":8},"end":{"line":8,"column":30}},"5":{"start":{"line":22,"column":8},"end":{"line":22,"column":63}},"6":{"start":{"line":42,"column":8},"end":{"line":42,"column":83}},"7":{"start":{"line":62,"column":8},"end":{"line":62,"column":69}},"8":{"start":{"line":94,"column":8},"end":{"line":94,"column":66}},"9":{"start":{"line":135,"column":8},"end":{"line":135,"column":68}},"10":{"start":{"line":155,"column":8},"end":{"line":155,"column":71}},"11":{"start":{"line":159,"column":0},"end":{"line":159,"column":46}}},"fnMap":{"0":{"name":"(anonymous_0)","decl":{"start":{"line":6,"column":4},"end":{"line":6,"column":5}},"loc":{"start":{"line":6,"column":18},"end":{"line":9,"column":5}},"line":6},"1":{"name":"(anonymous_1)","decl":{"start":{"line":11,"column":4},"end":{"line":11,"column":5}},"loc":{"start":{"line":11,"column":21},"end":{"line":156,"column":5}},"line":11}},"branchMap":{},"s":{"0":3,"1":3,"2":3,"3":3,"4":3,"5":3,"6":3,"7":3,"8":3,"9":3,"10":3,"11":3},"f":{"0":3,"1":3},"b":{},"_coverageSchema":"1a1c01bbd47fc00a2c39e90264f33305004495a9","hash":"0c3f4857be14d9c74d1b0966d1fd0a7520aeb758"}
,"C:\\Users\\eikef\\OneDrive\\Área de Trabalho\\eikefrota\\projetos\\quiz-dev\\backend\\routes\\usuarioRoutes.js": {"path":"C:\\Users\\eikef\\OneDrive\\Área de Trabalho\\eikefrota\\projetos\\quiz-dev\\backend\\routes\\usuarioRoutes.js","statementMap":{"0":{"start":{"line":1,"column":16},"end":{"line":1,"column":34}},"1":{"start":{"line":2,"column":19},"end":{"line":2,"column":62}},"2":{"start":{"line":3,"column":24},"end":{"line":3,"column":64}},"3":{"start":{"line":4,"column":12},"end":{"line":4,"column":35}},"4":{"start":{"line":5,"column":19},"end":{"line":5,"column":175}},"5":{"start":{"line":6,"column":26},"end":{"line":6,"column":65}},"6":{"start":{"line":11,"column":8},"end":{"line":11,"column":39}},"7":{"start":{"line":12,"column":8},"end":{"line":12,"column":30}},"8":{"start":{"line":26,"column":8},"end":{"line":26,"column":48}},"9":{"start":{"line":47,"column":8},"end":{"line":47,"column":71}},"10":{"start":{"line":79,"column":8},"end":{"line":79,"column":81}},"11":{"start":{"line":114,"column":8},"end":{"line":114,"column":101}},"12":{"start":{"line":134,"column":8},"end":{"line":134,"column":72}},"13":{"start":{"line":136,"column":8},"end":{"line":136,"column":52}},"14":{"start":{"line":138,"column":8},"end":{"line":138,"column":68}},"15":{"start":{"line":139,"column":8},"end":{"line":139,"column":68}},"16":{"start":{"line":143,"column":8},"end":{"line":143,"column":26}},"17":{"start":{"line":147,"column":0},"end":{"line":147,"column":49}}},"fnMap":{"0":{"name":"(anonymous_0)","decl":{"start":{"line":10,"column":4},"end":{"line":10,"column":5}},"loc":{"start":{"line":10,"column":18},"end":{"line":13,"column":5}},"line":10},"1":{"name":"(anonymous_1)","decl":{"start":{"line":15,"column":4},"end":{"line":15,"column":5}},"loc":{"start":{"line":15,"column":21},"end":{"line":140,"column":5}},"line":15},"2":{"name":"(anonymous_2)","decl":{"start":{"line":142,"column":4},"end":{"line":142,"column":5}},"loc":{"start":{"line":142,"column":16},"end":{"line":144,"column":5}},"line":142}},"branchMap":{"0":{"loc":{"start":{"line":5,"column":19},"end":{"line":5,"column":175}},"type":"binary-expr","locations":[{"start":{"line":5,"column":19},"end":{"line":5,"column":41}},{"start":{"line":5,"column":45},"end":{"line":5,"column":175}}],"line":5}},"s":{"0":3,"1":3,"2":3,"3":3,"4":3,"5":3,"6":3,"7":3,"8":3,"9":3,"10":3,"11":3,"12":3,"13":3,"14":3,"15":3,"16":3,"17":3},"f":{"0":3,"1":3,"2":3},"b":{"0":[3,0]},"_coverageSchema":"1a1c01bbd47fc00a2c39e90264f33305004495a9","hash":"d1214148739e5c12add7be69eac13b045343f0ff"}
,"C:\\Users\\eikef\\OneDrive\\Área de Trabalho\\eikefrota\\projetos\\quiz-dev\\backend\\services\\authService.js": {"path":"C:\\Users\\eikef\\OneDrive\\Área de Trabalho\\eikefrota\\projetos\\quiz-dev\\backend\\services\\authService.js","statementMap":{"0":{"start":{"line":1,"column":12},"end":{"line":1,"column":35}},"1":{"start":{"line":2,"column":15},"end":{"line":2,"column":32}},"2":{"start":{"line":6,"column":4},"end":{"line":6,"column":44}},"3":{"start":{"line":7,"column":4},"end":{"line":7,"column":32}},"4":{"start":{"line":11,"column":4},"end":{"line":11,"column":60}},"5":{"start":{"line":16,"column":4},"end":{"line":16,"column":50}},"6":{"start":{"line":20,"column":4},"end":{"line":20,"column":45}},"7":{"start":{"line":24,"column":0},"end":{"line":24,"column":35}}},"fnMap":{"0":{"name":"(anonymous_0)","decl":{"start":{"line":5,"column":2},"end":{"line":5,"column":3}},"loc":{"start":{"line":5,"column":16},"end":{"line":8,"column":3}},"line":5},"1":{"name":"(anonymous_1)","decl":{"start":{"line":10,"column":2},"end":{"line":10,"column":3}},"loc":{"start":{"line":10,"column":59},"end":{"line":12,"column":3}},"line":10},"2":{"name":"(anonymous_2)","decl":{"start":{"line":15,"column":2},"end":{"line":15,"column":3}},"loc":{"start":{"line":15,"column":59},"end":{"line":17,"column":3}},"line":15},"3":{"name":"(anonymous_3)","decl":{"start":{"line":19,"column":2},"end":{"line":19,"column":3}},"loc":{"start":{"line":19,"column":21},"end":{"line":21,"column":3}},"line":19}},"branchMap":{"0":{"loc":{"start":{"line":10,"column":25},"end":{"line":10,"column":57}},"type":"default-arg","locations":[{"start":{"line":10,"column":37},"end":{"line":10,"column":57}}],"line":10},"1":{"loc":{"start":{"line":15,"column":25},"end":{"line":15,"column":57}},"type":"default-arg","locations":[{"start":{"line":15,"column":37},"end":{"line":15,"column":57}}],"line":15}},"s":{"0":13,"1":13,"2":13,"3":13,"4":8,"5":5,"6":2,"7":13},"f":{"0":13,"1":8,"2":5,"3":2},"b":{"0":[1],"1":[1]},"_coverageSchema":"1a1c01bbd47fc00a2c39e90264f33305004495a9","hash":"8fb16aca88f31e3e4ca0f961357bdb502efdca07"}
,"C:\\Users\\eikef\\OneDrive\\Área de Trabalho\\eikefrota\\projetos\\quiz-dev\\backend\\services\\emailService.js": {"path":"C:\\Users\\eikef\\OneDrive\\Área de Trabalho\\eikefrota\\projetos\\quiz-dev\\backend\\services\\emailService.js","statementMap":{"0":{"start":{"line":1,"column":19},"end":{"line":1,"column":40}},"1":{"start":{"line":4,"column":24},"end":{"line":10,"column":6}},"2":{"start":{"line":12,"column":4},"end":{"line":38,"column":7}},"3":{"start":{"line":41,"column":0},"end":{"line":41,"column":30}}},"fnMap":{"0":{"name":"sendOtpEmail","decl":{"start":{"line":3,"column":15},"end":{"line":3,"column":27}},"loc":{"start":{"line":3,"column":37},"end":{"line":39,"column":1}},"line":3}},"branchMap":{},"s":{"0":1,"1":1,"2":1,"3":1},"f":{"0":1},"b":{},"_coverageSchema":"1a1c01bbd47fc00a2c39e90264f33305004495a9","hash":"051ec0fefe722a744fc6902d95ec662c2c0216c9"}
,"C:\\Users\\eikef\\OneDrive\\Área de Trabalho\\eikefrota\\projetos\\quiz-dev\\backend\\services\\otpService.js": {"path":"C:\\Users\\eikef\\OneDrive\\Área de Trabalho\\eikefrota\\projetos\\quiz-dev\\backend\\services\\otpService.js","statementMap":{"0":{"start":{"line":1,"column":22},"end":{"line":1,"column":62}},"1":{"start":{"line":2,"column":26},"end":{"line":2,"column":70}},"2":{"start":{"line":3,"column":20},"end":{"line":3,"column":44}},"3":{"start":{"line":7,"column":4},"end":{"line":7,"column":39}},"4":{"start":{"line":8,"column":4},"end":{"line":8,"column":47}},"5":{"start":{"line":9,"column":4},"end":{"line":9,"column":35}},"6":{"start":{"line":14,"column":4},"end":{"line":14,"column":63}},"7":{"start":{"line":18,"column":21},"end":{"line":18,"column":64}},"8":{"start":{"line":19,"column":4},"end":{"line":21,"column":5}},"9":{"start":{"line":20,"column":6},"end":{"line":20,"column":65}},"10":{"start":{"line":24,"column":20},"end":{"line":24,"column":66}},"11":{"start":{"line":25,"column":4},"end":{"line":27,"column":5}},"12":{"start":{"line":26,"column":6},"end":{"line":26,"column":63}},"13":{"start":{"line":30,"column":18},"end":{"line":37,"column":5}},"14":{"start":{"line":40,"column":4},"end":{"line":40,"column":50}},"15":{"start":{"line":42,"column":4},"end":{"line":42,"column":69}},"16":{"start":{"line":46,"column":0},"end":{"line":46,"column":34}}},"fnMap":{"0":{"name":"(anonymous_0)","decl":{"start":{"line":6,"column":2},"end":{"line":6,"column":3}},"loc":{"start":{"line":6,"column":16},"end":{"line":10,"column":3}},"line":6},"1":{"name":"(anonymous_1)","decl":{"start":{"line":12,"column":2},"end":{"line":12,"column":3}},"loc":{"start":{"line":12,"column":33},"end":{"line":15,"column":3}},"line":12},"2":{"name":"(anonymous_2)","decl":{"start":{"line":17,"column":2},"end":{"line":17,"column":3}},"loc":{"start":{"line":17,"column":39},"end":{"line":43,"column":3}},"line":17}},"branchMap":{"0":{"loc":{"start":{"line":19,"column":4},"end":{"line":21,"column":5}},"type":"if","locations":[{"start":{"line":19,"column":4},"end":{"line":21,"column":5}},{"start":{},"end":{}}],"line":19},"1":{"loc":{"start":{"line":19,"column":8},"end":{"line":19,"column":55}},"type":"binary-expr","locations":[{"start":{"line":19,"column":8},"end":{"line":19,"column":17}},{"start":{"line":19,"column":21},"end":{"line":19,"column":55}}],"line":19},"2":{"loc":{"start":{"line":25,"column":4},"end":{"line":27,"column":5}},"type":"if","locations":[{"start":{"line":25,"column":4},"end":{"line":27,"column":5}},{"start":{},"end":{}}],"line":25}},"s":{"0":6,"1":6,"2":6,"3":6,"4":6,"5":6,"6":0,"7":3,"8":3,"9":1,"10":2,"11":2,"12":1,"13":1,"14":1,"15":1,"16":6},"f":{"0":6,"1":0,"2":3},"b":{"0":[1,2],"1":[3,2],"2":[1,1]},"_coverageSchema":"1a1c01bbd47fc00a2c39e90264f33305004495a9","hash":"f9c6f909072ec44ebd990f9a74353b063324fe3c"}
,"C:\\Users\\eikef\\OneDrive\\Área de Trabalho\\eikefrota\\projetos\\quiz-dev\\backend\\services\\perguntasService.js": {"path":"C:\\Users\\eikef\\OneDrive\\Área de Trabalho\\eikefrota\\projetos\\quiz-dev\\backend\\services\\perguntasService.js","statementMap":{"0":{"start":{"line":1,"column":28},"end":{"line":1,"column":74}},"1":{"start":{"line":5,"column":8},"end":{"line":5,"column":50}},"2":{"start":{"line":8,"column":8},"end":{"line":8,"column":53}},"3":{"start":{"line":11,"column":8},"end":{"line":11,"column":67}},"4":{"start":{"line":14,"column":8},"end":{"line":14,"column":54}},"5":{"start":{"line":17,"column":8},"end":{"line":17,"column":58}},"6":{"start":{"line":20,"column":8},"end":{"line":20,"column":52}},"7":{"start":{"line":24,"column":0},"end":{"line":24,"column":34}}},"fnMap":{"0":{"name":"(anonymous_0)","decl":{"start":{"line":4,"column":4},"end":{"line":4,"column":5}},"loc":{"start":{"line":4,"column":25},"end":{"line":6,"column":5}},"line":4},"1":{"name":"(anonymous_1)","decl":{"start":{"line":7,"column":4},"end":{"line":7,"column":5}},"loc":{"start":{"line":7,"column":30},"end":{"line":9,"column":5}},"line":7},"2":{"name":"(anonymous_2)","decl":{"start":{"line":10,"column":4},"end":{"line":10,"column":5}},"loc":{"start":{"line":10,"column":45},"end":{"line":12,"column":5}},"line":10},"3":{"name":"(anonymous_3)","decl":{"start":{"line":13,"column":4},"end":{"line":13,"column":5}},"loc":{"start":{"line":13,"column":31},"end":{"line":15,"column":5}},"line":13},"4":{"name":"(anonymous_4)","decl":{"start":{"line":16,"column":4},"end":{"line":16,"column":5}},"loc":{"start":{"line":16,"column":35},"end":{"line":18,"column":5}},"line":16},"5":{"name":"(anonymous_5)","decl":{"start":{"line":19,"column":4},"end":{"line":19,"column":5}},"loc":{"start":{"line":19,"column":29},"end":{"line":21,"column":5}},"line":19}},"branchMap":{},"s":{"0":15,"1":3,"2":1,"3":1,"4":1,"5":1,"6":1,"7":15},"f":{"0":3,"1":1,"2":1,"3":1,"4":1,"5":1},"b":{},"_coverageSchema":"1a1c01bbd47fc00a2c39e90264f33305004495a9","hash":"f9d9cd6bd96c4c73d5f077f463dc558736fef01c"}
,"C:\\Users\\eikef\\OneDrive\\Área de Trabalho\\eikefrota\\projetos\\quiz-dev\\backend\\services\\usuarioService.js": {"path":"C:\\Users\\eikef\\OneDrive\\Área de Trabalho\\eikefrota\\projetos\\quiz-dev\\backend\\services\\usuarioService.js","statementMap":{"0":{"start":{"line":1,"column":19},"end":{"line":1,"column":63}},"1":{"start":{"line":2,"column":15},"end":{"line":2,"column":32}},"2":{"start":{"line":3,"column":20},"end":{"line":3,"column":44}},"3":{"start":{"line":5,"column":23},"end":{"line":5,"column":24}},"4":{"start":{"line":6,"column":31},"end":{"line":6,"column":33}},"5":{"start":{"line":10,"column":21},"end":{"line":10,"column":46}},"6":{"start":{"line":11,"column":4},"end":{"line":11,"column":20}},"7":{"start":{"line":15,"column":21},"end":{"line":15,"column":49}},"8":{"start":{"line":16,"column":4},"end":{"line":16,"column":20}},"9":{"start":{"line":20,"column":4},"end":{"line":20,"column":59}},"10":{"start":{"line":21,"column":24},"end":{"line":21,"column":54}},"11":{"start":{"line":22,"column":4},"end":{"line":22,"column":23}},"12":{"start":{"line":26,"column":4},"end":{"line":28,"column":5}},"13":{"start":{"line":27,"column":6},"end":{"line":27,"column":55}},"14":{"start":{"line":29,"column":30},"end":{"line":29,"column":64}},"15":{"start":{"line":30,"column":4},"end":{"line":30,"column":29}},"16":{"start":{"line":34,"column":28},"end":{"line":34,"column":55}},"17":{"start":{"line":35,"column":4},"end":{"line":35,"column":27}},"18":{"start":{"line":39,"column":20},"end":{"line":39,"column":54}},"19":{"start":{"line":41,"column":4},"end":{"line":43,"column":5}},"20":{"start":{"line":42,"column":6},"end":{"line":42,"column":66}},"21":{"start":{"line":45,"column":4},"end":{"line":56,"column":5}},"22":{"start":{"line":49,"column":31},"end":{"line":51,"column":7}},"23":{"start":{"line":52,"column":6},"end":{"line":55,"column":8}},"24":{"start":{"line":58,"column":24},"end":{"line":58,"column":69}},"25":{"start":{"line":59,"column":4},"end":{"line":77,"column":5}},"26":{"start":{"line":60,"column":6},"end":{"line":60,"column":52}},"27":{"start":{"line":61,"column":31},"end":{"line":61,"column":66}},"28":{"start":{"line":63,"column":6},"end":{"line":69,"column":7}},"29":{"start":{"line":64,"column":8},"end":{"line":64,"column":72}},"30":{"start":{"line":65,"column":8},"end":{"line":68,"column":10}},"31":{"start":{"line":71,"column":6},"end":{"line":76,"column":8}},"32":{"start":{"line":79,"column":4},"end":{"line":79,"column":46}},"33":{"start":{"line":81,"column":18},"end":{"line":85,"column":6}},"34":{"start":{"line":87,"column":4},"end":{"line":91,"column":6}},"35":{"start":{"line":95,"column":0},"end":{"line":95,"column":38}}},"fnMap":{"0":{"name":"(anonymous_0)","decl":{"start":{"line":9,"column":2},"end":{"line":9,"column":3}},"loc":{"start":{"line":9,"column":17},"end":{"line":12,"column":3}},"line":9},"1":{"name":"(anonymous_1)","decl":{"start":{"line":14,"column":2},"end":{"line":14,"column":3}},"loc":{"start":{"line":14,"column":20},"end":{"line":17,"column":3}},"line":14},"2":{"name":"(anonymous_2)","decl":{"start":{"line":19,"column":2},"end":{"line":19,"column":3}},"loc":{"start":{"line":19,"column":22},"end":{"line":23,"column":3}},"line":19},"3":{"name":"(anonymous_3)","decl":{"start":{"line":25,"column":2},"end":{"line":25,"column":3}},"loc":{"start":{"line":25,"column":26},"end":{"line":31,"column":3}},"line":25},"4":{"name":"(anonymous_4)","decl":{"start":{"line":33,"column":2},"end":{"line":33,"column":3}},"loc":{"start":{"line":33,"column":19},"end":{"line":36,"column":3}},"line":33},"5":{"name":"(anonymous_5)","decl":{"start":{"line":38,"column":2},"end":{"line":38,"column":3}},"loc":{"start":{"line":38,"column":28},"end":{"line":92,"column":3}},"line":38}},"branchMap":{"0":{"loc":{"start":{"line":26,"column":4},"end":{"line":28,"column":5}},"type":"if","locations":[{"start":{"line":26,"column":4},"end":{"line":28,"column":5}},{"start":{},"end":{}}],"line":26},"1":{"loc":{"start":{"line":41,"column":4},"end":{"line":43,"column":5}},"type":"if","locations":[{"start":{"line":41,"column":4},"end":{"line":43,"column":5}},{"start":{},"end":{}}],"line":41},"2":{"loc":{"start":{"line":45,"column":4},"end":{"line":56,"column":5}},"type":"if","locations":[{"start":{"line":45,"column":4},"end":{"line":56,"column":5}},{"start":{},"end":{}}],"line":45},"3":{"loc":{"start":{"line":46,"column":6},"end":{"line":47,"column":51}},"type":"binary-expr","locations":[{"start":{"line":46,"column":6},"end":{"line":46,"column":28}},{"start":{"line":47,"column":6},"end":{"line":47,"column":51}}],"line":46},"4":{"loc":{"start":{"line":59,"column":4},"end":{"line":77,"column":5}},"type":"if","locations":[{"start":{"line":59,"column":4},"end":{"line":77,"column":5}},{"start":{},"end":{}}],"line":59},"5":{"loc":{"start":{"line":61,"column":32},"end":{"line":61,"column":61}},"type":"binary-expr","locations":[{"start":{"line":61,"column":32},"end":{"line":61,"column":56}},{"start":{"line":61,"column":60},"end":{"line":61,"column":61}}],"line":61},"6":{"loc":{"start":{"line":63,"column":6},"end":{"line":69,"column":7}},"type":"if","locations":[{"start":{"line":63,"column":6},"end":{"line":69,"column":7}},{"start":{},"end":{}}],"line":63}},"s":{"0":9,"1":9,"2":9,"3":9,"4":9,"5":1,"6":1,"7":2,"8":2,"9":2,"10":2,"11":1,"12":2,"13":1,"14":2,"15":2,"16":2,"17":2,"18":9,"19":9,"20":2,"21":7,"22":2,"23":2,"24":5,"25":5,"26":3,"27":3,"28":3,"29":1,"30":1,"31":2,"32":2,"33":2,"34":2,"35":9},"f":{"0":1,"1":2,"2":2,"3":2,"4":2,"5":9},"b":{"0":[1,1],"1":[2,7],"2":[2,5],"3":[7,2],"4":[3,2],"5":[3,2],"6":[1,2]},"_coverageSchema":"1a1c01bbd47fc00a2c39e90264f33305004495a9","hash":"180b51a8e4b80bec046580cf7cc364ad348a5f0e"}
,"C:\\Users\\eikef\\OneDrive\\Área de Trabalho\\eikefrota\\projetos\\quiz-dev\\backend\\swagger\\swaggerConfig.js": {"path":"C:\\Users\\eikef\\OneDrive\\Área de Trabalho\\eikefrota\\projetos\\quiz-dev\\backend\\swagger\\swaggerConfig.js","statementMap":{"0":{"start":{"line":1,"column":21},"end":{"line":1,"column":45}},"1":{"start":{"line":3,"column":16},"end":{"line":18,"column":1}},"2":{"start":{"line":20,"column":20},"end":{"line":20,"column":41}},"3":{"start":{"line":22,"column":0},"end":{"line":22,"column":29}}},"fnMap":{},"branchMap":{},"s":{"0":3,"1":3,"2":3,"3":3},"f":{},"b":{},"_coverageSchema":"1a1c01bbd47fc00a2c39e90264f33305004495a9","hash":"26b85ed9b61ce43488aea97df2e027e2fdf2c11b"}
}
