TN:
SF:index.js
FNF:0
FNH:0
DA:1,1
DA:4,1
DA:5,1
LF:3
LH:3
BRF:0
BRH:0
end_of_record
TN:
SF:server.js
FN:14,(anonymous_0)
FN:22,(anonymous_1)
FN:26,(anonymous_2)
FN:30,(anonymous_3)
FN:44,(anonymous_4)
FN:48,(anonymous_5)
FN:52,(anonymous_6)
FN:60,(anonymous_7)
FN:70,(anonymous_8)
FN:73,(anonymous_9)
FNF:10
FNH:8
FNDA:6,(anonymous_0)
FNDA:6,(anonymous_1)
FNDA:6,(anonymous_2)
FNDA:0,(anonymous_3)
FNDA:6,(anonymous_4)
FNDA:1,(anonymous_5)
FNDA:0,(anonymous_6)
FNDA:1,(anonymous_7)
FNDA:2,(anonymous_8)
FNDA:1,(anonymous_9)
DA:1,3
DA:2,3
DA:3,3
DA:4,3
DA:5,3
DA:6,3
DA:7,3
DA:8,3
DA:9,3
DA:15,6
DA:16,6
DA:17,6
DA:18,6
DA:23,6
DA:24,6
DA:26,6
DA:28,6
DA:31,0
DA:32,0
DA:34,0
DA:39,6
DA:40,6
DA:41,6
DA:45,6
DA:46,6
DA:48,6
DA:49,1
DA:52,6
DA:53,0
DA:54,0
DA:61,1
DA:62,1
DA:63,1
DA:64,1
DA:66,0
DA:71,2
DA:72,2
DA:73,1
DA:74,1
DA:75,1
DA:78,1
DA:79,1
DA:83,3
LF:43
LH:37
BRDA:16,0,0,6
BRDA:16,0,1,5
BRDA:24,1,0,6
BRDA:24,1,1,6
BRDA:28,2,0,0
BRDA:28,2,1,6
BRDA:31,3,0,0
BRDA:31,3,1,0
BRDA:31,4,0,0
BRDA:31,4,1,0
BRF:10
BRH:5
end_of_record
TN:
SF:controllers\perguntasController.js
FN:4,(anonymous_0)
FN:8,(anonymous_1)
FN:17,(anonymous_2)
FN:27,(anonymous_3)
FN:38,(anonymous_4)
FN:47,(anonymous_5)
FN:57,(anonymous_6)
FNF:7
FNH:7
FNDA:13,(anonymous_0)
FNDA:2,(anonymous_1)
FNDA:4,(anonymous_2)
FNDA:5,(anonymous_3)
FNDA:2,(anonymous_4)
FNDA:2,(anonymous_5)
FNDA:2,(anonymous_6)
DA:1,13
DA:5,13
DA:8,13
DA:9,2
DA:10,2
DA:11,2
DA:13,0
DA:17,13
DA:18,4
DA:19,4
DA:20,4
DA:21,2
DA:23,0
DA:27,13
DA:28,5
DA:29,5
DA:30,5
DA:31,3
DA:32,3
DA:33,1
DA:35,0
DA:38,13
DA:39,2
DA:40,2
DA:41,2
DA:43,0
DA:47,13
DA:48,2
DA:49,2
DA:50,2
DA:51,1
DA:53,0
DA:57,13
DA:58,2
DA:59,2
DA:60,2
DA:61,1
DA:63,0
DA:68,13
LF:39
LH:33
BRDA:20,0,0,2
BRDA:20,0,1,2
BRDA:30,1,0,2
BRDA:30,1,1,3
BRDA:32,2,0,2
BRDA:32,2,1,1
BRDA:50,3,0,1
BRDA:50,3,1,1
BRDA:60,4,0,1
BRDA:60,4,1,1
BRF:10
BRH:10
end_of_record
TN:
SF:controllers\usuarioController.js
FN:7,(anonymous_0)
FN:17,(anonymous_1)
FN:33,(anonymous_2)
FN:51,(anonymous_3)
FN:70,(anonymous_4)
FN:86,(anonymous_5)
FN:98,(anonymous_6)
FN:107,(anonymous_7)
FN:122,(anonymous_8)
FNF:9
FNH:8
FNDA:2,(anonymous_0)
FNDA:3,(anonymous_1)
FNDA:3,(anonymous_2)
FNDA:3,(anonymous_3)
FNDA:3,(anonymous_4)
FNDA:3,(anonymous_5)
FNDA:2,(anonymous_6)
FNDA:5,(anonymous_7)
FNDA:0,(anonymous_8)
DA:2,5
DA:3,5
DA:4,5
DA:8,2
DA:9,2
DA:10,1
DA:12,1
DA:13,1
DA:18,3
DA:19,3
DA:20,3
DA:22,2
DA:23,1
DA:26,1
DA:28,1
DA:29,1
DA:34,3
DA:35,3
DA:36,3
DA:37,1
DA:41,1
DA:43,2
DA:44,1
DA:46,1
DA:47,1
DA:52,3
DA:53,3
DA:54,3
DA:55,3
DA:56,2
DA:57,1
DA:59,1
DA:61,1
DA:63,1
DA:64,0
DA:66,1
DA:71,3
DA:72,3
DA:73,3
DA:75,2
DA:76,1
DA:79,1
DA:81,1
DA:82,1
DA:87,3
DA:88,3
DA:89,3
DA:90,1
DA:92,2
DA:93,1
DA:95,1
DA:99,2
DA:100,2
DA:101,2
DA:102,1
DA:104,1
DA:108,5
DA:109,5
DA:111,5
DA:112,1
DA:114,4
DA:115,1
DA:118,3
DA:123,0
DA:124,0
DA:125,0
DA:127,0
DA:128,0
DA:131,0
DA:132,0
DA:135,0
DA:142,0
DA:143,0
DA:146,0
DA:151,0
DA:156,5
LF:76
LH:63
BRDA:22,0,0,1
BRDA:22,0,1,1
BRDA:43,1,0,1
BRDA:43,1,1,1
BRDA:56,2,0,1
BRDA:56,2,1,1
BRDA:63,3,0,0
BRDA:63,3,1,1
BRDA:75,4,0,1
BRDA:75,4,1,1
BRDA:89,5,0,1
BRDA:89,5,1,2
BRDA:95,6,0,1
BRDA:95,6,1,1
BRDA:104,7,0,1
BRDA:104,7,1,1
BRDA:111,8,0,1
BRDA:111,8,1,4
BRDA:111,9,0,5
BRDA:111,9,1,5
BRDA:118,10,0,3
BRDA:118,10,1,2
BRDA:118,11,0,3
BRDA:118,11,1,1
BRDA:127,12,0,0
BRDA:127,12,1,0
BRDA:127,13,0,0
BRDA:127,13,1,0
BRDA:127,13,2,0
BRDA:131,14,0,0
BRDA:131,14,1,0
BRDA:131,15,0,0
BRDA:131,15,1,0
BRDA:142,16,0,0
BRDA:142,16,1,0
BRDA:151,17,0,0
BRDA:151,17,1,0
BRDA:151,18,0,0
BRDA:151,18,1,0
BRF:39
BRH:23
end_of_record
TN:
SF:db\db.js
FN:21,(anonymous_0)
FNF:1
FNH:1
FNDA:1,(anonymous_0)
DA:1,30
DA:3,30
DA:5,30
DA:7,30
DA:21,30
DA:23,30
LF:6
LH:6
BRDA:5,0,0,30
BRDA:5,0,1,30
BRDA:13,1,0,0
BRDA:13,1,1,30
BRF:4
BRH:3
end_of_record
TN:
SF:db\dbInit.js
FN:3,(anonymous_0)
FN:33,(anonymous_1)
FN:60,(anonymous_2)
FN:87,(anonymous_3)
FNF:4
FNH:4
FNDA:3,(anonymous_0)
FNDA:3,(anonymous_1)
FNDA:3,(anonymous_2)
FNDA:3,(anonymous_3)
DA:1,4
DA:3,4
DA:4,3
DA:6,3
DA:7,3
DA:9,2
DA:10,1
DA:23,1
DA:24,1
DA:26,1
DA:29,1
DA:33,4
DA:34,3
DA:36,3
DA:37,3
DA:39,3
DA:40,1
DA:50,1
DA:51,1
DA:53,1
DA:56,1
DA:60,4
DA:61,3
DA:63,3
DA:64,3
DA:66,3
DA:67,0
DA:75,0
DA:76,0
DA:79,0
DA:80,0
DA:83,3
DA:87,4
DA:88,3
DA:89,3
DA:90,3
DA:93,4
LF:37
LH:32
BRDA:9,0,0,1
BRDA:9,0,1,1
BRDA:39,1,0,1
BRDA:39,1,1,1
BRDA:66,2,0,0
BRDA:66,2,1,0
BRF:6
BRH:4
end_of_record
TN:
SF:middleware\authMiddleware.js
FN:5,authenticateToken
FN:11,(anonymous_1)
FNF:2
FNH:2
FNDA:5,authenticateToken
FNDA:3,(anonymous_1)
DA:1,6
DA:3,6
DA:6,5
DA:7,5
DA:9,5
DA:11,3
DA:12,3
DA:13,2
DA:14,2
DA:18,6
LF:10
LH:10
BRDA:7,0,0,5
BRDA:7,0,1,3
BRDA:9,1,0,2
BRDA:9,1,1,3
BRDA:12,2,0,1
BRDA:12,2,1,2
BRF:6
BRH:6
end_of_record
TN:
SF:middleware\erroMiddleware.js
FN:2,(anonymous_0)
FNF:1
FNH:1
FNDA:1,(anonymous_0)
DA:3,1
DA:4,1
DA:9,1
LF:3
LH:3
BRF:0
BRH:0
end_of_record
TN:
SF:middleware\rateLimiters.js
FN:3,(anonymous_0)
FN:8,(anonymous_1)
FNF:2
FNH:2
FNDA:6,(anonymous_0)
FNDA:6,(anonymous_1)
DA:1,3
DA:3,3
DA:4,6
DA:5,6
DA:8,3
DA:9,6
DA:17,3
DA:23,3
DA:29,3
LF:9
LH:9
BRDA:5,0,0,0
BRDA:5,0,1,6
BRF:2
BRH:1
end_of_record
TN:
SF:middleware\validadePerguntaMiddleware.js
FN:2,(anonymous_0)
FN:8,(anonymous_1)
FNF:2
FNH:2
FNDA:2,(anonymous_0)
FNDA:3,(anonymous_1)
DA:3,2
DA:4,2
DA:5,2
DA:9,3
DA:10,3
DA:11,3
DA:12,2
DA:14,1
DA:18,2
LF:9
LH:9
BRDA:11,0,0,2
BRDA:11,0,1,1
BRDA:11,1,0,3
BRDA:11,1,1,3
BRF:4
BRH:4
end_of_record
TN:
SF:middleware\validateUsuario.js
FN:2,(anonymous_0)
FN:28,(anonymous_1)
FNF:2
FNH:2
FNDA:5,(anonymous_0)
FNDA:4,(anonymous_1)
DA:3,5
DA:5,5
DA:6,2
DA:8,3
DA:9,3
DA:10,1
DA:12,2
DA:13,1
DA:16,1
DA:17,0
DA:18,0
DA:22,1
DA:23,0
DA:25,1
DA:29,4
DA:31,4
DA:32,1
DA:35,3
DA:36,3
DA:37,1
DA:39,2
DA:40,1
DA:43,1
DA:47,5
LF:24
LH:21
BRDA:5,0,0,2
BRDA:5,0,1,3
BRDA:5,1,0,5
BRDA:5,1,1,4
BRDA:5,1,2,3
BRDA:5,1,3,3
BRDA:5,1,4,3
BRDA:9,2,0,1
BRDA:9,2,1,2
BRDA:9,3,0,3
BRDA:9,3,1,3
BRDA:12,4,0,1
BRDA:12,4,1,1
BRDA:12,5,0,2
BRDA:12,5,1,2
BRDA:16,6,0,0
BRDA:16,6,1,1
BRDA:22,7,0,0
BRDA:22,7,1,1
BRDA:31,8,0,1
BRDA:31,8,1,3
BRDA:31,9,0,4
BRDA:31,9,1,2
BRDA:31,9,2,1
BRDA:31,9,3,1
BRDA:31,9,4,1
BRDA:36,10,0,1
BRDA:36,10,1,2
BRDA:36,11,0,3
BRDA:36,11,1,2
BRDA:39,12,0,1
BRDA:39,12,1,1
BRDA:39,13,0,2
BRDA:39,13,1,1
BRF:34
BRH:32
end_of_record
TN:
SF:models\perguntaModel.js
FN:2,(anonymous_0)
FNF:1
FNH:1
FNDA:11,(anonymous_0)
DA:3,11
DA:4,11
DA:5,11
DA:6,11
DA:7,11
DA:8,11
DA:12,19
LF:7
LH:7
BRF:0
BRH:0
end_of_record
TN:
SF:models\usuarioModel.js
FN:2,(anonymous_0)
FN:13,(anonymous_1)
FNF:2
FNH:2
FNDA:8,(anonymous_0)
FNDA:1,(anonymous_1)
DA:3,8
DA:4,8
DA:5,8
DA:6,8
DA:7,8
DA:8,8
DA:9,8
DA:14,1
DA:25,14
LF:9
LH:9
BRF:0
BRH:0
end_of_record
TN:
SF:repositories\otpRepository.js
FN:4,(anonymous_0)
FN:21,(anonymous_1)
FN:28,(anonymous_2)
FNF:3
FNH:3
FNDA:2,(anonymous_0)
FNDA:2,(anonymous_1)
FNDA:1,(anonymous_2)
DA:1,8
DA:5,2
DA:13,2
DA:14,2
DA:22,2
DA:26,2
DA:29,1
DA:32,8
LF:8
LH:8
BRF:0
BRH:0
end_of_record
TN:
SF:repositories\perguntasRepository.js
FN:5,(anonymous_0)
FN:7,(anonymous_1)
FN:10,(anonymous_2)
FN:15,(anonymous_3)
FN:20,(anonymous_4)
FN:23,(anonymous_5)
FN:32,(anonymous_6)
FN:51,(anonymous_7)
FNF:8
FNH:8
FNDA:2,(anonymous_0)
FNDA:2,(anonymous_1)
FNDA:4,(anonymous_2)
FNDA:1,(anonymous_3)
FNDA:1,(anonymous_4)
FNDA:2,(anonymous_5)
FNDA:5,(anonymous_6)
FNDA:3,(anonymous_7)
DA:1,18
DA:2,18
DA:6,2
DA:7,2
DA:11,4
DA:12,4
DA:16,1
DA:20,1
DA:25,2
DA:29,2
DA:33,5
DA:34,5
DA:35,2
DA:36,2
DA:37,2
DA:38,2
DA:40,2
DA:44,2
DA:48,2
DA:52,3
DA:53,3
DA:57,18
LF:22
LH:22
BRDA:12,0,0,2
BRDA:12,0,1,2
BRDA:34,1,0,3
BRDA:34,1,1,2
BRDA:35,2,0,2
BRDA:35,2,1,1
BRDA:36,3,0,2
BRDA:36,3,1,2
BRDA:37,4,0,2
BRDA:37,4,1,1
BRDA:38,5,0,2
BRDA:38,5,1,2
BRDA:40,6,0,0
BRDA:40,6,1,2
BRDA:53,7,0,1
BRDA:53,7,1,2
BRF:16
BRH:15
end_of_record
TN:
SF:repositories\usuarioRepository.js
FN:6,(anonymous_0)
FN:8,(anonymous_1)
FN:10,(anonymous_2)
FN:15,(anonymous_3)
FN:19,(anonymous_4)
FN:37,(anonymous_5)
FN:57,(anonymous_6)
FN:62,(anonymous_7)
FN:71,(anonymous_8)
FN:78,(anonymous_9)
FN:85,(anonymous_10)
FNF:11
FNH:10
FNDA:1,(anonymous_0)
FNDA:1,(anonymous_1)
FNDA:4,(anonymous_2)
FNDA:3,(anonymous_3)
FNDA:3,(anonymous_4)
FNDA:3,(anonymous_5)
FNDA:3,(anonymous_6)
FNDA:0,(anonymous_7)
FNDA:2,(anonymous_8)
FNDA:2,(anonymous_9)
FNDA:2,(anonymous_10)
DA:1,13
DA:2,13
DA:7,1
DA:8,1
DA:11,4
DA:12,4
DA:16,3
DA:17,3
DA:20,3
DA:22,3
DA:23,3
DA:24,2
DA:27,1
DA:28,1
DA:30,1
DA:35,1
DA:39,3
DA:40,3
DA:43,2
DA:44,2
DA:45,2
DA:46,2
DA:47,2
DA:48,2
DA:50,2
DA:54,2
DA:58,3
DA:59,3
DA:63,0
DA:64,0
DA:68,0
DA:72,2
DA:79,2
DA:86,2
DA:94,13
LF:35
LH:32
BRDA:12,0,0,2
BRDA:12,0,1,2
BRDA:23,1,0,2
BRDA:23,1,1,1
BRDA:27,2,0,1
BRDA:27,2,1,0
BRDA:40,3,0,1
BRDA:40,3,1,2
BRDA:43,4,0,2
BRDA:43,4,1,0
BRDA:44,5,0,2
BRDA:44,5,1,2
BRDA:45,6,0,2
BRDA:45,6,1,2
BRDA:46,7,0,2
BRDA:46,7,1,2
BRDA:47,8,0,2
BRDA:47,8,1,2
BRDA:48,9,0,2
BRDA:48,9,1,2
BRDA:59,10,0,1
BRDA:59,10,1,2
BRDA:68,11,0,0
BRDA:68,11,1,0
BRF:24
BRH:20
end_of_record
TN:
SF:routes\perguntasRoutes.js
FN:6,(anonymous_0)
FN:11,(anonymous_1)
FNF:2
FNH:2
FNDA:3,(anonymous_0)
FNDA:3,(anonymous_1)
DA:1,3
DA:2,3
DA:3,3
DA:7,3
DA:8,3
DA:22,3
DA:42,3
DA:62,3
DA:94,3
DA:135,3
DA:155,3
DA:159,3
LF:12
LH:12
BRF:0
BRH:0
end_of_record
TN:
SF:routes\usuarioRoutes.js
FN:9,(anonymous_0)
FN:14,(anonymous_1)
FN:182,(anonymous_2)
FNF:3
FNH:3
FNDA:3,(anonymous_0)
FNDA:3,(anonymous_1)
FNDA:3,(anonymous_2)
DA:1,3
DA:2,3
DA:3,3
DA:4,3
DA:5,3
DA:10,3
DA:11,3
DA:25,3
DA:46,3
DA:83,3
DA:123,3
DA:143,3
DA:174,3
DA:176,3
DA:178,3
DA:179,3
DA:183,3
DA:187,3
LF:18
LH:18
BRF:0
BRH:0
end_of_record
TN:
SF:services\TrocarEmailService.js
FN:6,(anonymous_0)
FNF:1
FNH:0
FNDA:0,(anonymous_0)
DA:1,0
DA:2,0
DA:7,0
DA:8,0
DA:9,0
DA:10,0
DA:12,0
DA:13,0
DA:14,0
DA:16,0
DA:17,0
DA:18,0
DA:20,0
DA:21,0
DA:28,0
DA:29,0
DA:35,0
LF:17
LH:0
BRDA:9,0,0,0
BRDA:9,0,1,0
BRDA:13,1,0,0
BRDA:13,1,1,0
BRDA:17,2,0,0
BRDA:17,2,1,0
BRF:6
BRH:0
end_of_record
TN:
SF:services\authService.js
FN:4,(anonymous_0)
FN:9,(anonymous_1)
FN:16,(anonymous_2)
FN:20,(anonymous_3)
FNF:4
FNH:4
FNDA:14,(anonymous_0)
FNDA:8,(anonymous_1)
FNDA:3,(anonymous_2)
FNDA:2,(anonymous_3)
DA:1,14
DA:5,14
DA:6,14
DA:10,8
DA:11,0
DA:13,8
DA:17,3
DA:21,2
DA:22,0
DA:24,2
DA:30,14
LF:11
LH:9
BRDA:9,0,0,1
BRDA:10,1,0,0
BRDA:10,1,1,8
BRDA:16,2,0,1
BRDA:21,3,0,0
BRDA:21,3,1,2
BRF:6
BRH:4
end_of_record
TN:
SF:services\emailService.js
FN:3,sendOtpEmail
FNF:1
FNH:1
FNDA:1,sendOtpEmail
DA:1,7
DA:4,1
DA:12,1
DA:41,7
LF:4
LH:4
BRF:0
BRH:0
end_of_record
TN:
SF:services\otpService.js
FN:8,(anonymous_0)
FN:45,(anonymous_1)
FNF:2
FNH:1
FNDA:0,(anonymous_0)
FNDA:2,(anonymous_1)
DA:1,6
DA:2,6
DA:3,6
DA:4,6
DA:5,6
DA:9,0
DA:12,0
DA:13,0
DA:14,0
DA:21,0
DA:22,0
DA:23,0
DA:24,0
DA:25,0
DA:26,0
DA:30,0
DA:33,0
DA:35,0
DA:39,0
DA:40,0
DA:42,0
DA:46,2
DA:47,2
DA:48,1
DA:51,1
DA:52,1
DA:55,1
DA:62,1
DA:64,1
DA:68,6
LF:30
LH:14
BRDA:13,0,0,0
BRDA:13,0,1,0
BRDA:22,1,0,0
BRDA:22,1,1,0
BRDA:23,2,0,0
BRDA:23,2,1,0
BRDA:23,3,0,0
BRDA:23,3,1,0
BRDA:25,4,0,0
BRDA:25,4,1,0
BRDA:39,5,0,0
BRDA:39,5,1,0
BRDA:47,6,0,1
BRDA:47,6,1,1
BRF:14
BRH:2
end_of_record
TN:
SF:services\perguntasService.js
FN:4,(anonymous_0)
FN:7,(anonymous_1)
FN:10,(anonymous_2)
FN:13,(anonymous_3)
FN:16,(anonymous_4)
FN:19,(anonymous_5)
FNF:6
FNH:6
FNDA:3,(anonymous_0)
FNDA:1,(anonymous_1)
FNDA:1,(anonymous_2)
FNDA:1,(anonymous_3)
FNDA:1,(anonymous_4)
FNDA:1,(anonymous_5)
DA:1,15
DA:5,3
DA:8,1
DA:11,1
DA:14,1
DA:17,1
DA:20,1
DA:24,15
LF:8
LH:8
BRF:0
BRH:0
end_of_record
TN:
SF:services\usuarioService.js
FN:8,(anonymous_0)
FN:21,(anonymous_1)
FN:26,(anonymous_2)
FN:31,(anonymous_3)
FN:38,(anonymous_4)
FN:58,(anonymous_5)
FN:63,(anonymous_6)
FN:94,(anonymous_7)
FNF:8
FNH:7
FNDA:10,(anonymous_0)
FNDA:1,(anonymous_1)
FNDA:2,(anonymous_2)
FNDA:2,(anonymous_3)
FNDA:2,(anonymous_4)
FNDA:2,(anonymous_5)
FNDA:0,(anonymous_6)
FNDA:9,(anonymous_7)
DA:1,10
DA:2,10
DA:3,10
DA:5,10
DA:6,10
DA:8,10
DA:9,10
DA:10,8
DA:22,1
DA:23,1
DA:27,2
DA:28,2
DA:32,2
DA:33,2
DA:34,1
DA:35,1
DA:39,2
DA:40,2
DA:41,1
DA:42,1
DA:43,1
DA:45,1
DA:46,1
DA:47,1
DA:48,1
DA:49,0
DA:51,1
DA:53,1
DA:54,1
DA:55,1
DA:59,2
DA:60,2
DA:64,0
DA:65,0
DA:67,0
DA:68,0
DA:70,0
DA:76,0
DA:77,0
DA:78,0
DA:79,0
DA:81,0
DA:83,0
DA:90,0
DA:91,0
DA:95,9
DA:97,9
DA:98,2
DA:101,7
DA:102,2
DA:103,2
DA:106,5
DA:107,5
DA:108,3
DA:109,3
DA:111,3
DA:112,1
DA:113,1
DA:115,2
DA:118,2
DA:120,2
DA:126,2
DA:138,10
LF:63
LH:49
BRDA:9,0,0,2
BRDA:9,0,1,8
BRDA:40,1,0,1
BRDA:40,1,1,1
BRDA:42,2,0,1
BRDA:42,2,1,0
BRDA:42,3,0,1
BRDA:42,3,1,1
BRDA:46,4,0,1
BRDA:46,4,1,0
BRDA:48,5,0,0
BRDA:48,5,1,1
BRDA:65,6,0,0
BRDA:65,6,1,0
BRDA:67,7,0,0
BRDA:67,7,1,0
BRDA:68,8,0,0
BRDA:68,8,1,0
BRDA:70,9,0,0
BRDA:70,9,1,0
BRDA:85,10,0,0
BRDA:85,10,1,0
BRDA:97,11,0,2
BRDA:97,11,1,7
BRDA:101,12,0,2
BRDA:101,12,1,5
BRDA:101,13,0,7
BRDA:101,13,1,2
BRDA:107,14,0,3
BRDA:107,14,1,2
BRDA:109,15,0,3
BRDA:109,15,1,2
BRDA:111,16,0,1
BRDA:111,16,1,2
BRF:34
BRH:21
end_of_record
TN:
SF:swagger\swaggerConfig.js
FNF:0
FNH:0
DA:1,3
DA:3,3
DA:20,3
DA:22,3
LF:4
LH:4
BRF:0
BRH:0
end_of_record
TN:
SF:test\soma.js
FN:1,soma
FNF:1
FNH:1
FNDA:1,soma
DA:2,1
DA:4,1
LF:2
LH:2
BRF:0
BRH:0
end_of_record
