TN:
SF:index.js
FNF:0
FNH:0
DA:1,1
DA:4,1
DA:5,1
LF:3
LH:3
BRF:0
BRH:0
end_of_record
TN:
SF:server.js
FN:15,(anonymous_0)
FN:23,(anonymous_1)
FN:27,(anonymous_2)
FN:31,(anonymous_3)
FN:45,(anonymous_4)
FN:49,(anonymous_5)
FN:58,(anonymous_6)
FN:68,(anonymous_7)
FN:71,(anonymous_8)
FNF:9
FNH:8
FNDA:6,(anonymous_0)
FNDA:6,(anonymous_1)
FNDA:6,(anonymous_2)
FNDA:0,(anonymous_3)
FNDA:6,(anonymous_4)
FNDA:1,(anonymous_5)
FNDA:1,(anonymous_6)
FNDA:2,(anonymous_7)
FNDA:1,(anonymous_8)
DA:1,3
DA:2,3
DA:3,3
DA:4,3
DA:5,3
DA:6,3
DA:7,3
DA:8,3
DA:9,3
DA:10,3
DA:16,6
DA:17,6
DA:18,6
DA:19,6
DA:24,6
DA:25,6
DA:27,6
DA:29,6
DA:32,0
DA:33,0
DA:35,0
DA:40,6
DA:41,6
DA:42,6
DA:46,6
DA:47,6
DA:49,6
DA:50,1
DA:53,6
DA:59,1
DA:60,1
DA:61,1
DA:62,1
DA:64,0
DA:69,2
DA:70,2
DA:71,1
DA:72,1
DA:73,1
DA:76,1
DA:77,1
DA:81,3
LF:42
LH:38
BRDA:17,0,0,6
BRDA:17,0,1,5
BRDA:25,1,0,6
BRDA:25,1,1,6
BRDA:29,2,0,0
BRDA:29,2,1,6
BRDA:32,3,0,0
BRDA:32,3,1,0
BRDA:32,4,0,0
BRDA:32,4,1,0
BRF:10
BRH:5
end_of_record
TN:
SF:controllers\perguntasController.js
FN:4,(anonymous_0)
FN:8,(anonymous_1)
FN:17,(anonymous_2)
FN:27,(anonymous_3)
FN:38,(anonymous_4)
FN:47,(anonymous_5)
FN:57,(anonymous_6)
FNF:7
FNH:7
FNDA:13,(anonymous_0)
FNDA:2,(anonymous_1)
FNDA:4,(anonymous_2)
FNDA:5,(anonymous_3)
FNDA:2,(anonymous_4)
FNDA:2,(anonymous_5)
FNDA:2,(anonymous_6)
DA:1,13
DA:5,13
DA:8,13
DA:9,2
DA:10,2
DA:11,2
DA:13,0
DA:17,13
DA:18,4
DA:19,4
DA:20,4
DA:21,2
DA:23,0
DA:27,13
DA:28,5
DA:29,5
DA:30,5
DA:31,3
DA:32,3
DA:33,1
DA:35,0
DA:38,13
DA:39,2
DA:40,2
DA:41,2
DA:43,0
DA:47,13
DA:48,2
DA:49,2
DA:50,2
DA:51,1
DA:53,0
DA:57,13
DA:58,2
DA:59,2
DA:60,2
DA:61,1
DA:63,0
DA:68,13
LF:39
LH:33
BRDA:20,0,0,2
BRDA:20,0,1,2
BRDA:30,1,0,2
BRDA:30,1,1,3
BRDA:32,2,0,2
BRDA:32,2,1,1
BRDA:50,3,0,1
BRDA:50,3,1,1
BRDA:60,4,0,1
BRDA:60,4,1,1
BRF:10
BRH:10
end_of_record
TN:
SF:controllers\usuarioController.js
FN:7,(anonymous_0)
FN:13,(anonymous_1)
FN:27,(anonymous_2)
FN:47,(anonymous_3)
FN:69,(anonymous_4)
FN:92,(anonymous_5)
FN:112,(anonymous_6)
FN:128,(anonymous_7)
FN:141,(anonymous_8)
FN:160,(anonymous_9)
FNF:10
FNH:9
FNDA:10,(anonymous_0)
FNDA:2,(anonymous_1)
FNDA:3,(anonymous_2)
FNDA:3,(anonymous_3)
FNDA:3,(anonymous_4)
FNDA:3,(anonymous_5)
FNDA:3,(anonymous_6)
FNDA:2,(anonymous_7)
FNDA:5,(anonymous_8)
FNDA:0,(anonymous_9)
DA:2,5
DA:3,5
DA:4,5
DA:5,5
DA:7,5
DA:8,10
DA:9,10
DA:14,2
DA:15,2
DA:16,1
DA:18,1
DA:19,1
DA:28,3
DA:29,3
DA:30,3
DA:32,2
DA:33,1
DA:36,1
DA:38,1
DA:39,1
DA:48,3
DA:49,3
DA:50,3
DA:51,1
DA:55,1
DA:57,2
DA:58,1
DA:60,1
DA:61,1
DA:70,3
DA:71,3
DA:72,3
DA:73,3
DA:74,2
DA:75,1
DA:77,1
DA:79,1
DA:81,1
DA:82,0
DA:84,1
DA:93,3
DA:94,3
DA:95,3
DA:97,2
DA:98,1
DA:101,1
DA:103,1
DA:104,1
DA:113,3
DA:114,3
DA:115,3
DA:116,1
DA:118,2
DA:119,1
DA:121,1
DA:129,2
DA:130,2
DA:131,2
DA:132,1
DA:134,1
DA:142,5
DA:143,5
DA:145,5
DA:146,1
DA:148,4
DA:149,1
DA:152,3
DA:161,0
DA:162,0
DA:163,0
DA:165,0
DA:166,0
DA:169,0
DA:170,0
DA:173,0
DA:180,0
DA:181,0
DA:184,0
DA:189,0
DA:198,5
LF:80
LH:67
BRDA:32,0,0,1
BRDA:32,0,1,1
BRDA:52,1,0,1
BRDA:52,1,1,1
BRDA:57,2,0,1
BRDA:57,2,1,1
BRDA:74,3,0,1
BRDA:74,3,1,1
BRDA:81,4,0,0
BRDA:81,4,1,1
BRDA:97,5,0,1
BRDA:97,5,1,1
BRDA:115,6,0,1
BRDA:115,6,1,2
BRDA:145,7,0,1
BRDA:145,7,1,4
BRDA:145,8,0,5
BRDA:145,8,1,5
BRDA:165,9,0,0
BRDA:165,9,1,0
BRDA:165,10,0,0
BRDA:165,10,1,0
BRDA:165,10,2,0
BRDA:169,11,0,0
BRDA:169,11,1,0
BRDA:169,12,0,0
BRDA:169,12,1,0
BRDA:180,13,0,0
BRDA:180,13,1,0
BRF:29
BRH:17
end_of_record
TN:
SF:db\db.js
FN:21,(anonymous_0)
FNF:1
FNH:1
FNDA:1,(anonymous_0)
DA:1,30
DA:3,30
DA:5,30
DA:7,30
DA:21,30
DA:23,30
LF:6
LH:6
BRDA:5,0,0,30
BRDA:5,0,1,30
BRDA:13,1,0,0
BRDA:13,1,1,30
BRF:4
BRH:3
end_of_record
TN:
SF:db\dbInit.js
FN:3,(anonymous_0)
FN:38,(anonymous_1)
FN:65,(anonymous_2)
FN:92,(anonymous_3)
FNF:4
FNH:4
FNDA:3,(anonymous_0)
FNDA:3,(anonymous_1)
FNDA:3,(anonymous_2)
FNDA:3,(anonymous_3)
DA:1,4
DA:3,4
DA:4,3
DA:6,3
DA:7,3
DA:9,2
DA:10,1
DA:24,1
DA:25,1
DA:27,1
DA:29,2
DA:30,2
DA:31,2
DA:32,2
DA:34,1
DA:38,4
DA:39,3
DA:41,3
DA:42,3
DA:44,3
DA:45,0
DA:55,0
DA:56,0
DA:58,0
DA:61,3
DA:65,4
DA:66,3
DA:68,3
DA:69,3
DA:71,3
DA:72,0
DA:80,0
DA:81,0
DA:84,0
DA:85,0
DA:88,3
DA:92,4
DA:93,3
DA:94,3
DA:95,3
DA:98,4
LF:41
LH:32
BRDA:9,0,0,1
BRDA:9,0,1,1
BRDA:44,1,0,0
BRDA:44,1,1,0
BRDA:71,2,0,0
BRDA:71,2,1,0
BRF:6
BRH:2
end_of_record
TN:
SF:middleware\authMiddleware.js
FN:6,authenticateToken
FN:12,(anonymous_1)
FNF:2
FNH:2
FNDA:7,authenticateToken
FNDA:4,(anonymous_1)
DA:1,6
DA:2,6
DA:4,6
DA:7,7
DA:8,7
DA:10,7
DA:12,4
DA:13,4
DA:14,2
DA:15,2
DA:19,6
LF:11
LH:11
BRDA:8,0,0,7
BRDA:8,0,1,4
BRDA:10,1,0,3
BRDA:10,1,1,4
BRDA:13,2,0,2
BRDA:13,2,1,2
BRF:6
BRH:6
end_of_record
TN:
SF:middleware\authorization.js
FN:1,(anonymous_0)
FN:3,(anonymous_1)
FN:10,(anonymous_2)
FNF:3
FNH:3
FNDA:5,(anonymous_0)
FNDA:2,(anonymous_1)
FNDA:3,(anonymous_2)
DA:1,5
DA:3,4
DA:4,2
DA:5,1
DA:7,1
DA:10,4
DA:11,3
DA:12,3
DA:13,2
DA:15,1
DA:18,4
LF:11
LH:11
BRDA:1,0,0,5
BRDA:1,0,1,5
BRDA:4,1,0,1
BRDA:4,1,1,1
BRDA:12,2,0,2
BRDA:12,2,1,1
BRDA:12,3,0,3
BRDA:12,3,1,2
BRF:8
BRH:8
end_of_record
TN:
SF:middleware\erroMiddleware.js
FN:4,(anonymous_0)
FNF:1
FNH:1
FNDA:1,(anonymous_0)
DA:1,4
DA:5,1
DA:6,1
DA:7,1
DA:8,1
DA:9,1
DA:14,4
LF:7
LH:7
BRDA:6,0,0,1
BRDA:6,0,1,1
BRDA:6,0,2,1
BRDA:7,1,0,1
BRDA:7,1,1,1
BRDA:7,2,0,0
BRDA:7,2,1,1
BRDA:8,3,0,1
BRDA:8,3,1,0
BRF:9
BRH:7
end_of_record
TN:
SF:middleware\rateLimiters.js
FN:3,(anonymous_0)
FN:8,(anonymous_1)
FN:14,(anonymous_2)
FNF:3
FNH:2
FNDA:6,(anonymous_0)
FNDA:6,(anonymous_1)
FNDA:0,(anonymous_2)
DA:1,3
DA:3,3
DA:4,6
DA:5,6
DA:8,3
DA:9,6
DA:15,0
DA:16,0
DA:19,0
DA:20,0
DA:28,3
DA:35,3
DA:42,3
LF:13
LH:9
BRDA:5,0,0,0
BRDA:5,0,1,6
BRDA:16,1,0,0
BRDA:16,1,1,0
BRDA:20,2,0,0
BRDA:20,2,1,0
BRDA:21,3,0,0
BRDA:21,3,1,0
BRDA:22,4,0,0
BRDA:22,4,1,0
BRF:10
BRH:1
end_of_record
TN:
SF:middleware\validadePerguntaMiddleware.js
FN:2,(anonymous_0)
FN:9,(anonymous_1)
FNF:2
FNH:2
FNDA:2,(anonymous_0)
FNDA:3,(anonymous_1)
DA:3,2
DA:4,2
DA:5,2
DA:6,2
DA:10,3
DA:11,3
DA:12,3
DA:13,2
DA:15,1
DA:19,5
LF:10
LH:10
BRDA:12,0,0,2
BRDA:12,0,1,1
BRDA:12,1,0,3
BRDA:12,1,1,3
BRF:4
BRH:4
end_of_record
TN:
SF:middleware\validateUsuario.js
FN:3,(anonymous_0)
FN:17,(anonymous_1)
FN:43,(anonymous_2)
FNF:3
FNH:3
FNDA:3,(anonymous_0)
FNDA:5,(anonymous_1)
FNDA:6,(anonymous_2)
DA:1,5
DA:3,5
DA:4,3
DA:5,0
DA:7,3
DA:8,3
DA:9,3
DA:18,5
DA:20,5
DA:21,2
DA:23,3
DA:24,3
DA:25,1
DA:27,2
DA:28,1
DA:31,1
DA:32,0
DA:33,0
DA:37,1
DA:38,0
DA:40,1
DA:44,6
DA:46,6
DA:47,1
DA:50,5
DA:51,5
DA:52,1
DA:54,4
DA:55,1
DA:58,3
DA:59,2
DA:60,2
DA:61,2
DA:63,2
DA:64,1
DA:68,2
DA:72,5
LF:37
LH:33
BRDA:4,0,0,0
BRDA:4,0,1,3
BRDA:10,1,0,3
BRDA:10,1,1,2
BRDA:10,1,2,2
BRDA:20,2,0,2
BRDA:20,2,1,3
BRDA:20,3,0,5
BRDA:20,3,1,4
BRDA:20,3,2,3
BRDA:20,3,3,3
BRDA:20,3,4,3
BRDA:24,4,0,1
BRDA:24,4,1,2
BRDA:24,5,0,3
BRDA:24,5,1,3
BRDA:27,6,0,1
BRDA:27,6,1,1
BRDA:27,7,0,2
BRDA:27,7,1,2
BRDA:31,8,0,0
BRDA:31,8,1,1
BRDA:37,9,0,0
BRDA:37,9,1,1
BRDA:46,10,0,1
BRDA:46,10,1,5
BRDA:46,11,0,6
BRDA:46,11,1,4
BRDA:46,11,2,3
BRDA:46,11,3,3
BRDA:46,11,4,3
BRDA:46,11,5,3
BRDA:51,12,0,1
BRDA:51,12,1,4
BRDA:51,13,0,5
BRDA:51,13,1,2
BRDA:54,14,0,1
BRDA:54,14,1,3
BRDA:54,15,0,4
BRDA:54,15,1,1
BRDA:58,16,0,2
BRDA:58,16,1,1
BRDA:59,17,0,2
BRDA:59,17,1,0
BRDA:63,18,0,1
BRDA:63,18,1,1
BRF:46
BRH:42
end_of_record
TN:
SF:models\perguntaModel.js
FN:2,(anonymous_0)
FNF:1
FNH:1
FNDA:11,(anonymous_0)
DA:3,11
DA:4,11
DA:5,11
DA:6,11
DA:7,11
DA:8,11
DA:12,19
LF:7
LH:7
BRF:0
BRH:0
end_of_record
TN:
SF:models\usuarioModel.js
FN:2,(anonymous_0)
FN:16,(anonymous_1)
FNF:2
FNH:2
FNDA:10,(anonymous_0)
FNDA:1,(anonymous_1)
DA:3,10
DA:4,10
DA:5,10
DA:6,10
DA:7,10
DA:8,10
DA:9,10
DA:10,10
DA:11,10
DA:12,10
DA:17,1
DA:29,14
LF:12
LH:12
BRF:0
BRH:0
end_of_record
TN:
SF:repositories\otpRepository.js
FN:4,(anonymous_0)
FN:21,(anonymous_1)
FN:28,(anonymous_2)
FNF:3
FNH:3
FNDA:2,(anonymous_0)
FNDA:2,(anonymous_1)
FNDA:1,(anonymous_2)
DA:1,8
DA:5,2
DA:13,2
DA:14,2
DA:22,2
DA:26,2
DA:29,1
DA:32,8
LF:8
LH:8
BRF:0
BRH:0
end_of_record
TN:
SF:repositories\perguntasRepository.js
FN:5,(anonymous_0)
FN:7,(anonymous_1)
FN:10,(anonymous_2)
FN:15,(anonymous_3)
FN:20,(anonymous_4)
FN:23,(anonymous_5)
FN:32,(anonymous_6)
FN:51,(anonymous_7)
FNF:8
FNH:8
FNDA:2,(anonymous_0)
FNDA:2,(anonymous_1)
FNDA:4,(anonymous_2)
FNDA:1,(anonymous_3)
FNDA:1,(anonymous_4)
FNDA:2,(anonymous_5)
FNDA:5,(anonymous_6)
FNDA:3,(anonymous_7)
DA:1,18
DA:2,18
DA:6,2
DA:7,2
DA:11,4
DA:12,4
DA:16,1
DA:20,1
DA:25,2
DA:29,2
DA:33,5
DA:34,5
DA:35,2
DA:36,2
DA:37,2
DA:38,2
DA:40,2
DA:44,2
DA:48,2
DA:52,3
DA:53,3
DA:57,18
LF:22
LH:22
BRDA:12,0,0,2
BRDA:12,0,1,2
BRDA:34,1,0,3
BRDA:34,1,1,2
BRDA:35,2,0,2
BRDA:35,2,1,1
BRDA:36,3,0,2
BRDA:36,3,1,2
BRDA:37,4,0,2
BRDA:37,4,1,1
BRDA:38,5,0,2
BRDA:38,5,1,2
BRDA:40,6,0,0
BRDA:40,6,1,2
BRDA:53,7,0,1
BRDA:53,7,1,2
BRF:16
BRH:15
end_of_record
TN:
SF:repositories\usuarioRepository.js
FN:6,(anonymous_0)
FN:8,(anonymous_1)
FN:10,(anonymous_2)
FN:15,(anonymous_3)
FN:19,(anonymous_4)
FN:37,(anonymous_5)
FN:57,(anonymous_6)
FN:62,(anonymous_7)
FN:71,(anonymous_8)
FN:78,(anonymous_9)
FN:85,(anonymous_10)
FNF:11
FNH:10
FNDA:1,(anonymous_0)
FNDA:1,(anonymous_1)
FNDA:4,(anonymous_2)
FNDA:3,(anonymous_3)
FNDA:3,(anonymous_4)
FNDA:3,(anonymous_5)
FNDA:3,(anonymous_6)
FNDA:0,(anonymous_7)
FNDA:2,(anonymous_8)
FNDA:2,(anonymous_9)
FNDA:2,(anonymous_10)
DA:1,13
DA:2,13
DA:7,1
DA:8,1
DA:11,4
DA:12,4
DA:16,3
DA:17,3
DA:20,3
DA:22,3
DA:23,3
DA:24,2
DA:27,1
DA:28,1
DA:30,1
DA:35,1
DA:39,3
DA:40,3
DA:43,2
DA:44,2
DA:45,2
DA:46,2
DA:47,2
DA:48,2
DA:50,2
DA:54,2
DA:58,3
DA:59,3
DA:63,0
DA:64,0
DA:68,0
DA:72,2
DA:79,2
DA:86,2
DA:94,13
LF:35
LH:32
BRDA:12,0,0,2
BRDA:12,0,1,2
BRDA:17,1,0,2
BRDA:17,1,1,1
BRDA:23,2,0,2
BRDA:23,2,1,1
BRDA:27,3,0,1
BRDA:27,3,1,0
BRDA:40,4,0,1
BRDA:40,4,1,2
BRDA:43,5,0,2
BRDA:43,5,1,0
BRDA:44,6,0,2
BRDA:44,6,1,2
BRDA:45,7,0,2
BRDA:45,7,1,2
BRDA:46,8,0,2
BRDA:46,8,1,2
BRDA:47,9,0,2
BRDA:47,9,1,2
BRDA:48,10,0,2
BRDA:48,10,1,2
BRDA:59,11,0,1
BRDA:59,11,1,2
BRDA:68,12,0,0
BRDA:68,12,1,0
BRF:26
BRH:22
end_of_record
TN:
SF:routes\perguntasRoutes.js
FN:7,(anonymous_0)
FN:12,(anonymous_1)
FNF:2
FNH:2
FNDA:3,(anonymous_0)
FNDA:3,(anonymous_1)
DA:1,3
DA:2,3
DA:3,3
DA:4,3
DA:8,3
DA:9,3
DA:23,3
DA:43,3
DA:63,3
DA:95,3
DA:136,3
DA:156,3
DA:160,3
LF:13
LH:13
BRF:0
BRH:0
end_of_record
TN:
SF:routes\usuarioRoutes.js
FN:10,(anonymous_0)
FN:15,(anonymous_1)
FN:183,(anonymous_2)
FNF:3
FNH:3
FNDA:3,(anonymous_0)
FNDA:3,(anonymous_1)
FNDA:3,(anonymous_2)
DA:1,3
DA:2,3
DA:3,3
DA:4,3
DA:5,3
DA:6,3
DA:11,3
DA:12,3
DA:26,3
DA:47,3
DA:84,3
DA:124,3
DA:144,3
DA:175,3
DA:177,3
DA:179,3
DA:180,3
DA:184,3
DA:188,3
LF:19
LH:19
BRF:0
BRH:0
end_of_record
TN:
SF:services\authService.js
FN:4,(anonymous_0)
FN:9,(anonymous_1)
FN:16,(anonymous_2)
FN:20,(anonymous_3)
FNF:4
FNH:4
FNDA:14,(anonymous_0)
FNDA:8,(anonymous_1)
FNDA:3,(anonymous_2)
FNDA:2,(anonymous_3)
DA:1,14
DA:5,14
DA:6,14
DA:10,8
DA:11,0
DA:13,8
DA:17,3
DA:21,2
DA:22,0
DA:24,2
DA:30,14
LF:11
LH:9
BRDA:9,0,0,1
BRDA:10,1,0,0
BRDA:10,1,1,8
BRDA:16,2,0,1
BRDA:21,3,0,0
BRDA:21,3,1,2
BRF:6
BRH:4
end_of_record
TN:
SF:services\emailService.js
FN:4,getLogoPath
FN:8,buildOtpEmailHtml
FN:55,sendOtpEmail
FNF:3
FNH:3
FNDA:1,getLogoPath
FNDA:1,buildOtpEmailHtml
FNDA:1,sendOtpEmail
DA:1,7
DA:2,7
DA:5,1
DA:9,1
DA:10,1
DA:13,1
DA:56,1
DA:64,1
DA:79,7
LF:9
LH:9
BRF:0
BRH:0
end_of_record
TN:
SF:services\otpService.js
FN:9,(anonymous_0)
FN:51,(anonymous_1)
FNF:2
FNH:1
FNDA:0,(anonymous_0)
FNDA:2,(anonymous_1)
DA:1,6
DA:2,6
DA:3,6
DA:4,6
DA:5,6
DA:6,6
DA:10,0
DA:13,0
DA:14,0
DA:15,0
DA:19,0
DA:20,0
DA:21,0
DA:22,0
DA:23,0
DA:24,0
DA:25,0
DA:26,0
DA:30,0
DA:33,0
DA:34,0
DA:35,0
DA:36,0
DA:38,0
DA:41,0
DA:45,0
DA:46,0
DA:48,0
DA:52,2
DA:53,2
DA:54,1
DA:57,1
DA:58,1
DA:61,1
DA:69,1
DA:71,1
DA:75,6
LF:37
LH:15
BRDA:14,0,0,0
BRDA:14,0,1,0
BRDA:20,1,0,0
BRDA:20,1,1,0
BRDA:21,2,0,0
BRDA:21,2,1,0
BRDA:21,3,0,0
BRDA:21,3,1,0
BRDA:25,4,0,0
BRDA:25,4,1,0
BRDA:33,5,0,0
BRDA:33,5,1,0
BRDA:35,6,0,0
BRDA:35,6,1,0
BRDA:35,7,0,0
BRDA:35,7,1,0
BRDA:45,8,0,0
BRDA:45,8,1,0
BRDA:53,9,0,1
BRDA:53,9,1,1
BRDA:64,10,0,1
BRDA:64,10,1,1
BRF:22
BRH:4
end_of_record
TN:
SF:services\perguntasService.js
FN:4,(anonymous_0)
FN:7,(anonymous_1)
FN:10,(anonymous_2)
FN:13,(anonymous_3)
FN:16,(anonymous_4)
FN:19,(anonymous_5)
FNF:6
FNH:6
FNDA:3,(anonymous_0)
FNDA:1,(anonymous_1)
FNDA:1,(anonymous_2)
FNDA:1,(anonymous_3)
FNDA:1,(anonymous_4)
FNDA:1,(anonymous_5)
DA:1,15
DA:5,3
DA:8,1
DA:11,1
DA:14,1
DA:17,1
DA:20,1
DA:24,15
LF:8
LH:8
BRF:0
BRH:0
end_of_record
TN:
SF:services\usuarioService.js
FN:9,(anonymous_0)
FN:34,(anonymous_1)
FN:39,(anonymous_2)
FN:44,(anonymous_3)
FN:51,(anonymous_4)
FN:71,(anonymous_5)
FN:76,(anonymous_6)
FN:107,(anonymous_7)
FNF:8
FNH:7
FNDA:10,(anonymous_0)
FNDA:1,(anonymous_1)
FNDA:2,(anonymous_2)
FNDA:2,(anonymous_3)
FNDA:2,(anonymous_4)
FNDA:2,(anonymous_5)
FNDA:0,(anonymous_6)
FNDA:9,(anonymous_7)
DA:1,10
DA:2,10
DA:3,10
DA:4,10
DA:6,10
DA:7,10
DA:9,10
DA:10,10
DA:11,8
DA:12,8
DA:13,0
DA:14,0
DA:16,0
DA:19,8
DA:20,8
DA:22,8
DA:35,1
DA:36,1
DA:40,2
DA:41,2
DA:45,2
DA:46,2
DA:47,1
DA:48,1
DA:52,2
DA:53,2
DA:54,1
DA:55,1
DA:56,1
DA:58,1
DA:59,1
DA:60,1
DA:61,1
DA:62,0
DA:64,1
DA:66,1
DA:67,1
DA:68,1
DA:72,2
DA:73,2
DA:77,0
DA:78,0
DA:80,0
DA:81,0
DA:83,0
DA:89,0
DA:90,0
DA:91,0
DA:92,0
DA:94,0
DA:96,0
DA:103,0
DA:104,0
DA:108,9
DA:110,9
DA:111,2
DA:114,7
DA:115,2
DA:116,2
DA:121,5
DA:122,5
DA:123,3
DA:124,3
DA:126,3
DA:127,1
DA:128,1
DA:132,2
DA:135,2
DA:137,2
DA:144,2
DA:156,10
LF:71
LH:54
BRDA:10,0,0,2
BRDA:10,0,1,8
BRDA:12,1,0,0
BRDA:12,1,1,8
BRDA:19,2,0,8
BRDA:19,2,1,0
BRDA:28,3,0,8
BRDA:28,3,1,8
BRDA:53,4,0,1
BRDA:53,4,1,1
BRDA:55,5,0,1
BRDA:55,5,1,0
BRDA:55,6,0,1
BRDA:55,6,1,1
BRDA:59,7,0,1
BRDA:59,7,1,0
BRDA:61,8,0,0
BRDA:61,8,1,1
BRDA:78,9,0,0
BRDA:78,9,1,0
BRDA:80,10,0,0
BRDA:80,10,1,0
BRDA:81,11,0,0
BRDA:81,11,1,0
BRDA:83,12,0,0
BRDA:83,12,1,0
BRDA:98,13,0,0
BRDA:98,13,1,0
BRDA:110,14,0,2
BRDA:110,14,1,7
BRDA:114,15,0,2
BRDA:114,15,1,5
BRDA:114,16,0,7
BRDA:114,16,1,2
BRDA:122,17,0,3
BRDA:122,17,1,2
BRDA:124,18,0,3
BRDA:124,18,1,2
BRDA:126,19,0,1
BRDA:126,19,1,2
BRDA:141,20,0,2
BRDA:141,20,1,2
BRF:42
BRH:27
end_of_record
TN:
SF:swagger\swaggerConfig.js
FNF:0
FNH:0
DA:1,3
DA:3,3
DA:20,3
DA:22,3
LF:4
LH:4
BRF:0
BRH:0
end_of_record
TN:
SF:test\soma.js
FN:1,soma
FNF:1
FNH:1
FNDA:1,soma
DA:2,1
DA:4,1
LF:2
LH:2
BRF:0
BRH:0
end_of_record
TN:
SF:utils\errorResponse.js
FN:1,(anonymous_0)
FN:9,(anonymous_1)
FN:16,(anonymous_2)
FNF:3
FNH:3
FNDA:32,(anonymous_0)
FNDA:9,(anonymous_1)
FNDA:11,(anonymous_2)
DA:1,16
DA:2,32
DA:3,32
DA:4,1
DA:6,32
DA:9,16
DA:16,16
DA:17,11
DA:18,11
DA:21,11
DA:29,16
LF:11
LH:11
BRDA:3,0,0,1
BRDA:3,0,1,31
BRDA:17,1,0,11
BRDA:17,1,1,11
BRDA:17,1,2,10
BRDA:18,2,0,1
BRDA:18,2,1,10
BRDA:19,3,0,1
BRDA:19,3,1,0
BRDA:22,4,0,11
BRDA:22,4,1,10
BRDA:23,5,0,11
BRDA:23,5,1,10
BRF:13
BRH:12
end_of_record
